<?xml version="1.0" encoding="UTF-8"?>
<testsuite xmlns:xsi="http://www.w3.org/2001/XMLSchema-instance" xsi:noNamespaceSchemaLocation="https://maven.apache.org/surefire/maven-surefire-plugin/xsd/surefire-test-report-3.0.xsd" version="3.0" name="com.netgear.test.ExtractProduct" time="300.594" tests="1" errors="0" skipped="0" failures="0">
  <properties>
    <property name="java.specification.version" value="21"/>
    <property name="webdriver.chrome.driver" value="C:\Users\7N\.cache\selenium\chromedriver\win64\134.0.6998.165\chromedriver.exe"/>
    <property name="sun.cpu.isalist" value="amd64"/>
    <property name="sun.jnu.encoding" value="Cp1252"/>
    <property name="java.class.path" value="C:\Automation\netgear-new\target\test-classes;C:\Automation\netgear-new\target\classes;C:\Users\7N\.m2\repository\org\json\json\20240303\json-20240303.jar;C:\Users\7N\.m2\repository\org\seleniumhq\selenium\selenium-java\4.26.0\selenium-java-4.26.0.jar;C:\Users\7N\.m2\repository\org\seleniumhq\selenium\selenium-api\4.26.0\selenium-api-4.26.0.jar;C:\Users\7N\.m2\repository\org\jspecify\jspecify\1.0.0\jspecify-1.0.0.jar;C:\Users\7N\.m2\repository\org\seleniumhq\selenium\selenium-chrome-driver\4.26.0\selenium-chrome-driver-4.26.0.jar;C:\Users\7N\.m2\repository\com\google\auto\service\auto-service-annotations\1.1.1\auto-service-annotations-1.1.1.jar;C:\Users\7N\.m2\repository\org\seleniumhq\selenium\selenium-chromium-driver\4.26.0\selenium-chromium-driver-4.26.0.jar;C:\Users\7N\.m2\repository\org\seleniumhq\selenium\selenium-json\4.26.0\selenium-json-4.26.0.jar;C:\Users\7N\.m2\repository\org\seleniumhq\selenium\selenium-manager\4.26.0\selenium-manager-4.26.0.jar;C:\Users\7N\.m2\repository\org\seleniumhq\selenium\selenium-devtools-v128\4.26.0\selenium-devtools-v128-4.26.0.jar;C:\Users\7N\.m2\repository\org\seleniumhq\selenium\selenium-devtools-v129\4.26.0\selenium-devtools-v129-4.26.0.jar;C:\Users\7N\.m2\repository\org\seleniumhq\selenium\selenium-devtools-v130\4.26.0\selenium-devtools-v130-4.26.0.jar;C:\Users\7N\.m2\repository\org\seleniumhq\selenium\selenium-devtools-v85\4.26.0\selenium-devtools-v85-4.26.0.jar;C:\Users\7N\.m2\repository\org\seleniumhq\selenium\selenium-edge-driver\4.26.0\selenium-edge-driver-4.26.0.jar;C:\Users\7N\.m2\repository\org\seleniumhq\selenium\selenium-firefox-driver\4.26.0\selenium-firefox-driver-4.26.0.jar;C:\Users\7N\.m2\repository\org\seleniumhq\selenium\selenium-http\4.26.0\selenium-http-4.26.0.jar;C:\Users\7N\.m2\repository\dev\failsafe\failsafe\3.3.2\failsafe-3.3.2.jar;C:\Users\7N\.m2\repository\org\seleniumhq\selenium\selenium-ie-driver\4.26.0\selenium-ie-driver-4.26.0.jar;C:\Users\7N\.m2\repository\org\seleniumhq\selenium\selenium-remote-driver\4.26.0\selenium-remote-driver-4.26.0.jar;C:\Users\7N\.m2\repository\com\google\guava\guava\33.3.1-jre\guava-33.3.1-jre.jar;C:\Users\7N\.m2\repository\com\google\guava\failureaccess\1.0.2\failureaccess-1.0.2.jar;C:\Users\7N\.m2\repository\com\google\guava\listenablefuture\9999.0-empty-to-avoid-conflict-with-guava\listenablefuture-9999.0-empty-to-avoid-conflict-with-guava.jar;C:\Users\7N\.m2\repository\com\google\code\findbugs\jsr305\3.0.2\jsr305-3.0.2.jar;C:\Users\7N\.m2\repository\org\checkerframework\checker-qual\3.43.0\checker-qual-3.43.0.jar;C:\Users\7N\.m2\repository\com\google\j2objc\j2objc-annotations\3.0.0\j2objc-annotations-3.0.0.jar;C:\Users\7N\.m2\repository\io\opentelemetry\semconv\opentelemetry-semconv\1.25.0-alpha\opentelemetry-semconv-1.25.0-alpha.jar;C:\Users\7N\.m2\repository\io\opentelemetry\opentelemetry-api\1.43.0\opentelemetry-api-1.43.0.jar;C:\Users\7N\.m2\repository\io\opentelemetry\opentelemetry-context\1.43.0\opentelemetry-context-1.43.0.jar;C:\Users\7N\.m2\repository\io\opentelemetry\opentelemetry-exporter-logging\1.43.0\opentelemetry-exporter-logging-1.43.0.jar;C:\Users\7N\.m2\repository\io\opentelemetry\opentelemetry-sdk-common\1.43.0\opentelemetry-sdk-common-1.43.0.jar;C:\Users\7N\.m2\repository\io\opentelemetry\opentelemetry-sdk-extension-autoconfigure-spi\1.43.0\opentelemetry-sdk-extension-autoconfigure-spi-1.43.0.jar;C:\Users\7N\.m2\repository\io\opentelemetry\opentelemetry-sdk-extension-autoconfigure\1.43.0\opentelemetry-sdk-extension-autoconfigure-1.43.0.jar;C:\Users\7N\.m2\repository\io\opentelemetry\opentelemetry-api-incubator\1.43.0-alpha\opentelemetry-api-incubator-1.43.0-alpha.jar;C:\Users\7N\.m2\repository\io\opentelemetry\opentelemetry-sdk-trace\1.43.0\opentelemetry-sdk-trace-1.43.0.jar;C:\Users\7N\.m2\repository\io\opentelemetry\opentelemetry-sdk\1.43.0\opentelemetry-sdk-1.43.0.jar;C:\Users\7N\.m2\repository\io\opentelemetry\opentelemetry-sdk-metrics\1.43.0\opentelemetry-sdk-metrics-1.43.0.jar;C:\Users\7N\.m2\repository\io\opentelemetry\opentelemetry-sdk-logs\1.43.0\opentelemetry-sdk-logs-1.43.0.jar;C:\Users\7N\.m2\repository\net\bytebuddy\byte-buddy\1.15.7\byte-buddy-1.15.7.jar;C:\Users\7N\.m2\repository\org\seleniumhq\selenium\selenium-os\4.26.0\selenium-os-4.26.0.jar;C:\Users\7N\.m2\repository\org\apache\commons\commons-exec\1.4.0\commons-exec-1.4.0.jar;C:\Users\7N\.m2\repository\org\seleniumhq\selenium\selenium-safari-driver\4.26.0\selenium-safari-driver-4.26.0.jar;C:\Users\7N\.m2\repository\org\seleniumhq\selenium\selenium-support\4.26.0\selenium-support-4.26.0.jar;C:\Users\7N\.m2\repository\io\github\bonigarcia\webdrivermanager\5.9.2\webdrivermanager-5.9.2.jar;C:\Users\7N\.m2\repository\org\slf4j\slf4j-api\2.0.13\slf4j-api-2.0.13.jar;C:\Users\7N\.m2\repository\com\google\code\gson\gson\2.11.0\gson-2.11.0.jar;C:\Users\7N\.m2\repository\com\google\errorprone\error_prone_annotations\2.27.0\error_prone_annotations-2.27.0.jar;C:\Users\7N\.m2\repository\com\github\docker-java\docker-java\3.4.0\docker-java-3.4.0.jar;C:\Users\7N\.m2\repository\com\github\docker-java\docker-java-core\3.4.0\docker-java-core-3.4.0.jar;C:\Users\7N\.m2\repository\com\github\docker-java\docker-java-api\3.4.0\docker-java-api-3.4.0.jar;C:\Users\7N\.m2\repository\com\fasterxml\jackson\core\jackson-annotations\2.10.3\jackson-annotations-2.10.3.jar;C:\Users\7N\.m2\repository\com\fasterxml\jackson\core\jackson-databind\2.10.3\jackson-databind-2.10.3.jar;C:\Users\7N\.m2\repository\com\fasterxml\jackson\core\jackson-core\2.10.3\jackson-core-2.10.3.jar;C:\Users\7N\.m2\repository\org\slf4j\jcl-over-slf4j\1.7.30\jcl-over-slf4j-1.7.30.jar;C:\Users\7N\.m2\repository\com\github\docker-java\docker-java-transport-httpclient5\3.4.0\docker-java-transport-httpclient5-3.4.0.jar;C:\Users\7N\.m2\repository\com\github\docker-java\docker-java-transport\3.4.0\docker-java-transport-3.4.0.jar;C:\Users\7N\.m2\repository\net\java\dev\jna\jna\5.13.0\jna-5.13.0.jar;C:\Users\7N\.m2\repository\org\brotli\dec\0.1.2\dec-0.1.2.jar;C:\Users\7N\.m2\repository\org\apache\commons\commons-lang3\3.15.0\commons-lang3-3.15.0.jar;C:\Users\7N\.m2\repository\org\apache\commons\commons-compress\1.26.2\commons-compress-1.26.2.jar;C:\Users\7N\.m2\repository\commons-codec\commons-codec\1.17.0\commons-codec-1.17.0.jar;C:\Users\7N\.m2\repository\commons-io\commons-io\2.16.1\commons-io-2.16.1.jar;C:\Users\7N\.m2\repository\org\apache\httpcomponents\client5\httpclient5\5.2.1\httpclient5-5.2.1.jar;C:\Users\7N\.m2\repository\org\apache\httpcomponents\core5\httpcore5\5.2\httpcore5-5.2.jar;C:\Users\7N\.m2\repository\org\apache\httpcomponents\core5\httpcore5-h2\5.2\httpcore5-h2-5.2.jar;C:\Users\7N\.m2\repository\org\testng\testng\7.7.1\testng-7.7.1.jar;C:\Users\7N\.m2\repository\com\beust\jcommander\1.82\jcommander-1.82.jar;C:\Users\7N\.m2\repository\org\webjars\jquery\3.6.1\jquery-3.6.1.jar;C:\Users\7N\.m2\repository\com\aventstack\extentreports\5.1.1\extentreports-5.1.1.jar;C:\Users\7N\.m2\repository\io\reactivex\rxjava3\rxjava\3.1.6\rxjava-3.1.6.jar;C:\Users\7N\.m2\repository\org\reactivestreams\reactive-streams\1.0.4\reactive-streams-1.0.4.jar;C:\Users\7N\.m2\repository\org\freemarker\freemarker\2.3.32\freemarker-2.3.32.jar;C:\Users\7N\.m2\repository\org\projectlombok\lombok\1.18.34\lombok-1.18.34.jar;C:\Users\7N\.m2\repository\org\projectlombok\lombok-mapstruct-binding\0.2.0\lombok-mapstruct-binding-0.2.0.jar;"/>
    <property name="java.vm.vendor" value="Oracle Corporation"/>
    <property name="sun.arch.data.model" value="64"/>
    <property name="user.variant" value=""/>
    <property name="java.vendor.url" value="https://java.oracle.com/"/>
    <property name="user.timezone" value="Asia/Calcutta"/>
    <property name="os.name" value="Windows 11"/>
    <property name="java.vm.specification.version" value="21"/>
    <property name="sun.java.launcher" value="SUN_STANDARD"/>
    <property name="user.country" value="IN"/>
    <property name="sun.boot.library.path" value="C:\Program Files\Java\jdk-21\bin"/>
    <property name="sun.java.command" value="C:\Users\7N\AppData\Local\Temp\surefire10683094357932727662\surefirebooter-20250326132251492_3.jar C:\Users\7N\AppData\Local\Temp\surefire10683094357932727662 2025-03-26T13-22-51_174-jvmRun1 surefire-20250326132251492_1tmp surefire_0-20250326132251492_2tmp"/>
    <property name="jdk.debug" value="release"/>
    <property name="test" value="ExtractProduct"/>
    <property name="surefire.test.class.path" value="C:\Automation\netgear-new\target\test-classes;C:\Automation\netgear-new\target\classes;C:\Users\7N\.m2\repository\org\json\json\20240303\json-20240303.jar;C:\Users\7N\.m2\repository\org\seleniumhq\selenium\selenium-java\4.26.0\selenium-java-4.26.0.jar;C:\Users\7N\.m2\repository\org\seleniumhq\selenium\selenium-api\4.26.0\selenium-api-4.26.0.jar;C:\Users\7N\.m2\repository\org\jspecify\jspecify\1.0.0\jspecify-1.0.0.jar;C:\Users\7N\.m2\repository\org\seleniumhq\selenium\selenium-chrome-driver\4.26.0\selenium-chrome-driver-4.26.0.jar;C:\Users\7N\.m2\repository\com\google\auto\service\auto-service-annotations\1.1.1\auto-service-annotations-1.1.1.jar;C:\Users\7N\.m2\repository\org\seleniumhq\selenium\selenium-chromium-driver\4.26.0\selenium-chromium-driver-4.26.0.jar;C:\Users\7N\.m2\repository\org\seleniumhq\selenium\selenium-json\4.26.0\selenium-json-4.26.0.jar;C:\Users\7N\.m2\repository\org\seleniumhq\selenium\selenium-manager\4.26.0\selenium-manager-4.26.0.jar;C:\Users\7N\.m2\repository\org\seleniumhq\selenium\selenium-devtools-v128\4.26.0\selenium-devtools-v128-4.26.0.jar;C:\Users\7N\.m2\repository\org\seleniumhq\selenium\selenium-devtools-v129\4.26.0\selenium-devtools-v129-4.26.0.jar;C:\Users\7N\.m2\repository\org\seleniumhq\selenium\selenium-devtools-v130\4.26.0\selenium-devtools-v130-4.26.0.jar;C:\Users\7N\.m2\repository\org\seleniumhq\selenium\selenium-devtools-v85\4.26.0\selenium-devtools-v85-4.26.0.jar;C:\Users\7N\.m2\repository\org\seleniumhq\selenium\selenium-edge-driver\4.26.0\selenium-edge-driver-4.26.0.jar;C:\Users\7N\.m2\repository\org\seleniumhq\selenium\selenium-firefox-driver\4.26.0\selenium-firefox-driver-4.26.0.jar;C:\Users\7N\.m2\repository\org\seleniumhq\selenium\selenium-http\4.26.0\selenium-http-4.26.0.jar;C:\Users\7N\.m2\repository\dev\failsafe\failsafe\3.3.2\failsafe-3.3.2.jar;C:\Users\7N\.m2\repository\org\seleniumhq\selenium\selenium-ie-driver\4.26.0\selenium-ie-driver-4.26.0.jar;C:\Users\7N\.m2\repository\org\seleniumhq\selenium\selenium-remote-driver\4.26.0\selenium-remote-driver-4.26.0.jar;C:\Users\7N\.m2\repository\com\google\guava\guava\33.3.1-jre\guava-33.3.1-jre.jar;C:\Users\7N\.m2\repository\com\google\guava\failureaccess\1.0.2\failureaccess-1.0.2.jar;C:\Users\7N\.m2\repository\com\google\guava\listenablefuture\9999.0-empty-to-avoid-conflict-with-guava\listenablefuture-9999.0-empty-to-avoid-conflict-with-guava.jar;C:\Users\7N\.m2\repository\com\google\code\findbugs\jsr305\3.0.2\jsr305-3.0.2.jar;C:\Users\7N\.m2\repository\org\checkerframework\checker-qual\3.43.0\checker-qual-3.43.0.jar;C:\Users\7N\.m2\repository\com\google\j2objc\j2objc-annotations\3.0.0\j2objc-annotations-3.0.0.jar;C:\Users\7N\.m2\repository\io\opentelemetry\semconv\opentelemetry-semconv\1.25.0-alpha\opentelemetry-semconv-1.25.0-alpha.jar;C:\Users\7N\.m2\repository\io\opentelemetry\opentelemetry-api\1.43.0\opentelemetry-api-1.43.0.jar;C:\Users\7N\.m2\repository\io\opentelemetry\opentelemetry-context\1.43.0\opentelemetry-context-1.43.0.jar;C:\Users\7N\.m2\repository\io\opentelemetry\opentelemetry-exporter-logging\1.43.0\opentelemetry-exporter-logging-1.43.0.jar;C:\Users\7N\.m2\repository\io\opentelemetry\opentelemetry-sdk-common\1.43.0\opentelemetry-sdk-common-1.43.0.jar;C:\Users\7N\.m2\repository\io\opentelemetry\opentelemetry-sdk-extension-autoconfigure-spi\1.43.0\opentelemetry-sdk-extension-autoconfigure-spi-1.43.0.jar;C:\Users\7N\.m2\repository\io\opentelemetry\opentelemetry-sdk-extension-autoconfigure\1.43.0\opentelemetry-sdk-extension-autoconfigure-1.43.0.jar;C:\Users\7N\.m2\repository\io\opentelemetry\opentelemetry-api-incubator\1.43.0-alpha\opentelemetry-api-incubator-1.43.0-alpha.jar;C:\Users\7N\.m2\repository\io\opentelemetry\opentelemetry-sdk-trace\1.43.0\opentelemetry-sdk-trace-1.43.0.jar;C:\Users\7N\.m2\repository\io\opentelemetry\opentelemetry-sdk\1.43.0\opentelemetry-sdk-1.43.0.jar;C:\Users\7N\.m2\repository\io\opentelemetry\opentelemetry-sdk-metrics\1.43.0\opentelemetry-sdk-metrics-1.43.0.jar;C:\Users\7N\.m2\repository\io\opentelemetry\opentelemetry-sdk-logs\1.43.0\opentelemetry-sdk-logs-1.43.0.jar;C:\Users\7N\.m2\repository\net\bytebuddy\byte-buddy\1.15.7\byte-buddy-1.15.7.jar;C:\Users\7N\.m2\repository\org\seleniumhq\selenium\selenium-os\4.26.0\selenium-os-4.26.0.jar;C:\Users\7N\.m2\repository\org\apache\commons\commons-exec\1.4.0\commons-exec-1.4.0.jar;C:\Users\7N\.m2\repository\org\seleniumhq\selenium\selenium-safari-driver\4.26.0\selenium-safari-driver-4.26.0.jar;C:\Users\7N\.m2\repository\org\seleniumhq\selenium\selenium-support\4.26.0\selenium-support-4.26.0.jar;C:\Users\7N\.m2\repository\io\github\bonigarcia\webdrivermanager\5.9.2\webdrivermanager-5.9.2.jar;C:\Users\7N\.m2\repository\org\slf4j\slf4j-api\2.0.13\slf4j-api-2.0.13.jar;C:\Users\7N\.m2\repository\com\google\code\gson\gson\2.11.0\gson-2.11.0.jar;C:\Users\7N\.m2\repository\com\google\errorprone\error_prone_annotations\2.27.0\error_prone_annotations-2.27.0.jar;C:\Users\7N\.m2\repository\com\github\docker-java\docker-java\3.4.0\docker-java-3.4.0.jar;C:\Users\7N\.m2\repository\com\github\docker-java\docker-java-core\3.4.0\docker-java-core-3.4.0.jar;C:\Users\7N\.m2\repository\com\github\docker-java\docker-java-api\3.4.0\docker-java-api-3.4.0.jar;C:\Users\7N\.m2\repository\com\fasterxml\jackson\core\jackson-annotations\2.10.3\jackson-annotations-2.10.3.jar;C:\Users\7N\.m2\repository\com\fasterxml\jackson\core\jackson-databind\2.10.3\jackson-databind-2.10.3.jar;C:\Users\7N\.m2\repository\com\fasterxml\jackson\core\jackson-core\2.10.3\jackson-core-2.10.3.jar;C:\Users\7N\.m2\repository\org\slf4j\jcl-over-slf4j\1.7.30\jcl-over-slf4j-1.7.30.jar;C:\Users\7N\.m2\repository\com\github\docker-java\docker-java-transport-httpclient5\3.4.0\docker-java-transport-httpclient5-3.4.0.jar;C:\Users\7N\.m2\repository\com\github\docker-java\docker-java-transport\3.4.0\docker-java-transport-3.4.0.jar;C:\Users\7N\.m2\repository\net\java\dev\jna\jna\5.13.0\jna-5.13.0.jar;C:\Users\7N\.m2\repository\org\brotli\dec\0.1.2\dec-0.1.2.jar;C:\Users\7N\.m2\repository\org\apache\commons\commons-lang3\3.15.0\commons-lang3-3.15.0.jar;C:\Users\7N\.m2\repository\org\apache\commons\commons-compress\1.26.2\commons-compress-1.26.2.jar;C:\Users\7N\.m2\repository\commons-codec\commons-codec\1.17.0\commons-codec-1.17.0.jar;C:\Users\7N\.m2\repository\commons-io\commons-io\2.16.1\commons-io-2.16.1.jar;C:\Users\7N\.m2\repository\org\apache\httpcomponents\client5\httpclient5\5.2.1\httpclient5-5.2.1.jar;C:\Users\7N\.m2\repository\org\apache\httpcomponents\core5\httpcore5\5.2\httpcore5-5.2.jar;C:\Users\7N\.m2\repository\org\apache\httpcomponents\core5\httpcore5-h2\5.2\httpcore5-h2-5.2.jar;C:\Users\7N\.m2\repository\org\testng\testng\7.7.1\testng-7.7.1.jar;C:\Users\7N\.m2\repository\com\beust\jcommander\1.82\jcommander-1.82.jar;C:\Users\7N\.m2\repository\org\webjars\jquery\3.6.1\jquery-3.6.1.jar;C:\Users\7N\.m2\repository\com\aventstack\extentreports\5.1.1\extentreports-5.1.1.jar;C:\Users\7N\.m2\repository\io\reactivex\rxjava3\rxjava\3.1.6\rxjava-3.1.6.jar;C:\Users\7N\.m2\repository\org\reactivestreams\reactive-streams\1.0.4\reactive-streams-1.0.4.jar;C:\Users\7N\.m2\repository\org\freemarker\freemarker\2.3.32\freemarker-2.3.32.jar;C:\Users\7N\.m2\repository\org\projectlombok\lombok\1.18.34\lombok-1.18.34.jar;C:\Users\7N\.m2\repository\org\projectlombok\lombok-mapstruct-binding\0.2.0\lombok-mapstruct-binding-0.2.0.jar;"/>
    <property name="sun.cpu.endian" value="little"/>
    <property name="user.home" value="C:\Users\7N"/>
    <property name="user.language" value="en"/>
    <property name="java.specification.vendor" value="Oracle Corporation"/>
    <property name="java.version.date" value="2024-04-16"/>
    <property name="java.home" value="C:\Program Files\Java\jdk-21"/>
    <property name="file.separator" value="\"/>
    <property name="basedir" value="C:\Automation\netgear-new"/>
    <property name="java.vm.compressedOopsMode" value="Zero based"/>
    <property name="line.separator" value="&#10;"/>
    <property name="java.vm.specification.vendor" value="Oracle Corporation"/>
    <property name="java.specification.name" value="Java Platform API Specification"/>
    <property name="surefire.real.class.path" value="C:\Users\7N\AppData\Local\Temp\surefire10683094357932727662\surefirebooter-20250326132251492_3.jar"/>
    <property name="user.script" value=""/>
    <property name="sun.management.compiler" value="HotSpot 64-Bit Tiered Compilers"/>
    <property name="java.runtime.version" value="21.0.3+7-LTS-152"/>
    <property name="user.name" value="7N"/>
    <property name="stdout.encoding" value="Cp1252"/>
    <property name="path.separator" value=";"/>
    <property name="os.version" value="10.0"/>
    <property name="java.runtime.name" value="Java(TM) SE Runtime Environment"/>
    <property name="file.encoding" value="UTF-8"/>
    <property name="java.vm.name" value="Java HotSpot(TM) 64-Bit Server VM"/>
    <property name="localRepository" value="C:\Users\7N\.m2\repository"/>
    <property name="java.vendor.url.bug" value="https://bugreport.java.com/bugreport/"/>
    <property name="java.io.tmpdir" value="C:\Users\7N\AppData\Local\Temp\"/>
    <property name="java.version" value="21.0.3"/>
    <property name="user.dir" value="C:\Automation\netgear-new"/>
    <property name="os.arch" value="amd64"/>
    <property name="java.vm.specification.name" value="Java Virtual Machine Specification"/>
    <property name="sun.os.patch.level" value=""/>
    <property name="native.encoding" value="Cp1252"/>
    <property name="java.library.path" value="C:\Program Files\Java\jdk-21\bin;C:\WINDOWS\Sun\Java\bin;C:\WINDOWS\system32;C:\WINDOWS;C:\Program Files\WindowsApps\Microsoft.PowerShell_7.5.0.0_x64__8wekyb3d8bbwe;C:\curl-8.12.1_3-win64-mingw\bin;C:\Windows\System32\WindowsPowerShell\v1.0;C:\Users\7N\Downloads\apache-maven-3.9.9-bin\apache-maven-3.9.9\bin;C:\Program Files\Java\jdk-21\bin;C:\WINDOWS\system32;C:\WINDOWS;C:\WINDOWS\System32\Wbem;C:\WINDOWS\System32\WindowsPowerShell\v1.0\;C:\WINDOWS\System32\OpenSSH\;C:\Program Files\Git\cmd;C:\Users\7N\AppData\Local\Programs\Python\Python312\Scripts\;C:\Users\7N\AppData\Local\Programs\Python\Python312\;C:\Program Files\MySQL\MySQL Shell 8.0\bin\;C:\Users\7N\AppData\Local\Programs\Python\Launcher\;C:\Users\7N\AppData\Local\Microsoft\WindowsApps;C:\Users\7N\AppData\Local\Programs\Microsoft VS Code\bin;C:\Program Files\JetBrains\PyCharm 2024.3.3\bin;;;."/>
    <property name="java.vm.info" value="mixed mode, sharing"/>
    <property name="stderr.encoding" value="Cp1252"/>
    <property name="java.vendor" value="Oracle Corporation"/>
    <property name="java.vm.version" value="21.0.3+7-LTS-152"/>
    <property name="sun.io.unicode.encoding" value="UnicodeLittle"/>
    <property name="java.class.version" value="65.0"/>
  </properties>
  <testcase name="listOfProducts" classname="com.netgear.test.ExtractProduct" time="298.77">
    <system-out><![CDATA[All category lists are : WiFi Routers
All category lists are : Orbi WiFi System
All category lists are : Nighthawk WiFi System
All category lists are : Home Networking
All category lists are : Apps & Services
All category lists are : Mobile Broadband
All category lists are : Meural
All category lists are : Insight
All category lists are : Switches
All category lists are : Business Wireless
All category lists are : Security
All category lists are : Network Storage
The link is*********** :https://stagesupport.netgear.com/support/product/be9300/
The elements text size under current version of above link********** : 3
Total links are 4
Link is:*********** https://www.downloads.netgear.com/files/GDC/BE9300/BE9300-V1.0.1.74.zip
Link is:*********** https://kb.netgear.com/000066585
Link is:*********** https://play.google.com/store/apps/details?id=com.netgear.netgearup&hl=en
Link is:*********** https://itunes.apple.com/us/app/netgear-up/id1124666597?mt=8
The link is*********** :https://stagesupport.netgear.com/support/product/rs140/
The elements text size under current version of above link********** : 2
Total links are 2
Link is:*********** https://play.google.com/store/apps/details?id=com.netgear.netgearup&hl=en
Link is:*********** https://itunes.apple.com/us/app/netgear-up/id1124666597?mt=8
The link is*********** :https://stagesupport.netgear.com/support/product/rs150/
The elements text size under current version of above link********** : 3
Total links are 4
Link is:*********** https://www.downloads.netgear.com/files/GDC/RS150/RS150-V1.0.1.74.zip
Link is:*********** https://kb.netgear.com/000066568
Link is:*********** https://play.google.com/store/apps/details?id=com.netgear.netgearup&hl=en
Link is:*********** https://itunes.apple.com/us/app/netgear-up/id1124666597?mt=8
The link is*********** :https://stagesupport.netgear.com/support/product/rs150v2/
The elements text size under current version of above link********** : 3
Total links are 4
Link is:*********** https://www.downloads.netgear.com/files/GDC/RS150v2/RS150v2-V1.0.1.74.zip
Link is:*********** https://kb.netgear.com/000066612
Link is:*********** https://play.google.com/store/apps/details?id=com.netgear.netgearup&hl=en
Link is:*********** https://itunes.apple.com/us/app/netgear-up/id1124666597?mt=8
The link is*********** :https://stagesupport.netgear.com/support/product/rs180/
The elements text size under current version of above link********** : 2
Total links are 2
Link is:*********** https://play.google.com/store/apps/details?id=com.netgear.netgearup&hl=en
Link is:*********** https://itunes.apple.com/us/app/netgear-up/id1124666597?mt=8
The link is*********** :https://stagesupport.netgear.com/support/product/rs200/
The elements text size under current version of above link********** : 3
Total links are 4
Link is:*********** https://www.downloads.netgear.com/files/GDC/RS200/RS200-V1.0.1.74.zip
Link is:*********** https://kb.netgear.com/000066567
Link is:*********** https://play.google.com/store/apps/details?id=com.netgear.netgearup&hl=en
Link is:*********** https://itunes.apple.com/us/app/netgear-up/id1124666597?mt=8
The link is*********** :https://stagesupport.netgear.com/support/product/rs280/
The elements text size under current version of above link********** : 3
Total links are 4
Link is:*********** https://www.downloads.netgear.com/files/GDC/RS280S/RS280S-V1.0.1.74.zip
Link is:*********** https://kb.netgear.com/000066584
Link is:*********** https://play.google.com/store/apps/details?id=com.netgear.netgearup&hl=en
Link is:*********** https://itunes.apple.com/us/app/netgear-up/id1124666597?mt=8
The link is*********** :https://stagesupport.netgear.com/support/product/rs280s/
The elements text size under current version of above link********** : 3
Total links are 4
Link is:*********** https://www.downloads.netgear.com/files/GDC/RS280S/RS280S-V1.0.1.74.zip
Link is:*********** https://kb.netgear.com/000066584
Link is:*********** https://play.google.com/store/apps/details?id=com.netgear.netgearup&hl=en
Link is:*********** https://itunes.apple.com/us/app/netgear-up/id1124666597?mt=8
The link is*********** :https://stagesupport.netgear.com/support/product/rs300/
The elements text size under current version of above link********** : 3
Total links are 4
Link is:*********** https://www.downloads.netgear.com/files/GDC/RS300/RS300-V1.0.1.74.zip
Link is:*********** https://kb.netgear.com/000066583
Link is:*********** https://play.google.com/store/apps/details?id=com.netgear.netgearup&hl=en
Link is:*********** https://itunes.apple.com/us/app/netgear-up/id1124666597?mt=8
The link is*********** :https://stagesupport.netgear.com/support/product/rs500/
The elements text size under current version of above link********** : 3
Total links are 4
Link is:*********** https://www.downloads.netgear.com/files/GDC/RS500/RS500-V1.0.1.74.zip
Link is:*********** https://kb.netgear.com/000066566
Link is:*********** https://play.google.com/store/apps/details?id=com.netgear.netgearup&hl=en
Link is:*********** https://itunes.apple.com/us/app/netgear-up/id1124666597?mt=8
The link is*********** :https://stagesupport.netgear.com/support/product/rs600/
The elements text size under current version of above link********** : 3
Total links are 4
Link is:*********** https://www.downloads.netgear.com/files/GDC/RS600/RS600-V1.0.1.74.zip
Link is:*********** https://kb.netgear.com/000066528
Link is:*********** https://play.google.com/store/apps/details?id=com.netgear.netgearup&hl=en
Link is:*********** https://itunes.apple.com/us/app/netgear-up/id1124666597?mt=8
The link is*********** :https://stagesupport.netgear.com/support/product/rs70/
The elements text size under current version of above link********** : 3
Total links are 4
Link is:*********** https://www.downloads.netgear.com/files/GDC/RS70/RS70-V1.0.1.78.zip
Link is:*********** https://kb.netgear.com/000066610
Link is:*********** https://play.google.com/store/apps/details?id=com.netgear.netgearup&hl=en
Link is:*********** https://itunes.apple.com/us/app/netgear-up/id1124666597?mt=8
The link is*********** :https://stagesupport.netgear.com/support/product/rs700/
The elements text size under current version of above link********** : 3
Total links are 4
Link is:*********** https://www.downloads.netgear.com/files/GDC/RS700S/RS700S-V1.0.7.96.zip
Link is:*********** https://kb.netgear.com/000066519/
Link is:*********** https://play.google.com/store/apps/details?id=com.netgear.netgearup&hl=en
Link is:*********** https://itunes.apple.com/us/app/netgear-up/id1124666597?mt=8
The link is*********** :https://stagesupport.netgear.com/support/product/rs700s/
The elements text size under current version of above link********** : 3
Total links are 4
Link is:*********** https://www.downloads.netgear.com/files/GDC/RS700S/RS700S-V1.0.7.96.zip
Link is:*********** https://kb.netgear.com/000066519/
Link is:*********** https://play.google.com/store/apps/details?id=com.netgear.netgearup&hl=en
Link is:*********** https://itunes.apple.com/us/app/netgear-up/id1124666597?mt=8
The link is*********** :https://stagesupport.netgear.com/support/product/rs90/
The elements text size under current version of above link********** : 3
Total links are 4
Link is:*********** https://www.downloads.netgear.com/files/GDC/RS90/RS90_V1.0.1.78.zip
Link is:*********** https://kb.netgear.com/000066581
Link is:*********** https://play.google.com/store/apps/details?id=com.netgear.netgearup&hl=en
Link is:*********** https://itunes.apple.com/us/app/netgear-up/id1124666597?mt=8
The link is*********** :https://stagesupport.netgear.com/support/product/raxe290/
The elements text size under current version of above link********** : 3
Total links are 4
Link is:*********** https://www.downloads.netgear.com/files/GDC/RAXE290/RAXE290-V1.0.8.64_3.zip
Link is:*********** https://kb.netgear.com/000065585
Link is:*********** https://play.google.com/store/apps/details?id=com.netgear.netgearup&hl=en
Link is:*********** https://itunes.apple.com/us/app/netgear-up/id1124666597?mt=8
The link is*********** :https://stagesupport.netgear.com/support/product/raxe300/
The elements text size under current version of above link********** : 3
Total links are 4
Link is:*********** https://www.downloads.netgear.com/files/GDC/RAXE300/RAXE300-V1.0.8.64_3.zip
Link is:*********** https://kb.netgear.com/000065584
Link is:*********** https://play.google.com/store/apps/details?id=com.netgear.netgearup&hl=en
Link is:*********** https://itunes.apple.com/us/app/netgear-up/id1124666597?mt=8
The link is*********** :https://stagesupport.netgear.com/support/product/raxe450/
The elements text size under current version of above link********** : 3
Total links are 4
Link is:*********** https://www.downloads.netgear.com/files/GDC/RAXE450/RAXE450-V1.0.12.96.zip
Link is:*********** https://kb.netgear.com/000065501
Link is:*********** https://play.google.com/store/apps/details?id=com.netgear.netgearup&hl=en
Link is:*********** https://itunes.apple.com/us/app/netgear-up/id1124666597?mt=8
The link is*********** :https://stagesupport.netgear.com/support/product/raxe500/
The elements text size under current version of above link********** : 3
Total links are 4
Link is:*********** https://www.downloads.netgear.com/files/GDC/RAXE500/RAXE500-V1.2.13.100_2.0.54.zip
Link is:*********** https://kb.netgear.com/000065905
Link is:*********** https://play.google.com/store/apps/details?id=com.netgear.netgearup&hl=en
Link is:*********** https://itunes.apple.com/us/app/netgear-up/id1124666597?mt=8
The link is*********** :https://stagesupport.netgear.com/support/product/lax20/
The elements text size under current version of above link********** : 3
Total links are 4
Link is:*********** https://www.downloads.netgear.com/files/GDC/LAX20/LAX20-V1.1.6.34_2.0.52.zip
Link is:*********** https://kb.netgear.com/000064655
Link is:*********** https://play.google.com/store/apps/details?id=com.netgear.netgearup&hl=en
Link is:*********** https://itunes.apple.com/us/app/netgear-up/id1124666597?mt=8
The link is*********** :https://stagesupport.netgear.com/support/product/r6700ax/
The elements text size under current version of above link********** : 3
Total links are 4
Link is:*********** https://www.downloads.netgear.com/files/GDC/R6700AX/R6700AX-V1.0.18.164.zip
Link is:*********** https://kb.netgear.com/000066596
Link is:*********** https://play.google.com/store/apps/details?id=com.netgear.netgearup&hl=en
Link is:*********** https://itunes.apple.com/us/app/netgear-up/id1124666597?mt=8
The link is*********** :https://stagesupport.netgear.com/support/product/r6700axs/
The elements text size under current version of above link********** : 3
Total links are 4
Link is:*********** https://www.downloads.netgear.com/files/GDC/R6700AX/R6700AX-V1.0.15.146.zip
Link is:*********** https://kb.netgear.com/000065879
Link is:*********** https://play.google.com/store/apps/details?id=com.netgear.netgearup&hl=en
Link is:*********** https://itunes.apple.com/us/app/netgear-up/id1124666597?mt=8
The link is*********** :https://stagesupport.netgear.com/support/product/r6700axv3/
The elements text size under current version of above link********** : 3
Total links are 4
Link is:*********** https://www.downloads.netgear.com/files/GDC/R6700AXv3/R6700AXv3_V1.0.9.44_1.zip
Link is:*********** https://kb.netgear.com/000066613
Link is:*********** https://play.google.com/store/apps/details?id=com.netgear.netgearup&hl=en
Link is:*********** https://itunes.apple.com/us/app/netgear-up/id1124666597?mt=8
The link is*********** :https://stagesupport.netgear.com/support/product/rax10/
The elements text size under current version of above link********** : 3
Total links are 4
Link is:*********** https://www.downloads.netgear.com/files/GDC/RAX10/RAX10-V1.0.18.164.zip
Link is:*********** https://kb.netgear.com/000066595
Link is:*********** https://play.google.com/store/apps/details?id=com.netgear.netgearup&hl=en
Link is:*********** https://itunes.apple.com/us/app/netgear-up/id1124666597?mt=8
The link is*********** :https://stagesupport.netgear.com/support/product/rax10v2/
The elements text size under current version of above link********** : 2
]]></system-out>
    <system-err><![CDATA[SLF4J(W): No SLF4J providers were found.
SLF4J(W): Defaulting to no-operation (NOP) logger implementation
SLF4J(W): See https://www.slf4j.org/codes.html#noProviders for further details.
Mar 26, 2025 1:22:57 PM org.openqa.selenium.devtools.CdpVersionFinder findNearestMatch
WARNING: Unable to find an exact match for CDP version 134, returning the closest version; found: 130; Please update to a Selenium version that supports CDP version 134
org.openqa.selenium.NoSuchSessionException: invalid session id
Build info: version: '4.26.0', revision: '8ccf0219d7'
System info: os.name: 'Windows 11', os.arch: 'amd64', os.version: '10.0', java.version: '21.0.3'
Driver info: org.openqa.selenium.chrome.ChromeDriver
Command: [b5a41a56eb15a30ec388a89c800dd785, get {url=https://stagesupport.netgear.com/support/product/rax120/}]
Capabilities {acceptInsecureCerts: false, browserName: chrome, browserVersion: 134.0.6998.119, chrome: {chromedriverVersion: 134.0.6998.165 (fd886e2cb29..., userDataDir: C:\Users\7N\AppData\Local\T...}, fedcm:accounts: true, goog:chromeOptions: {debuggerAddress: localhost:50389}, networkConnectionEnabled: false, pageLoadStrategy: normal, platformName: windows, proxy: Proxy(), se:cdp: ws://localhost:50389/devtoo..., se:cdpVersion: 134.0.6998.119, setWindowRect: true, strictFileInteractability: false, timeouts: {implicit: 0, pageLoad: 300000, script: 30000}, unhandledPromptBehavior: dismiss and notify, webauthn:extension:credBlob: true, webauthn:extension:largeBlob: true, webauthn:extension:minPinLength: true, webauthn:extension:prf: true, webauthn:virtualAuthenticators: true}
Session ID: b5a41a56eb15a30ec388a89c800dd785
	at java.base/jdk.internal.reflect.DirectConstructorHandleAccessor.newInstance(DirectConstructorHandleAccessor.java:62)
	at java.base/java.lang.reflect.Constructor.newInstanceWithCaller(Constructor.java:502)
	at java.base/java.lang.reflect.Constructor.newInstance(Constructor.java:486)
	at org.openqa.selenium.remote.ErrorCodec.decode(ErrorCodec.java:167)
	at org.openqa.selenium.remote.codec.w3c.W3CHttpResponseCodec.decode(W3CHttpResponseCodec.java:138)
	at org.openqa.selenium.remote.codec.w3c.W3CHttpResponseCodec.decode(W3CHttpResponseCodec.java:50)
	at org.openqa.selenium.remote.HttpCommandExecutor.execute(HttpCommandExecutor.java:190)
	at org.openqa.selenium.remote.service.DriverCommandExecutor.invokeExecute(DriverCommandExecutor.java:216)
	at org.openqa.selenium.remote.service.DriverCommandExecutor.execute(DriverCommandExecutor.java:174)
	at org.openqa.selenium.remote.RemoteWebDriver.execute(RemoteWebDriver.java:545)
	at org.openqa.selenium.remote.RemoteWebDriver.get(RemoteWebDriver.java:313)
	at com.netgear.test.ExtractProduct.verifyFirmwareAndDownloads(ExtractProduct.java:149)
	at com.netgear.test.ExtractProduct.listOfProducts(ExtractProduct.java:52)
	at java.base/jdk.internal.reflect.DirectMethodHandleAccessor.invoke(DirectMethodHandleAccessor.java:103)
	at java.base/java.lang.reflect.Method.invoke(Method.java:580)
	at org.testng.internal.invokers.MethodInvocationHelper.invokeMethod(MethodInvocationHelper.java:139)
	at org.testng.internal.invokers.TestInvoker.invokeMethod(TestInvoker.java:677)
	at org.testng.internal.invokers.TestInvoker.invokeTestMethod(TestInvoker.java:221)
	at org.testng.internal.invokers.MethodRunner.runInSequence(MethodRunner.java:50)
	at org.testng.internal.invokers.TestInvoker$MethodInvocationAgent.invoke(TestInvoker.java:969)
	at org.testng.internal.invokers.TestInvoker.invokeTestMethods(TestInvoker.java:194)
	at org.testng.internal.invokers.TestMethodWorker.invokeTestMethods(TestMethodWorker.java:148)
	at org.testng.internal.invokers.TestMethodWorker.run(TestMethodWorker.java:128)
	at java.base/java.util.ArrayList.forEach(ArrayList.java:1596)
	at org.testng.TestRunner.privateRun(TestRunner.java:829)
	at org.testng.TestRunner.run(TestRunner.java:602)
	at org.testng.SuiteRunner.runTest(SuiteRunner.java:437)
	at org.testng.SuiteRunner.runSequentially(SuiteRunner.java:431)
	at org.testng.SuiteRunner.privateRun(SuiteRunner.java:391)
	at org.testng.SuiteRunner.run(SuiteRunner.java:330)
	at org.testng.SuiteRunnerWorker.runSuite(SuiteRunnerWorker.java:52)
	at org.testng.SuiteRunnerWorker.run(SuiteRunnerWorker.java:95)
	at org.testng.TestNG.runSuitesSequentially(TestNG.java:1256)
	at org.testng.TestNG.runSuitesLocally(TestNG.java:1176)
	at org.testng.TestNG.runSuites(TestNG.java:1099)
	at org.testng.TestNG.run(TestNG.java:1067)
	at org.apache.maven.surefire.testng.TestNGExecutor.run(TestNGExecutor.java:155)
	at org.apache.maven.surefire.testng.TestNGDirectoryTestSuite.executeSingleClass(TestNGDirectoryTestSuite.java:102)
	at org.apache.maven.surefire.testng.TestNGDirectoryTestSuite.execute(TestNGDirectoryTestSuite.java:91)
	at org.apache.maven.surefire.testng.TestNGProvider.invoke(TestNGProvider.java:137)
	at org.apache.maven.surefire.booter.ForkedBooter.runSuitesInProcess(ForkedBooter.java:385)
	at org.apache.maven.surefire.booter.ForkedBooter.execute(ForkedBooter.java:162)
	at org.apache.maven.surefire.booter.ForkedBooter.run(ForkedBooter.java:507)
	at org.apache.maven.surefire.booter.ForkedBooter.main(ForkedBooter.java:495)
]]></system-err>
  </testcase>
</testsuite>