<?xml version="1.0" encoding="UTF-8"?>
<testsuite xmlns:xsi="http://www.w3.org/2001/XMLSchema-instance" xsi:noNamespaceSchemaLocation="https://maven.apache.org/surefire/maven-surefire-plugin/xsd/surefire-test-report-3.0.xsd" version="3.0" name="com.netgear.test.ExtractProduct" time="3393.326" tests="1" errors="0" skipped="0" failures="0">
  <properties>
    <property name="java.specification.version" value="21"/>
    <property name="webdriver.chrome.driver" value="C:\Users\7N\.cache\selenium\chromedriver\win64\134.0.6998.165\chromedriver.exe"/>
    <property name="sun.cpu.isalist" value="amd64"/>
    <property name="sun.jnu.encoding" value="Cp1252"/>
    <property name="java.class.path" value="C:\Automation\netgear-new\target\test-classes;C:\Automation\netgear-new\target\classes;C:\Users\7N\.m2\repository\org\json\json\20240303\json-20240303.jar;C:\Users\7N\.m2\repository\org\seleniumhq\selenium\selenium-java\4.26.0\selenium-java-4.26.0.jar;C:\Users\7N\.m2\repository\org\seleniumhq\selenium\selenium-api\4.26.0\selenium-api-4.26.0.jar;C:\Users\7N\.m2\repository\org\jspecify\jspecify\1.0.0\jspecify-1.0.0.jar;C:\Users\7N\.m2\repository\org\seleniumhq\selenium\selenium-chrome-driver\4.26.0\selenium-chrome-driver-4.26.0.jar;C:\Users\7N\.m2\repository\com\google\auto\service\auto-service-annotations\1.1.1\auto-service-annotations-1.1.1.jar;C:\Users\7N\.m2\repository\org\seleniumhq\selenium\selenium-chromium-driver\4.26.0\selenium-chromium-driver-4.26.0.jar;C:\Users\7N\.m2\repository\org\seleniumhq\selenium\selenium-json\4.26.0\selenium-json-4.26.0.jar;C:\Users\7N\.m2\repository\org\seleniumhq\selenium\selenium-manager\4.26.0\selenium-manager-4.26.0.jar;C:\Users\7N\.m2\repository\org\seleniumhq\selenium\selenium-devtools-v128\4.26.0\selenium-devtools-v128-4.26.0.jar;C:\Users\7N\.m2\repository\org\seleniumhq\selenium\selenium-devtools-v129\4.26.0\selenium-devtools-v129-4.26.0.jar;C:\Users\7N\.m2\repository\org\seleniumhq\selenium\selenium-devtools-v130\4.26.0\selenium-devtools-v130-4.26.0.jar;C:\Users\7N\.m2\repository\org\seleniumhq\selenium\selenium-devtools-v85\4.26.0\selenium-devtools-v85-4.26.0.jar;C:\Users\7N\.m2\repository\org\seleniumhq\selenium\selenium-edge-driver\4.26.0\selenium-edge-driver-4.26.0.jar;C:\Users\7N\.m2\repository\org\seleniumhq\selenium\selenium-firefox-driver\4.26.0\selenium-firefox-driver-4.26.0.jar;C:\Users\7N\.m2\repository\org\seleniumhq\selenium\selenium-http\4.26.0\selenium-http-4.26.0.jar;C:\Users\7N\.m2\repository\dev\failsafe\failsafe\3.3.2\failsafe-3.3.2.jar;C:\Users\7N\.m2\repository\org\seleniumhq\selenium\selenium-ie-driver\4.26.0\selenium-ie-driver-4.26.0.jar;C:\Users\7N\.m2\repository\org\seleniumhq\selenium\selenium-remote-driver\4.26.0\selenium-remote-driver-4.26.0.jar;C:\Users\7N\.m2\repository\com\google\guava\guava\33.3.1-jre\guava-33.3.1-jre.jar;C:\Users\7N\.m2\repository\com\google\guava\failureaccess\1.0.2\failureaccess-1.0.2.jar;C:\Users\7N\.m2\repository\com\google\guava\listenablefuture\9999.0-empty-to-avoid-conflict-with-guava\listenablefuture-9999.0-empty-to-avoid-conflict-with-guava.jar;C:\Users\7N\.m2\repository\com\google\code\findbugs\jsr305\3.0.2\jsr305-3.0.2.jar;C:\Users\7N\.m2\repository\org\checkerframework\checker-qual\3.43.0\checker-qual-3.43.0.jar;C:\Users\7N\.m2\repository\com\google\j2objc\j2objc-annotations\3.0.0\j2objc-annotations-3.0.0.jar;C:\Users\7N\.m2\repository\io\opentelemetry\semconv\opentelemetry-semconv\1.25.0-alpha\opentelemetry-semconv-1.25.0-alpha.jar;C:\Users\7N\.m2\repository\io\opentelemetry\opentelemetry-api\1.43.0\opentelemetry-api-1.43.0.jar;C:\Users\7N\.m2\repository\io\opentelemetry\opentelemetry-context\1.43.0\opentelemetry-context-1.43.0.jar;C:\Users\7N\.m2\repository\io\opentelemetry\opentelemetry-exporter-logging\1.43.0\opentelemetry-exporter-logging-1.43.0.jar;C:\Users\7N\.m2\repository\io\opentelemetry\opentelemetry-sdk-common\1.43.0\opentelemetry-sdk-common-1.43.0.jar;C:\Users\7N\.m2\repository\io\opentelemetry\opentelemetry-sdk-extension-autoconfigure-spi\1.43.0\opentelemetry-sdk-extension-autoconfigure-spi-1.43.0.jar;C:\Users\7N\.m2\repository\io\opentelemetry\opentelemetry-sdk-extension-autoconfigure\1.43.0\opentelemetry-sdk-extension-autoconfigure-1.43.0.jar;C:\Users\7N\.m2\repository\io\opentelemetry\opentelemetry-api-incubator\1.43.0-alpha\opentelemetry-api-incubator-1.43.0-alpha.jar;C:\Users\7N\.m2\repository\io\opentelemetry\opentelemetry-sdk-trace\1.43.0\opentelemetry-sdk-trace-1.43.0.jar;C:\Users\7N\.m2\repository\io\opentelemetry\opentelemetry-sdk\1.43.0\opentelemetry-sdk-1.43.0.jar;C:\Users\7N\.m2\repository\io\opentelemetry\opentelemetry-sdk-metrics\1.43.0\opentelemetry-sdk-metrics-1.43.0.jar;C:\Users\7N\.m2\repository\io\opentelemetry\opentelemetry-sdk-logs\1.43.0\opentelemetry-sdk-logs-1.43.0.jar;C:\Users\7N\.m2\repository\net\bytebuddy\byte-buddy\1.15.7\byte-buddy-1.15.7.jar;C:\Users\7N\.m2\repository\org\seleniumhq\selenium\selenium-os\4.26.0\selenium-os-4.26.0.jar;C:\Users\7N\.m2\repository\org\apache\commons\commons-exec\1.4.0\commons-exec-1.4.0.jar;C:\Users\7N\.m2\repository\org\seleniumhq\selenium\selenium-safari-driver\4.26.0\selenium-safari-driver-4.26.0.jar;C:\Users\7N\.m2\repository\org\seleniumhq\selenium\selenium-support\4.26.0\selenium-support-4.26.0.jar;C:\Users\7N\.m2\repository\io\github\bonigarcia\webdrivermanager\5.9.2\webdrivermanager-5.9.2.jar;C:\Users\7N\.m2\repository\org\slf4j\slf4j-api\2.0.13\slf4j-api-2.0.13.jar;C:\Users\7N\.m2\repository\com\google\code\gson\gson\2.11.0\gson-2.11.0.jar;C:\Users\7N\.m2\repository\com\google\errorprone\error_prone_annotations\2.27.0\error_prone_annotations-2.27.0.jar;C:\Users\7N\.m2\repository\com\github\docker-java\docker-java\3.4.0\docker-java-3.4.0.jar;C:\Users\7N\.m2\repository\com\github\docker-java\docker-java-core\3.4.0\docker-java-core-3.4.0.jar;C:\Users\7N\.m2\repository\com\github\docker-java\docker-java-api\3.4.0\docker-java-api-3.4.0.jar;C:\Users\7N\.m2\repository\com\fasterxml\jackson\core\jackson-annotations\2.10.3\jackson-annotations-2.10.3.jar;C:\Users\7N\.m2\repository\com\fasterxml\jackson\core\jackson-databind\2.10.3\jackson-databind-2.10.3.jar;C:\Users\7N\.m2\repository\com\fasterxml\jackson\core\jackson-core\2.10.3\jackson-core-2.10.3.jar;C:\Users\7N\.m2\repository\org\slf4j\jcl-over-slf4j\1.7.30\jcl-over-slf4j-1.7.30.jar;C:\Users\7N\.m2\repository\com\github\docker-java\docker-java-transport-httpclient5\3.4.0\docker-java-transport-httpclient5-3.4.0.jar;C:\Users\7N\.m2\repository\com\github\docker-java\docker-java-transport\3.4.0\docker-java-transport-3.4.0.jar;C:\Users\7N\.m2\repository\net\java\dev\jna\jna\5.13.0\jna-5.13.0.jar;C:\Users\7N\.m2\repository\org\brotli\dec\0.1.2\dec-0.1.2.jar;C:\Users\7N\.m2\repository\org\apache\commons\commons-lang3\3.15.0\commons-lang3-3.15.0.jar;C:\Users\7N\.m2\repository\org\apache\commons\commons-compress\1.26.2\commons-compress-1.26.2.jar;C:\Users\7N\.m2\repository\commons-codec\commons-codec\1.17.0\commons-codec-1.17.0.jar;C:\Users\7N\.m2\repository\org\apache\httpcomponents\client5\httpclient5\5.2.1\httpclient5-5.2.1.jar;C:\Users\7N\.m2\repository\org\apache\httpcomponents\core5\httpcore5\5.2\httpcore5-5.2.jar;C:\Users\7N\.m2\repository\org\apache\httpcomponents\core5\httpcore5-h2\5.2\httpcore5-h2-5.2.jar;C:\Users\7N\.m2\repository\org\testng\testng\7.7.1\testng-7.7.1.jar;C:\Users\7N\.m2\repository\com\beust\jcommander\1.82\jcommander-1.82.jar;C:\Users\7N\.m2\repository\org\webjars\jquery\3.6.1\jquery-3.6.1.jar;C:\Users\7N\.m2\repository\com\aventstack\extentreports\5.1.1\extentreports-5.1.1.jar;C:\Users\7N\.m2\repository\io\reactivex\rxjava3\rxjava\3.1.6\rxjava-3.1.6.jar;C:\Users\7N\.m2\repository\org\reactivestreams\reactive-streams\1.0.4\reactive-streams-1.0.4.jar;C:\Users\7N\.m2\repository\org\freemarker\freemarker\2.3.32\freemarker-2.3.32.jar;C:\Users\7N\.m2\repository\org\projectlombok\lombok\1.18.34\lombok-1.18.34.jar;C:\Users\7N\.m2\repository\org\projectlombok\lombok-mapstruct-binding\0.2.0\lombok-mapstruct-binding-0.2.0.jar;C:\Users\7N\.m2\repository\commons-io\commons-io\2.11.0\commons-io-2.11.0.jar;"/>
    <property name="java.vm.vendor" value="Oracle Corporation"/>
    <property name="sun.arch.data.model" value="64"/>
    <property name="user.variant" value=""/>
    <property name="java.vendor.url" value="https://java.oracle.com/"/>
    <property name="user.timezone" value="Asia/Calcutta"/>
    <property name="os.name" value="Windows 11"/>
    <property name="java.vm.specification.version" value="21"/>
    <property name="sun.java.launcher" value="SUN_STANDARD"/>
    <property name="user.country" value="IN"/>
    <property name="sun.boot.library.path" value="C:\Program Files\Java\jdk-21\bin"/>
    <property name="sun.java.command" value="C:\Users\7N\AppData\Local\Temp\surefire8451160788052178580\surefirebooter-20250327185932243_3.jar C:\Users\7N\AppData\Local\Temp\surefire8451160788052178580 2025-03-27T18-59-32_062-jvmRun1 surefire-20250327185932243_1tmp surefire_0-20250327185932243_2tmp"/>
    <property name="jdk.debug" value="release"/>
    <property name="test" value="ExtractProduct"/>
    <property name="surefire.test.class.path" value="C:\Automation\netgear-new\target\test-classes;C:\Automation\netgear-new\target\classes;C:\Users\7N\.m2\repository\org\json\json\20240303\json-20240303.jar;C:\Users\7N\.m2\repository\org\seleniumhq\selenium\selenium-java\4.26.0\selenium-java-4.26.0.jar;C:\Users\7N\.m2\repository\org\seleniumhq\selenium\selenium-api\4.26.0\selenium-api-4.26.0.jar;C:\Users\7N\.m2\repository\org\jspecify\jspecify\1.0.0\jspecify-1.0.0.jar;C:\Users\7N\.m2\repository\org\seleniumhq\selenium\selenium-chrome-driver\4.26.0\selenium-chrome-driver-4.26.0.jar;C:\Users\7N\.m2\repository\com\google\auto\service\auto-service-annotations\1.1.1\auto-service-annotations-1.1.1.jar;C:\Users\7N\.m2\repository\org\seleniumhq\selenium\selenium-chromium-driver\4.26.0\selenium-chromium-driver-4.26.0.jar;C:\Users\7N\.m2\repository\org\seleniumhq\selenium\selenium-json\4.26.0\selenium-json-4.26.0.jar;C:\Users\7N\.m2\repository\org\seleniumhq\selenium\selenium-manager\4.26.0\selenium-manager-4.26.0.jar;C:\Users\7N\.m2\repository\org\seleniumhq\selenium\selenium-devtools-v128\4.26.0\selenium-devtools-v128-4.26.0.jar;C:\Users\7N\.m2\repository\org\seleniumhq\selenium\selenium-devtools-v129\4.26.0\selenium-devtools-v129-4.26.0.jar;C:\Users\7N\.m2\repository\org\seleniumhq\selenium\selenium-devtools-v130\4.26.0\selenium-devtools-v130-4.26.0.jar;C:\Users\7N\.m2\repository\org\seleniumhq\selenium\selenium-devtools-v85\4.26.0\selenium-devtools-v85-4.26.0.jar;C:\Users\7N\.m2\repository\org\seleniumhq\selenium\selenium-edge-driver\4.26.0\selenium-edge-driver-4.26.0.jar;C:\Users\7N\.m2\repository\org\seleniumhq\selenium\selenium-firefox-driver\4.26.0\selenium-firefox-driver-4.26.0.jar;C:\Users\7N\.m2\repository\org\seleniumhq\selenium\selenium-http\4.26.0\selenium-http-4.26.0.jar;C:\Users\7N\.m2\repository\dev\failsafe\failsafe\3.3.2\failsafe-3.3.2.jar;C:\Users\7N\.m2\repository\org\seleniumhq\selenium\selenium-ie-driver\4.26.0\selenium-ie-driver-4.26.0.jar;C:\Users\7N\.m2\repository\org\seleniumhq\selenium\selenium-remote-driver\4.26.0\selenium-remote-driver-4.26.0.jar;C:\Users\7N\.m2\repository\com\google\guava\guava\33.3.1-jre\guava-33.3.1-jre.jar;C:\Users\7N\.m2\repository\com\google\guava\failureaccess\1.0.2\failureaccess-1.0.2.jar;C:\Users\7N\.m2\repository\com\google\guava\listenablefuture\9999.0-empty-to-avoid-conflict-with-guava\listenablefuture-9999.0-empty-to-avoid-conflict-with-guava.jar;C:\Users\7N\.m2\repository\com\google\code\findbugs\jsr305\3.0.2\jsr305-3.0.2.jar;C:\Users\7N\.m2\repository\org\checkerframework\checker-qual\3.43.0\checker-qual-3.43.0.jar;C:\Users\7N\.m2\repository\com\google\j2objc\j2objc-annotations\3.0.0\j2objc-annotations-3.0.0.jar;C:\Users\7N\.m2\repository\io\opentelemetry\semconv\opentelemetry-semconv\1.25.0-alpha\opentelemetry-semconv-1.25.0-alpha.jar;C:\Users\7N\.m2\repository\io\opentelemetry\opentelemetry-api\1.43.0\opentelemetry-api-1.43.0.jar;C:\Users\7N\.m2\repository\io\opentelemetry\opentelemetry-context\1.43.0\opentelemetry-context-1.43.0.jar;C:\Users\7N\.m2\repository\io\opentelemetry\opentelemetry-exporter-logging\1.43.0\opentelemetry-exporter-logging-1.43.0.jar;C:\Users\7N\.m2\repository\io\opentelemetry\opentelemetry-sdk-common\1.43.0\opentelemetry-sdk-common-1.43.0.jar;C:\Users\7N\.m2\repository\io\opentelemetry\opentelemetry-sdk-extension-autoconfigure-spi\1.43.0\opentelemetry-sdk-extension-autoconfigure-spi-1.43.0.jar;C:\Users\7N\.m2\repository\io\opentelemetry\opentelemetry-sdk-extension-autoconfigure\1.43.0\opentelemetry-sdk-extension-autoconfigure-1.43.0.jar;C:\Users\7N\.m2\repository\io\opentelemetry\opentelemetry-api-incubator\1.43.0-alpha\opentelemetry-api-incubator-1.43.0-alpha.jar;C:\Users\7N\.m2\repository\io\opentelemetry\opentelemetry-sdk-trace\1.43.0\opentelemetry-sdk-trace-1.43.0.jar;C:\Users\7N\.m2\repository\io\opentelemetry\opentelemetry-sdk\1.43.0\opentelemetry-sdk-1.43.0.jar;C:\Users\7N\.m2\repository\io\opentelemetry\opentelemetry-sdk-metrics\1.43.0\opentelemetry-sdk-metrics-1.43.0.jar;C:\Users\7N\.m2\repository\io\opentelemetry\opentelemetry-sdk-logs\1.43.0\opentelemetry-sdk-logs-1.43.0.jar;C:\Users\7N\.m2\repository\net\bytebuddy\byte-buddy\1.15.7\byte-buddy-1.15.7.jar;C:\Users\7N\.m2\repository\org\seleniumhq\selenium\selenium-os\4.26.0\selenium-os-4.26.0.jar;C:\Users\7N\.m2\repository\org\apache\commons\commons-exec\1.4.0\commons-exec-1.4.0.jar;C:\Users\7N\.m2\repository\org\seleniumhq\selenium\selenium-safari-driver\4.26.0\selenium-safari-driver-4.26.0.jar;C:\Users\7N\.m2\repository\org\seleniumhq\selenium\selenium-support\4.26.0\selenium-support-4.26.0.jar;C:\Users\7N\.m2\repository\io\github\bonigarcia\webdrivermanager\5.9.2\webdrivermanager-5.9.2.jar;C:\Users\7N\.m2\repository\org\slf4j\slf4j-api\2.0.13\slf4j-api-2.0.13.jar;C:\Users\7N\.m2\repository\com\google\code\gson\gson\2.11.0\gson-2.11.0.jar;C:\Users\7N\.m2\repository\com\google\errorprone\error_prone_annotations\2.27.0\error_prone_annotations-2.27.0.jar;C:\Users\7N\.m2\repository\com\github\docker-java\docker-java\3.4.0\docker-java-3.4.0.jar;C:\Users\7N\.m2\repository\com\github\docker-java\docker-java-core\3.4.0\docker-java-core-3.4.0.jar;C:\Users\7N\.m2\repository\com\github\docker-java\docker-java-api\3.4.0\docker-java-api-3.4.0.jar;C:\Users\7N\.m2\repository\com\fasterxml\jackson\core\jackson-annotations\2.10.3\jackson-annotations-2.10.3.jar;C:\Users\7N\.m2\repository\com\fasterxml\jackson\core\jackson-databind\2.10.3\jackson-databind-2.10.3.jar;C:\Users\7N\.m2\repository\com\fasterxml\jackson\core\jackson-core\2.10.3\jackson-core-2.10.3.jar;C:\Users\7N\.m2\repository\org\slf4j\jcl-over-slf4j\1.7.30\jcl-over-slf4j-1.7.30.jar;C:\Users\7N\.m2\repository\com\github\docker-java\docker-java-transport-httpclient5\3.4.0\docker-java-transport-httpclient5-3.4.0.jar;C:\Users\7N\.m2\repository\com\github\docker-java\docker-java-transport\3.4.0\docker-java-transport-3.4.0.jar;C:\Users\7N\.m2\repository\net\java\dev\jna\jna\5.13.0\jna-5.13.0.jar;C:\Users\7N\.m2\repository\org\brotli\dec\0.1.2\dec-0.1.2.jar;C:\Users\7N\.m2\repository\org\apache\commons\commons-lang3\3.15.0\commons-lang3-3.15.0.jar;C:\Users\7N\.m2\repository\org\apache\commons\commons-compress\1.26.2\commons-compress-1.26.2.jar;C:\Users\7N\.m2\repository\commons-codec\commons-codec\1.17.0\commons-codec-1.17.0.jar;C:\Users\7N\.m2\repository\org\apache\httpcomponents\client5\httpclient5\5.2.1\httpclient5-5.2.1.jar;C:\Users\7N\.m2\repository\org\apache\httpcomponents\core5\httpcore5\5.2\httpcore5-5.2.jar;C:\Users\7N\.m2\repository\org\apache\httpcomponents\core5\httpcore5-h2\5.2\httpcore5-h2-5.2.jar;C:\Users\7N\.m2\repository\org\testng\testng\7.7.1\testng-7.7.1.jar;C:\Users\7N\.m2\repository\com\beust\jcommander\1.82\jcommander-1.82.jar;C:\Users\7N\.m2\repository\org\webjars\jquery\3.6.1\jquery-3.6.1.jar;C:\Users\7N\.m2\repository\com\aventstack\extentreports\5.1.1\extentreports-5.1.1.jar;C:\Users\7N\.m2\repository\io\reactivex\rxjava3\rxjava\3.1.6\rxjava-3.1.6.jar;C:\Users\7N\.m2\repository\org\reactivestreams\reactive-streams\1.0.4\reactive-streams-1.0.4.jar;C:\Users\7N\.m2\repository\org\freemarker\freemarker\2.3.32\freemarker-2.3.32.jar;C:\Users\7N\.m2\repository\org\projectlombok\lombok\1.18.34\lombok-1.18.34.jar;C:\Users\7N\.m2\repository\org\projectlombok\lombok-mapstruct-binding\0.2.0\lombok-mapstruct-binding-0.2.0.jar;C:\Users\7N\.m2\repository\commons-io\commons-io\2.11.0\commons-io-2.11.0.jar;"/>
    <property name="sun.cpu.endian" value="little"/>
    <property name="user.home" value="C:\Users\7N"/>
    <property name="user.language" value="en"/>
    <property name="java.specification.vendor" value="Oracle Corporation"/>
    <property name="java.version.date" value="2024-04-16"/>
    <property name="java.home" value="C:\Program Files\Java\jdk-21"/>
    <property name="file.separator" value="\"/>
    <property name="basedir" value="C:\Automation\netgear-new"/>
    <property name="java.vm.compressedOopsMode" value="Zero based"/>
    <property name="line.separator" value="&#10;"/>
    <property name="java.vm.specification.vendor" value="Oracle Corporation"/>
    <property name="java.specification.name" value="Java Platform API Specification"/>
    <property name="surefire.real.class.path" value="C:\Users\7N\AppData\Local\Temp\surefire8451160788052178580\surefirebooter-20250327185932243_3.jar"/>
    <property name="user.script" value=""/>
    <property name="sun.management.compiler" value="HotSpot 64-Bit Tiered Compilers"/>
    <property name="java.runtime.version" value="21.0.3+7-LTS-152"/>
    <property name="user.name" value="7N"/>
    <property name="stdout.encoding" value="Cp1252"/>
    <property name="path.separator" value=";"/>
    <property name="os.version" value="10.0"/>
    <property name="java.runtime.name" value="Java(TM) SE Runtime Environment"/>
    <property name="file.encoding" value="UTF-8"/>
    <property name="java.vm.name" value="Java HotSpot(TM) 64-Bit Server VM"/>
    <property name="localRepository" value="C:\Users\7N\.m2\repository"/>
    <property name="java.vendor.url.bug" value="https://bugreport.java.com/bugreport/"/>
    <property name="java.io.tmpdir" value="C:\Users\7N\AppData\Local\Temp\"/>
    <property name="java.version" value="21.0.3"/>
    <property name="user.dir" value="C:\Automation\netgear-new"/>
    <property name="os.arch" value="amd64"/>
    <property name="java.vm.specification.name" value="Java Virtual Machine Specification"/>
    <property name="sun.os.patch.level" value=""/>
    <property name="native.encoding" value="Cp1252"/>
    <property name="java.library.path" value="C:\Program Files\Java\jdk-21\bin;C:\WINDOWS\Sun\Java\bin;C:\WINDOWS\system32;C:\WINDOWS;C:\Program Files\WindowsApps\Microsoft.PowerShell_7.5.0.0_x64__8wekyb3d8bbwe;C:\curl-8.12.1_3-win64-mingw\bin;C:\Windows\System32\WindowsPowerShell\v1.0;C:\Users\7N\Downloads\apache-maven-3.9.9-bin\apache-maven-3.9.9\bin;C:\Program Files\Java\jdk-21\bin;C:\WINDOWS\system32;C:\WINDOWS;C:\WINDOWS\System32\Wbem;C:\WINDOWS\System32\WindowsPowerShell\v1.0\;C:\WINDOWS\System32\OpenSSH\;C:\Program Files\Git\cmd;C:\Program Files\apache-maven-3.9.9\bin;C:\Users\7N\AppData\Local\Programs\Python\Python312\Scripts\;C:\Users\7N\AppData\Local\Programs\Python\Python312\;C:\Program Files\MySQL\MySQL Shell 8.0\bin\;C:\Users\7N\AppData\Local\Programs\Python\Launcher\;C:\Users\7N\AppData\Local\Microsoft\WindowsApps;C:\Users\7N\AppData\Local\Programs\Microsoft VS Code\bin;C:\Program Files\JetBrains\PyCharm 2024.3.3\bin;;;."/>
    <property name="java.vm.info" value="mixed mode, sharing"/>
    <property name="stderr.encoding" value="Cp1252"/>
    <property name="java.vendor" value="Oracle Corporation"/>
    <property name="java.vm.version" value="21.0.3+7-LTS-152"/>
    <property name="sun.io.unicode.encoding" value="UnicodeLittle"/>
    <property name="java.class.version" value="65.0"/>
  </properties>
  <testcase name="listOfProducts" classname="com.netgear.test.ExtractProduct" time="3392.014">
    <system-out><![CDATA[All category lists are : WiFi Routers
All category lists are : Orbi WiFi System
All category lists are : Nighthawk WiFi System
All category lists are : Home Networking
All category lists are : Apps & Services
All category lists are : Mobile Broadband
All category lists are : Meural
All category lists are : Insight
All category lists are : Switches
All category lists are : Business Wireless
All category lists are : Security
All category lists are : Network Storage
📸 Screenshot saved: C:\Automation\netgear-new\target\screenshots\Before Print.png
The dom Element is : support-nighthawk-wifi-7-routers
📸 Screenshot saved: C:\Automation\netgear-new\target\screenshots\After Print.png
📸 Screenshot saved: C:\Automation\netgear-new\target\screenshots\before_click.png
Size of wifi Router Element (306, 143)
📸 Screenshot saved: C:\Automation\netgear-new\target\screenshots\after_click.png
📸 Screenshot saved: C:\Automation\netgear-new\target\screenshots\Before Print.png
The dom Element is : support-nighthawk-wifi-6e-routers
📸 Screenshot saved: C:\Automation\netgear-new\target\screenshots\After Print.png
📸 Screenshot saved: C:\Automation\netgear-new\target\screenshots\before_click.png
Size of wifi Router Element (306, 143)
📸 Screenshot saved: C:\Automation\netgear-new\target\screenshots\after_click.png
📸 Screenshot saved: C:\Automation\netgear-new\target\screenshots\Before Print.png
The dom Element is : support-nighthawk-wifi-6-routers
📸 Screenshot saved: C:\Automation\netgear-new\target\screenshots\After Print.png
📸 Screenshot saved: C:\Automation\netgear-new\target\screenshots\before_click.png
Size of wifi Router Element (306, 143)
📸 Screenshot saved: C:\Automation\netgear-new\target\screenshots\after_click.png
📸 Screenshot saved: C:\Automation\netgear-new\target\screenshots\Before Print.png
The dom Element is : support-nighthawk
📸 Screenshot saved: C:\Automation\netgear-new\target\screenshots\After Print.png
📸 Screenshot saved: C:\Automation\netgear-new\target\screenshots\before_click.png
Size of wifi Router Element (306, 143)
📸 Screenshot saved: C:\Automation\netgear-new\target\screenshots\after_click.png
📸 Screenshot saved: C:\Automation\netgear-new\target\screenshots\Before Print.png
The dom Element is : support-nighthawk-ac-routers
📸 Screenshot saved: C:\Automation\netgear-new\target\screenshots\After Print.png
📸 Screenshot saved: C:\Automation\netgear-new\target\screenshots\before_click.png
Size of wifi Router Element (306, 143)
📸 Screenshot saved: C:\Automation\netgear-new\target\screenshots\after_click.png
📸 Screenshot saved: C:\Automation\netgear-new\target\screenshots\Before Print.png
The dom Element is : support-acrouters
📸 Screenshot saved: C:\Automation\netgear-new\target\screenshots\After Print.png
📸 Screenshot saved: C:\Automation\netgear-new\target\screenshots\before_click.png
Size of wifi Router Element (306, 143)
📸 Screenshot saved: C:\Automation\netgear-new\target\screenshots\after_click.png
📸 Screenshot saved: C:\Automation\netgear-new\target\screenshots\Before Print.png
The dom Element is : support-accessories
📸 Screenshot saved: C:\Automation\netgear-new\target\screenshots\After Print.png
📸 Screenshot saved: C:\Automation\netgear-new\target\screenshots\before_click.png
Size of wifi Router Element (306, 143)
📸 Screenshot saved: C:\Automation\netgear-new\target\screenshots\after_click.png
📸 Screenshot saved: C:\Automation\netgear-new\target\screenshots\Before Print.png
The dom Element is : support-routers-apps
📸 Screenshot saved: C:\Automation\netgear-new\target\screenshots\After Print.png
📸 Screenshot saved: C:\Automation\netgear-new\target\screenshots\before_click.png
Size of wifi Router Element (306, 143)
📸 Screenshot saved: C:\Automation\netgear-new\target\screenshots\after_click.png
📸 Screenshot saved: C:\Automation\netgear-new\target\screenshots\Before Print.png
The dom Element is : support-legacy-routers
📸 Screenshot saved: C:\Automation\netgear-new\target\screenshots\After Print.png
📸 Screenshot saved: C:\Automation\netgear-new\target\screenshots\before_click.png
Size of wifi Router Element (306, 143)
📸 Screenshot saved: C:\Automation\netgear-new\target\screenshots\after_click.png
The link is*********** :https://stagesupport.netgear.com/support/product/be17000/
The elements text size under current version of above link********** : 3
Total links are 4
Link is:*********** https://www.downloads.netgear.com/files/GDC/BE17000/BE17000-V1.0.1.74.zip
Link is:*********** https://kb.netgear.com/000066601
Link is:*********** https://play.google.com/store/apps/details?id=com.netgear.netgearup&hl=en
Link is:*********** https://itunes.apple.com/us/app/netgear-up/id1124666597?mt=8
The link is*********** :https://stagesupport.netgear.com/support/product/be9300/
The elements text size under current version of above link********** : 3
Total links are 4
Link is:*********** https://www.downloads.netgear.com/files/GDC/BE9300/BE9300-V1.0.1.74.zip
Link is:*********** https://kb.netgear.com/000066585
Link is:*********** https://play.google.com/store/apps/details?id=com.netgear.netgearup&hl=en
Link is:*********** https://itunes.apple.com/us/app/netgear-up/id1124666597?mt=8
The link is*********** :https://stagesupport.netgear.com/support/product/rs100/
The elements text size under current version of above link********** : 3
Total links are 4
Link is:*********** https://www.downloads.netgear.com/files/GDC/RS100/RS100_V1.0.1.80.zip
Link is:*********** https://kb.netgear.com/000066618
Link is:*********** https://play.google.com/store/apps/details?id=com.netgear.netgearup&hl=en
Link is:*********** https://itunes.apple.com/us/app/netgear-up/id1124666597?mt=8
The link is*********** :https://stagesupport.netgear.com/support/product/rs130/
The elements text size under current version of above link********** : 2
Total links are 2
Link is:*********** https://play.google.com/store/apps/details?id=com.netgear.netgearup&hl=en
Link is:*********** https://itunes.apple.com/us/app/netgear-up/id1124666597?mt=8
The link is*********** :https://stagesupport.netgear.com/support/product/rs140/
The elements text size under current version of above link********** : 2
Total links are 2
Link is:*********** https://play.google.com/store/apps/details?id=com.netgear.netgearup&hl=en
Link is:*********** https://itunes.apple.com/us/app/netgear-up/id1124666597?mt=8
The link is*********** :https://stagesupport.netgear.com/support/product/rs150/
The elements text size under current version of above link********** : 3
Total links are 4
Link is:*********** https://www.downloads.netgear.com/files/GDC/RS150/RS150-V1.0.1.74.zip
Link is:*********** https://kb.netgear.com/000066568
Link is:*********** https://play.google.com/store/apps/details?id=com.netgear.netgearup&hl=en
Link is:*********** https://itunes.apple.com/us/app/netgear-up/id1124666597?mt=8
The link is*********** :https://stagesupport.netgear.com/support/product/rs150v2/
The elements text size under current version of above link********** : 3
Total links are 4
Link is:*********** https://www.downloads.netgear.com/files/GDC/RS150v2/RS150v2-V1.0.1.74.zip
Link is:*********** https://kb.netgear.com/000066612
Link is:*********** https://play.google.com/store/apps/details?id=com.netgear.netgearup&hl=en
Link is:*********** https://itunes.apple.com/us/app/netgear-up/id1124666597?mt=8
The link is*********** :https://stagesupport.netgear.com/support/product/rs180/
The elements text size under current version of above link********** : 2
Total links are 2
Link is:*********** https://play.google.com/store/apps/details?id=com.netgear.netgearup&hl=en
Link is:*********** https://itunes.apple.com/us/app/netgear-up/id1124666597?mt=8
The link is*********** :https://stagesupport.netgear.com/support/product/rs200/
The elements text size under current version of above link********** : 3
Total links are 4
Link is:*********** https://www.downloads.netgear.com/files/GDC/RS200/RS200-V1.0.1.74.zip
Link is:*********** https://kb.netgear.com/000066567
Link is:*********** https://play.google.com/store/apps/details?id=com.netgear.netgearup&hl=en
Link is:*********** https://itunes.apple.com/us/app/netgear-up/id1124666597?mt=8
The link is*********** :https://stagesupport.netgear.com/support/product/rs280/
The elements text size under current version of above link********** : 3
Total links are 4
Link is:*********** https://www.downloads.netgear.com/files/GDC/RS280S/RS280S-V1.0.1.74.zip
Link is:*********** https://kb.netgear.com/000066584
Link is:*********** https://play.google.com/store/apps/details?id=com.netgear.netgearup&hl=en
Link is:*********** https://itunes.apple.com/us/app/netgear-up/id1124666597?mt=8
The link is*********** :https://stagesupport.netgear.com/support/product/rs280s/
The elements text size under current version of above link********** : 3
Total links are 4
Link is:*********** https://www.downloads.netgear.com/files/GDC/RS280S/RS280S-V1.0.1.74.zip
Link is:*********** https://kb.netgear.com/000066584
Link is:*********** https://play.google.com/store/apps/details?id=com.netgear.netgearup&hl=en
Link is:*********** https://itunes.apple.com/us/app/netgear-up/id1124666597?mt=8
The link is*********** :https://stagesupport.netgear.com/support/product/rs300/
The elements text size under current version of above link********** : 3
Total links are 4
Link is:*********** https://www.downloads.netgear.com/files/GDC/RS300/RS300-V1.0.1.74.zip
Link is:*********** https://kb.netgear.com/000066583
Link is:*********** https://play.google.com/store/apps/details?id=com.netgear.netgearup&hl=en
Link is:*********** https://itunes.apple.com/us/app/netgear-up/id1124666597?mt=8
The link is*********** :https://stagesupport.netgear.com/support/product/rs500/
The elements text size under current version of above link********** : 3
Total links are 4
Link is:*********** https://www.downloads.netgear.com/files/GDC/RS500/RS500-V1.0.1.74.zip
Link is:*********** https://kb.netgear.com/000066566
Link is:*********** https://play.google.com/store/apps/details?id=com.netgear.netgearup&hl=en
Link is:*********** https://itunes.apple.com/us/app/netgear-up/id1124666597?mt=8
The link is*********** :https://stagesupport.netgear.com/support/product/rs600/
The elements text size under current version of above link********** : 3
Total links are 4
Link is:*********** https://www.downloads.netgear.com/files/GDC/RS600/RS600-V1.0.1.74.zip
Link is:*********** https://kb.netgear.com/000066528
Link is:*********** https://play.google.com/store/apps/details?id=com.netgear.netgearup&hl=en
Link is:*********** https://itunes.apple.com/us/app/netgear-up/id1124666597?mt=8
The link is*********** :https://stagesupport.netgear.com/support/product/rs70/
The elements text size under current version of above link********** : 3
Total links are 4
Link is:*********** https://www.downloads.netgear.com/files/GDC/RS70/RS70-V1.0.1.80.zip
Link is:*********** https://kb.netgear.com/000066616
Link is:*********** https://play.google.com/store/apps/details?id=com.netgear.netgearup&hl=en
Link is:*********** https://itunes.apple.com/us/app/netgear-up/id1124666597?mt=8
The link is*********** :https://stagesupport.netgear.com/support/product/rs700/
The elements text size under current version of above link********** : 3
Total links are 4
Link is:*********** https://www.downloads.netgear.com/files/GDC/RS700S/RS700S-V1.0.7.96.zip
Link is:*********** https://kb.netgear.com/000066519/
Link is:*********** https://play.google.com/store/apps/details?id=com.netgear.netgearup&hl=en
Link is:*********** https://itunes.apple.com/us/app/netgear-up/id1124666597?mt=8
The link is*********** :https://stagesupport.netgear.com/support/product/rs700s/
The elements text size under current version of above link********** : 3
Total links are 4
Link is:*********** https://www.downloads.netgear.com/files/GDC/RS700S/RS700S-V1.0.7.96.zip
Link is:*********** https://kb.netgear.com/000066519/
Link is:*********** https://play.google.com/store/apps/details?id=com.netgear.netgearup&hl=en
Link is:*********** https://itunes.apple.com/us/app/netgear-up/id1124666597?mt=8
The link is*********** :https://stagesupport.netgear.com/support/product/rs90/
The elements text size under current version of above link********** : 3
Total links are 4
Link is:*********** https://www.downloads.netgear.com/files/GDC/RS90/RS90_V1.0.1.80.zip
Link is:*********** https://kb.netgear.com/000066617
Link is:*********** https://play.google.com/store/apps/details?id=com.netgear.netgearup&hl=en
Link is:*********** https://itunes.apple.com/us/app/netgear-up/id1124666597?mt=8
The link is*********** :https://stagesupport.netgear.com/support/product/raxe290/
The elements text size under current version of above link********** : 3
Total links are 4
Link is:*********** https://www.downloads.netgear.com/files/GDC/RAXE290/RAXE290-V1.0.8.64_3.zip
Link is:*********** https://kb.netgear.com/000065585
Link is:*********** https://play.google.com/store/apps/details?id=com.netgear.netgearup&hl=en
Link is:*********** https://itunes.apple.com/us/app/netgear-up/id1124666597?mt=8
The link is*********** :https://stagesupport.netgear.com/support/product/raxe300/
The elements text size under current version of above link********** : 3
Total links are 4
Link is:*********** https://www.downloads.netgear.com/files/GDC/RAXE300/RAXE300-V1.0.8.64_3.zip
Link is:*********** https://kb.netgear.com/000065584
Link is:*********** https://play.google.com/store/apps/details?id=com.netgear.netgearup&hl=en
Link is:*********** https://itunes.apple.com/us/app/netgear-up/id1124666597?mt=8
The link is*********** :https://stagesupport.netgear.com/support/product/raxe450/
The elements text size under current version of above link********** : 3
Total links are 4
Link is:*********** https://www.downloads.netgear.com/files/GDC/RAXE450/RAXE450-V1.0.12.96.zip
Link is:*********** https://kb.netgear.com/000065501
Link is:*********** https://play.google.com/store/apps/details?id=com.netgear.netgearup&hl=en
Link is:*********** https://itunes.apple.com/us/app/netgear-up/id1124666597?mt=8
The link is*********** :https://stagesupport.netgear.com/support/product/raxe500/
The elements text size under current version of above link********** : 3
Total links are 4
Link is:*********** https://www.downloads.netgear.com/files/GDC/RAXE500/RAXE500-V1.2.13.100_2.0.54.zip
Link is:*********** https://kb.netgear.com/000065905
Link is:*********** https://play.google.com/store/apps/details?id=com.netgear.netgearup&hl=en
Link is:*********** https://itunes.apple.com/us/app/netgear-up/id1124666597?mt=8
The link is*********** :https://stagesupport.netgear.com/support/product/lax20/
The elements text size under current version of above link********** : 3
Total links are 4
Link is:*********** https://www.downloads.netgear.com/files/GDC/LAX20/LAX20-V1.1.6.34_2.0.52.zip
Link is:*********** https://kb.netgear.com/000064655
Link is:*********** https://play.google.com/store/apps/details?id=com.netgear.netgearup&hl=en
Link is:*********** https://itunes.apple.com/us/app/netgear-up/id1124666597?mt=8
The link is*********** :https://stagesupport.netgear.com/support/product/r6700ax/
The elements text size under current version of above link********** : 3
Total links are 4
Link is:*********** https://www.downloads.netgear.com/files/GDC/R6700AX/R6700AX-V1.0.18.164.zip
Link is:*********** https://kb.netgear.com/000066596
Link is:*********** https://play.google.com/store/apps/details?id=com.netgear.netgearup&hl=en
Link is:*********** https://itunes.apple.com/us/app/netgear-up/id1124666597?mt=8
The link is*********** :https://stagesupport.netgear.com/support/product/r6700axs/
The elements text size under current version of above link********** : 3
Total links are 4
Link is:*********** https://www.downloads.netgear.com/files/GDC/R6700AX/R6700AX-V1.0.15.146.zip
Link is:*********** https://kb.netgear.com/000065879
Link is:*********** https://play.google.com/store/apps/details?id=com.netgear.netgearup&hl=en
Link is:*********** https://itunes.apple.com/us/app/netgear-up/id1124666597?mt=8
The link is*********** :https://stagesupport.netgear.com/support/product/r6700axv3/
The elements text size under current version of above link********** : 3
Total links are 4
Link is:*********** https://www.downloads.netgear.com/files/GDC/R6700AXv3/R6700AXv3_V1.0.9.44_1.zip
Link is:*********** https://kb.netgear.com/000066613
Link is:*********** https://play.google.com/store/apps/details?id=com.netgear.netgearup&hl=en
Link is:*********** https://itunes.apple.com/us/app/netgear-up/id1124666597?mt=8
The link is*********** :https://stagesupport.netgear.com/support/product/rax10/
The elements text size under current version of above link********** : 3
Total links are 4
Link is:*********** https://www.downloads.netgear.com/files/GDC/RAX10/RAX10-V1.0.18.164.zip
Link is:*********** https://kb.netgear.com/000066595
Link is:*********** https://play.google.com/store/apps/details?id=com.netgear.netgearup&hl=en
Link is:*********** https://itunes.apple.com/us/app/netgear-up/id1124666597?mt=8
The link is*********** :https://stagesupport.netgear.com/support/product/rax10v2/
The elements text size under current version of above link********** : 2
Total links are 2
Link is:*********** https://play.google.com/store/apps/details?id=com.netgear.netgearup&hl=en
Link is:*********** https://itunes.apple.com/us/app/netgear-up/id1124666597?mt=8
The link is*********** :https://stagesupport.netgear.com/support/product/rax120/
The elements text size under current version of above link********** : 4
Total links are 5
Link is:*********** https://www.downloads.netgear.com/files/GDC/RAX120/RAX120v2v1-V1.2.9.52.zip
Link is:*********** https://kb.netgear.com/000065822
Link is:*********** https://play.google.com/store/apps/details?id=com.netgear.netgearup&hl=en
Link is:*********** https://itunes.apple.com/us/app/netgear-up/id1124666597?mt=8
Link is:*********** https://www.downloads.netgear.com/files/GDC/DGN2200V3/ReadyShareConnect.exe
The link is*********** :https://stagesupport.netgear.com/support/product/rax120v2/
The elements text size under current version of above link********** : 4
Total links are 5
Link is:*********** https://www.downloads.netgear.com/files/GDC/RAX120/RAX120v2v1-V1.2.9.52.zip
Link is:*********** https://kb.netgear.com/000065822
Link is:*********** https://play.google.com/store/apps/details?id=com.netgear.netgearup&hl=en
Link is:*********** https://itunes.apple.com/us/app/netgear-up/id1124666597?mt=8
Link is:*********** https://www.downloads.netgear.com/files/GDC/DGN2200V3/ReadyShareConnect.exe
The link is*********** :https://stagesupport.netgear.com/support/product/rax15/
The elements text size under current version of above link********** : 3
Total links are 4
Link is:*********** https://www.downloads.netgear.com/files/GDC/RAX15/RAX15-V1.0.11.112.zip
Link is:*********** https://kb.netgear.com/000064906
Link is:*********** https://play.google.com/store/apps/details?id=com.netgear.netgearup&hl=en
Link is:*********** https://itunes.apple.com/us/app/netgear-up/id1124666597?mt=8
The link is*********** :https://stagesupport.netgear.com/support/product/rax20/
The elements text size under current version of above link********** : 4
Total links are 6
Link is:*********** https://www.downloads.netgear.com/files/GDC/RAX20/RAX20-V1.0.11.112.zip
Link is:*********** https://kb.netgear.com/000064923
Link is:*********** https://www.downloads.netgear.com/files/GDC/RAX20/RAX20-V1.0.9.108_2.0.71.zip
Link is:*********** https://kb.netgear.com/000064662
Link is:*********** https://play.google.com/store/apps/details?id=com.netgear.netgearup&hl=en
Link is:*********** https://itunes.apple.com/us/app/netgear-up/id1124666597?mt=8
The link is*********** :https://stagesupport.netgear.com/support/product/rax200/
The elements text size under current version of above link********** : 4
Total links are 5
Link is:*********** https://www.downloads.netgear.com/files/GDC/RAX200/RAX200-V1.0.10.140.zip
Link is:*********** https://kb.netgear.com/000065069
Link is:*********** https://play.google.com/store/apps/details?id=com.netgear.netgearup&hl=en
Link is:*********** https://itunes.apple.com/us/app/netgear-up/id1124666597?mt=8
Link is:*********** https://www.downloads.netgear.com/files/GDC/DGN2200V3/ReadyShareConnect.exe
The link is*********** :https://stagesupport.netgear.com/support/product/rax28/
The elements text size under current version of above link********** : 3
Total links are 4
Link is:*********** https://www.downloads.netgear.com/files/GDC/RAX28/RAX28-V1.0.13.102.zip
Link is:*********** https://kb.netgear.com/000066035
Link is:*********** https://play.google.com/store/apps/details?id=com.netgear.netgearup&hl=en
Link is:*********** https://itunes.apple.com/us/app/netgear-up/id1124666597?mt=8
The link is*********** :https://stagesupport.netgear.com/support/product/rax29/
The elements text size under current version of above link********** : 3
Total links are 4
Link is:*********** https://www.downloads.netgear.com/files/GDC/RAX29/RAX29-V1.0.13.102.zip
Link is:*********** https://kb.netgear.com/000066034
Link is:*********** https://play.google.com/store/apps/details?id=com.netgear.netgearup&hl=en
Link is:*********** https://itunes.apple.com/us/app/netgear-up/id1124666597?mt=8
The link is*********** :https://stagesupport.netgear.com/support/product/rax30/
The elements text size under current version of above link********** : 3
Total links are 4
Link is:*********** https://www.downloads.netgear.com/files/GDC/RAX30/RAX30-V1.0.13.102.zip
Link is:*********** https://kb.netgear.com/000066033
Link is:*********** https://play.google.com/store/apps/details?id=com.netgear.netgearup&hl=en
Link is:*********** https://itunes.apple.com/us/app/netgear-up/id1124666597?mt=8
The link is*********** :https://stagesupport.netgear.com/support/product/rax35/
The elements text size under current version of above link********** : 3
Total links are 4
Link is:*********** https://www.downloads.netgear.com/files/GDC/RAX35/RAX35-V1.0.6.106_1.0.1.zip
Link is:*********** https://kb.netgear.com/000066103
Link is:*********** https://play.google.com/store/apps/details?id=com.netgear.netgearup&hl=en
Link is:*********** https://itunes.apple.com/us/app/netgear-up/id1124666597?mt=8
The link is*********** :https://stagesupport.netgear.com/support/product/rax35v2/
The elements text size under current version of above link********** : 4
Total links are 6
Link is:*********** https://www.downloads.netgear.com/files/GDC/RAX35v2/RAX35v2-V1.0.15.128_hotfix.zip
Link is:*********** https://kb.netgear.com/000065683
Link is:*********** https://www.downloads.netgear.com/files/GDC/RAX35v2/RAX35v2-V1.0.12.120.zip
Link is:*********** https://kb.netgear.com/000065470
Link is:*********** https://play.google.com/store/apps/details?id=com.netgear.netgearup&hl=en
Link is:*********** https://itunes.apple.com/us/app/netgear-up/id1124666597?mt=8
The link is*********** :https://stagesupport.netgear.com/support/product/rax36/
The elements text size under current version of above link********** : 3
Total links are 4
Link is:*********** https://www.downloads.netgear.com/files/GDC/RAX36/RAX36-V1.0.4.46.zip
Link is:*********** https://kb.netgear.com/000066400
Link is:*********** https://play.google.com/store/apps/details?id=com.netgear.netgearup&hl=en
Link is:*********** https://itunes.apple.com/us/app/netgear-up/id1124666597?mt=8
The link is*********** :https://stagesupport.netgear.com/support/product/rax36s/
The elements text size under current version of above link********** : 3
Total links are 4
Link is:*********** https://www.downloads.netgear.com/files/GDC/RAX36S/RAX36S_V1.0.4.46.zip
Link is:*********** https://kb.netgear.com/000066447
Link is:*********** https://play.google.com/store/apps/details?id=com.netgear.netgearup&hl=en
Link is:*********** https://itunes.apple.com/us/app/netgear-up/id1124666597?mt=8
The link is*********** :https://stagesupport.netgear.com/support/product/rax38/
The elements text size under current version of above link********** : 4
Total links are 5
Link is:*********** https://www.downloads.netgear.com/files/GDC/RAX38/RAX38-V1.0.6.106_1.0.1.zip
Link is:*********** https://kb.netgear.com/000066104
Link is:*********** https://play.google.com/store/apps/details?id=com.netgear.netgearup&hl=en
Link is:*********** https://itunes.apple.com/us/app/netgear-up/id1124666597?mt=8
Link is:*********** https://www.downloads.netgear.com/files/GDC/DGN2200V3/ReadyShareConnect.exe
The link is*********** :https://stagesupport.netgear.com/support/product/rax38v2/
The elements text size under current version of above link********** : 4
Total links are 5
Link is:*********** https://www.downloads.netgear.com/files/GDC/RAX38v2/RAX38v2-V1.0.16.132.zip
Link is:*********** https://kb.netgear.com/000065931
Link is:*********** https://play.google.com/store/apps/details?id=com.netgear.netgearup&hl=en
Link is:*********** https://itunes.apple.com/us/app/netgear-up/id1124666597?mt=8
Link is:*********** https://www.downloads.netgear.com/files/GDC/DGN2200V3/ReadyShareConnect.exe
The link is*********** :https://stagesupport.netgear.com/support/product/rax40/
The elements text size under current version of above link********** : 4
Total links are 5
Link is:*********** https://www.downloads.netgear.com/files/GDC/RAX40/RAX40-V1.0.6.106_1.0.1.zip
Link is:*********** https://kb.netgear.com/000066105
Link is:*********** https://play.google.com/store/apps/details?id=com.netgear.netgearup&hl=en
Link is:*********** https://itunes.apple.com/us/app/netgear-up/id1124666597?mt=8
Link is:*********** https://www.downloads.netgear.com/files/GDC/DGN2200V3/ReadyShareConnect.exe
The link is*********** :https://stagesupport.netgear.com/support/product/rax40v2/
The elements text size under current version of above link********** : 6
Total links are 9
Link is:*********** https://www.downloads.netgear.com/files/GDC/RAX40v2/RAX40v2-V1.0.15.128_hotfix.zip
Link is:*********** https://kb.netgear.com/000065685
Link is:*********** https://www.downloads.netgear.com/files/GDC/RAX40v2/RAX40v2-V1.0.12.120.zip
Link is:*********** https://kb.netgear.com/000065469
Link is:*********** https://www.downloads.netgear.com/files/GDC/RAX40v2/RAX40v2-V1.0.9.108_2.0.74.zip
Link is:*********** https://kb.netgear.com/000064667
Link is:*********** https://play.google.com/store/apps/details?id=com.netgear.netgearup&hl=en
Link is:*********** https://itunes.apple.com/us/app/netgear-up/id1124666597?mt=8
Link is:*********** https://www.downloads.netgear.com/files/GDC/DGN2200V3/ReadyShareConnect.exe
The link is*********** :https://stagesupport.netgear.com/support/product/rax41/
The elements text size under current version of above link********** : 3
Total links are 4
Link is:*********** https://www.downloads.netgear.com/files/GDC/RAX41/RAX41-V1.0.16.132.zip
Link is:*********** https://kb.netgear.com/000065934
Link is:*********** https://play.google.com/store/apps/details?id=com.netgear.netgearup&hl=en
Link is:*********** https://itunes.apple.com/us/app/netgear-up/id1124666597?mt=8
The link is*********** :https://stagesupport.netgear.com/support/product/rax41v2/
The elements text size under current version of above link********** : 3
Total links are 4
Link is:*********** https://www.downloads.netgear.com/files/GDC/RAX41/RAX41v2-V1.1.3.18.zip
Link is:*********** https://kb.netgear.com/000065445
Link is:*********** https://play.google.com/store/apps/details?id=com.netgear.netgearup&hl=en
Link is:*********** https://itunes.apple.com/us/app/netgear-up/id1124666597?mt=8
The link is*********** :https://stagesupport.netgear.com/support/product/rax42/
The elements text size under current version of above link********** : 3
Total links are 4
Link is:*********** https://www.downloads.netgear.com/files/GDC/RAX42/RAX42-V1.0.16.132.zip
Link is:*********** https://kb.netgear.com/000065935
Link is:*********** https://play.google.com/store/apps/details?id=com.netgear.netgearup&hl=en
Link is:*********** https://itunes.apple.com/us/app/netgear-up/id1124666597?mt=8
The link is*********** :https://stagesupport.netgear.com/support/product/rax42v2/
The elements text size under current version of above link********** : 3
Total links are 4
Link is:*********** https://www.downloads.netgear.com/files/GDC/RAX42/RAX42v2-V1.1.3.18.zip
Link is:*********** https://kb.netgear.com/000065446
Link is:*********** https://play.google.com/store/apps/details?id=com.netgear.netgearup&hl=en
Link is:*********** https://itunes.apple.com/us/app/netgear-up/id1124666597?mt=8
The link is*********** :https://stagesupport.netgear.com/support/product/rax43/
The elements text size under current version of above link********** : 3
Total links are 4
Link is:*********** https://www.downloads.netgear.com/files/GDC/RAX43/RAX43-V1.0.16.132.zip
Link is:*********** https://kb.netgear.com/000065936
Link is:*********** https://play.google.com/store/apps/details?id=com.netgear.netgearup&hl=en
Link is:*********** https://itunes.apple.com/us/app/netgear-up/id1124666597?mt=8
The link is*********** :https://stagesupport.netgear.com/support/product/rax43v2/
The elements text size under current version of above link********** : 3
Total links are 4
Link is:*********** https://www.downloads.netgear.com/files/GDC/RAX43/RAX43v2-V1.1.3.18.zip
Link is:*********** https://kb.netgear.com/000065447
Link is:*********** https://play.google.com/store/apps/details?id=com.netgear.netgearup&hl=en
Link is:*********** https://itunes.apple.com/us/app/netgear-up/id1124666597?mt=8
The link is*********** :https://stagesupport.netgear.com/support/product/rax45/
The elements text size under current version of above link********** : 4
Total links are 5
Link is:*********** https://www.downloads.netgear.com/files/GDC/RAX45/RAX45-V1.0.16.132.zip
Link is:*********** https://kb.netgear.com/000065930
Link is:*********** https://play.google.com/store/apps/details?id=com.netgear.netgearup&hl=en
Link is:*********** https://itunes.apple.com/us/app/netgear-up/id1124666597?mt=8
Link is:*********** https://www.downloads.netgear.com/files/GDC/DGN2200V3/ReadyShareConnect.exe
The link is*********** :https://stagesupport.netgear.com/support/product/rax48/
The elements text size under current version of above link********** : 4
Total links are 6
Link is:*********** https://www.downloads.netgear.com/files/GDC/RAX48/RAX48-V1.0.15.128_hotfix.zip
Link is:*********** https://kb.netgear.com/000065680
Link is:*********** https://www.downloads.netgear.com/files/GDC/RAX48/RAX48-V1.0.12.120.zip
Link is:*********** https://kb.netgear.com/000064912
Link is:*********** https://play.google.com/store/apps/details?id=com.netgear.netgearup&hl=en
Link is:*********** https://itunes.apple.com/us/app/netgear-up/id1124666597?mt=8
The link is*********** :https://stagesupport.netgear.com/support/product/rax49s/
The elements text size under current version of above link********** : 3
Total links are 4
Link is:*********** https://www.downloads.netgear.com/files/GDC/RAX49S/RAX49-V1.1.3.18.zip
Link is:*********** https://kb.netgear.com/000065240
Link is:*********** https://play.google.com/store/apps/details?id=com.netgear.netgearup&hl=en
Link is:*********** https://itunes.apple.com/us/app/netgear-up/id1124666597?mt=8
The link is*********** :https://stagesupport.netgear.com/support/product/rax5/
The elements text size under current version of above link********** : 3
Total links are 4
Link is:*********** https://www.downloads.netgear.com/files/GDC/RAX5/RAX5_V1.0.9.44_1.zip
Link is:*********** https://kb.netgear.com/000066575
Link is:*********** https://play.google.com/store/apps/details?id=com.netgear.netgearup&hl=en
Link is:*********** https://itunes.apple.com/us/app/netgear-up/id1124666597?mt=8
The link is*********** :https://stagesupport.netgear.com/support/product/rax50/
The elements text size under current version of above link********** : 3
Total links are 4
Link is:*********** https://www.downloads.netgear.com/files/GDC/RAX50/RAX50-V1.0.16.132.zip
Link is:*********** http://kb.netgear.com/000066266
Link is:*********** https://play.google.com/store/apps/details?id=com.netgear.netgearup&hl=en
Link is:*********** https://itunes.apple.com/us/app/netgear-up/id1124666597?mt=8
The link is*********** :https://stagesupport.netgear.com/support/product/rax50s/
The elements text size under current version of above link********** : 3
Total links are 4
Link is:*********** https://www.downloads.netgear.com/files/GDC/RAX50/RAX50-V1.0.16.132.zip
Link is:*********** http://kb.netgear.com/000066266
Link is:*********** https://play.google.com/store/apps/details?id=com.netgear.netgearup&hl=en
Link is:*********** https://itunes.apple.com/us/app/netgear-up/id1124666597?mt=8
The link is*********** :https://stagesupport.netgear.com/support/product/rax50v2/
The elements text size under current version of above link********** : 3
Total links are 4
Link is:*********** https://www.downloads.netgear.com/files/GDC/RAX50/RAX50v2-V1.1.4.28.zip
Link is:*********** http://kb.netgear.com/000065883
Link is:*********** https://play.google.com/store/apps/details?id=com.netgear.netgearup&hl=en
Link is:*********** https://itunes.apple.com/us/app/netgear-up/id1124666597?mt=8
The link is*********** :https://stagesupport.netgear.com/support/product/rax54s/
The elements text size under current version of above link********** : 3
Total links are 4
Link is:*********** https://www.downloads.netgear.com/files/GDC/RAX54S/RAX54S-V1.0.16.132.zip
Link is:*********** https://kb.netgear.com/000065938
Link is:*********** https://play.google.com/store/apps/details?id=com.netgear.netgearup&hl=en
Link is:*********** https://itunes.apple.com/us/app/netgear-up/id1124666597?mt=8
The link is*********** :https://stagesupport.netgear.com/support/product/rax54sv2/
The elements text size under current version of above link********** : 3
Total links are 4
Link is:*********** https://www.downloads.netgear.com/files/GDC/RAX54S/RAX54Sv2-V1.1.4.28.zip
Link is:*********** https://kb.netgear.com/000066006
Link is:*********** https://play.google.com/store/apps/details?id=com.netgear.netgearup&hl=en
Link is:*********** https://itunes.apple.com/us/app/netgear-up/id1124666597?mt=8
The link is*********** :https://stagesupport.netgear.com/support/product/rax60/
The elements text size under current version of above link********** : 2
Total links are 2
Link is:*********** https://play.google.com/store/apps/details?id=com.netgear.netgearup&hl=en
Link is:*********** https://itunes.apple.com/us/app/netgear-up/id1124666597?mt=8
The link is*********** :https://stagesupport.netgear.com/support/product/rax70/
The elements text size under current version of above link********** : 3
Total links are 4
Link is:*********** https://www.downloads.netgear.com/files/GDC/RAX70/RAX70-V1.0.15.146.zip
Link is:*********** https://kb.netgear.com/000065869
Link is:*********** https://play.google.com/store/apps/details?id=com.netgear.netgearup&hl=en
Link is:*********** https://itunes.apple.com/us/app/netgear-up/id1124666597?mt=8
The link is*********** :https://stagesupport.netgear.com/support/product/rax75/
The elements text size under current version of above link********** : 4
Total links are 5
Link is:*********** https://www.downloads.netgear.com/files/GDC/RAX75/RAX75-V1.0.10.140.zip
Link is:*********** https://kb.netgear.com/000065067
Link is:*********** https://play.google.com/store/apps/details?id=com.netgear.netgearup&hl=en
Link is:*********** https://itunes.apple.com/us/app/netgear-up/id1124666597?mt=8
Link is:*********** https://www.downloads.netgear.com/files/GDC/DGN2200V3/ReadyShareConnect.exe
The link is*********** :https://stagesupport.netgear.com/support/product/rax78/
The elements text size under current version of above link********** : 3
Total links are 4
Link is:*********** https://www.downloads.netgear.com/files/GDC/RAX78/RAX78-V1.0.15.146.zip
Link is:*********** https://kb.netgear.com/000065870
Link is:*********** https://itunes.apple.com/us/app/netgear-up/id1124666597?mt=8
Link is:*********** https://play.google.com/store/apps/details?id=com.netgear.netgearup&hl=en
The link is*********** :https://stagesupport.netgear.com/support/product/rax80/
The elements text size under current version of above link********** : 4
Total links are 5
Link is:*********** https://www.downloads.netgear.com/files/GDC/RAX80/RAX80-V1.0.10.140.zip
Link is:*********** https://kb.netgear.com/000065068
Link is:*********** https://play.google.com/store/apps/details?id=com.netgear.netgearup&hl=en
Link is:*********** https://itunes.apple.com/us/app/netgear-up/id1124666597?mt=8
Link is:*********** https://www.downloads.netgear.com/files/GDC/DGN2200V3/ReadyShareConnect.exe
The link is*********** :https://stagesupport.netgear.com/support/product/rax9/
The elements text size under current version of above link********** : 3
Total links are 4
Link is:*********** https://www.downloads.netgear.com/files/GDC/RAX5/RAX5_V1.0.9.44_1.zip
Link is:*********** https://kb.netgear.com/000066575
Link is:*********** https://play.google.com/store/apps/details?id=com.netgear.netgearup&hl=en
Link is:*********** https://itunes.apple.com/us/app/netgear-up/id1124666597?mt=8
The link is*********** :https://stagesupport.netgear.com/support/product/be17000/
The elements text size under current version of above link********** : 3
Total links are 4
Link is:*********** https://www.downloads.netgear.com/files/GDC/BE17000/BE17000-V1.0.1.74.zip
Link is:*********** https://kb.netgear.com/000066601
Link is:*********** https://play.google.com/store/apps/details?id=com.netgear.netgearup&hl=en
Link is:*********** https://itunes.apple.com/us/app/netgear-up/id1124666597?mt=8
The link is*********** :https://stagesupport.netgear.com/support/product/be9300/
The elements text size under current version of above link********** : 3
Total links are 4
Link is:*********** https://www.downloads.netgear.com/files/GDC/BE9300/BE9300-V1.0.1.74.zip
Link is:*********** https://kb.netgear.com/000066585
Link is:*********** https://play.google.com/store/apps/details?id=com.netgear.netgearup&hl=en
Link is:*********** https://itunes.apple.com/us/app/netgear-up/id1124666597?mt=8
The link is*********** :https://stagesupport.netgear.com/support/product/rs100/
The elements text size under current version of above link********** : 3
Total links are 4
Link is:*********** https://www.downloads.netgear.com/files/GDC/RS100/RS100_V1.0.1.80.zip
Link is:*********** https://kb.netgear.com/000066618
Link is:*********** https://play.google.com/store/apps/details?id=com.netgear.netgearup&hl=en
Link is:*********** https://itunes.apple.com/us/app/netgear-up/id1124666597?mt=8
The link is*********** :https://stagesupport.netgear.com/support/product/rs130/
The elements text size under current version of above link********** : 2
Total links are 2
Link is:*********** https://play.google.com/store/apps/details?id=com.netgear.netgearup&hl=en
Link is:*********** https://itunes.apple.com/us/app/netgear-up/id1124666597?mt=8
The link is*********** :https://stagesupport.netgear.com/support/product/rs140/
The elements text size under current version of above link********** : 2
Total links are 2
Link is:*********** https://play.google.com/store/apps/details?id=com.netgear.netgearup&hl=en
Link is:*********** https://itunes.apple.com/us/app/netgear-up/id1124666597?mt=8
The link is*********** :https://stagesupport.netgear.com/support/product/rs150/
The elements text size under current version of above link********** : 3
Total links are 4
Link is:*********** https://www.downloads.netgear.com/files/GDC/RS150/RS150-V1.0.1.74.zip
Link is:*********** https://kb.netgear.com/000066568
Link is:*********** https://play.google.com/store/apps/details?id=com.netgear.netgearup&hl=en
Link is:*********** https://itunes.apple.com/us/app/netgear-up/id1124666597?mt=8
The link is*********** :https://stagesupport.netgear.com/support/product/rs150v2/
The elements text size under current version of above link********** : 3
Total links are 4
Link is:*********** https://www.downloads.netgear.com/files/GDC/RS150v2/RS150v2-V1.0.1.74.zip
Link is:*********** https://kb.netgear.com/000066612
Link is:*********** https://play.google.com/store/apps/details?id=com.netgear.netgearup&hl=en
Link is:*********** https://itunes.apple.com/us/app/netgear-up/id1124666597?mt=8
The link is*********** :https://stagesupport.netgear.com/support/product/rs180/
The elements text size under current version of above link********** : 2
Total links are 2
Link is:*********** https://play.google.com/store/apps/details?id=com.netgear.netgearup&hl=en
Link is:*********** https://itunes.apple.com/us/app/netgear-up/id1124666597?mt=8
The link is*********** :https://stagesupport.netgear.com/support/product/rs200/
The elements text size under current version of above link********** : 3
Total links are 4
Link is:*********** https://www.downloads.netgear.com/files/GDC/RS200/RS200-V1.0.1.74.zip
Link is:*********** https://kb.netgear.com/000066567
Link is:*********** https://play.google.com/store/apps/details?id=com.netgear.netgearup&hl=en
Link is:*********** https://itunes.apple.com/us/app/netgear-up/id1124666597?mt=8
The link is*********** :https://stagesupport.netgear.com/support/product/rs280/
The elements text size under current version of above link********** : 3
Total links are 4
Link is:*********** https://www.downloads.netgear.com/files/GDC/RS280S/RS280S-V1.0.1.74.zip
Link is:*********** https://kb.netgear.com/000066584
Link is:*********** https://play.google.com/store/apps/details?id=com.netgear.netgearup&hl=en
Link is:*********** https://itunes.apple.com/us/app/netgear-up/id1124666597?mt=8
The link is*********** :https://stagesupport.netgear.com/support/product/rs280s/
The elements text size under current version of above link********** : 3
Total links are 4
Link is:*********** https://www.downloads.netgear.com/files/GDC/RS280S/RS280S-V1.0.1.74.zip
Link is:*********** https://kb.netgear.com/000066584
Link is:*********** https://play.google.com/store/apps/details?id=com.netgear.netgearup&hl=en
Link is:*********** https://itunes.apple.com/us/app/netgear-up/id1124666597?mt=8
The link is*********** :https://stagesupport.netgear.com/support/product/rs300/
The elements text size under current version of above link********** : 3
Total links are 4
Link is:*********** https://www.downloads.netgear.com/files/GDC/RS300/RS300-V1.0.1.74.zip
Link is:*********** https://kb.netgear.com/000066583
Link is:*********** https://play.google.com/store/apps/details?id=com.netgear.netgearup&hl=en
Link is:*********** https://itunes.apple.com/us/app/netgear-up/id1124666597?mt=8
The link is*********** :https://stagesupport.netgear.com/support/product/rs500/
The elements text size under current version of above link********** : 3
Total links are 4
Link is:*********** https://www.downloads.netgear.com/files/GDC/RS500/RS500-V1.0.1.74.zip
Link is:*********** https://kb.netgear.com/000066566
Link is:*********** https://play.google.com/store/apps/details?id=com.netgear.netgearup&hl=en
Link is:*********** https://itunes.apple.com/us/app/netgear-up/id1124666597?mt=8
The link is*********** :https://stagesupport.netgear.com/support/product/rs600/
The elements text size under current version of above link********** : 3
Total links are 4
Link is:*********** https://www.downloads.netgear.com/files/GDC/RS600/RS600-V1.0.1.74.zip
Link is:*********** https://kb.netgear.com/000066528
Link is:*********** https://play.google.com/store/apps/details?id=com.netgear.netgearup&hl=en
Link is:*********** https://itunes.apple.com/us/app/netgear-up/id1124666597?mt=8
The link is*********** :https://stagesupport.netgear.com/support/product/rs70/
The elements text size under current version of above link********** : 3
Total links are 4
Link is:*********** https://www.downloads.netgear.com/files/GDC/RS70/RS70-V1.0.1.80.zip
Link is:*********** https://kb.netgear.com/000066616
Link is:*********** https://play.google.com/store/apps/details?id=com.netgear.netgearup&hl=en
Link is:*********** https://itunes.apple.com/us/app/netgear-up/id1124666597?mt=8
The link is*********** :https://stagesupport.netgear.com/support/product/rs700/
The elements text size under current version of above link********** : 3
Total links are 4
Link is:*********** https://www.downloads.netgear.com/files/GDC/RS700S/RS700S-V1.0.7.96.zip
Link is:*********** https://kb.netgear.com/000066519/
Link is:*********** https://play.google.com/store/apps/details?id=com.netgear.netgearup&hl=en
Link is:*********** https://itunes.apple.com/us/app/netgear-up/id1124666597?mt=8
The link is*********** :https://stagesupport.netgear.com/support/product/rs700s/
The elements text size under current version of above link********** : 3
Total links are 4
Link is:*********** https://www.downloads.netgear.com/files/GDC/RS700S/RS700S-V1.0.7.96.zip
Link is:*********** https://kb.netgear.com/000066519/
Link is:*********** https://play.google.com/store/apps/details?id=com.netgear.netgearup&hl=en
Link is:*********** https://itunes.apple.com/us/app/netgear-up/id1124666597?mt=8
The link is*********** :https://stagesupport.netgear.com/support/product/rs90/
The elements text size under current version of above link********** : 3
Total links are 4
Link is:*********** https://www.downloads.netgear.com/files/GDC/RS90/RS90_V1.0.1.80.zip
Link is:*********** https://kb.netgear.com/000066617
Link is:*********** https://play.google.com/store/apps/details?id=com.netgear.netgearup&hl=en
Link is:*********** https://itunes.apple.com/us/app/netgear-up/id1124666597?mt=8
The link is*********** :https://stagesupport.netgear.com/support/product/raxe290/
The elements text size under current version of above link********** : 3
Total links are 4
Link is:*********** https://www.downloads.netgear.com/files/GDC/RAXE290/RAXE290-V1.0.8.64_3.zip
Link is:*********** https://kb.netgear.com/000065585
Link is:*********** https://play.google.com/store/apps/details?id=com.netgear.netgearup&hl=en
Link is:*********** https://itunes.apple.com/us/app/netgear-up/id1124666597?mt=8
The link is*********** :https://stagesupport.netgear.com/support/product/raxe300/
The elements text size under current version of above link********** : 3
Total links are 4
Link is:*********** https://www.downloads.netgear.com/files/GDC/RAXE300/RAXE300-V1.0.8.64_3.zip
Link is:*********** https://kb.netgear.com/000065584
Link is:*********** https://play.google.com/store/apps/details?id=com.netgear.netgearup&hl=en
Link is:*********** https://itunes.apple.com/us/app/netgear-up/id1124666597?mt=8
The link is*********** :https://stagesupport.netgear.com/support/product/raxe450/
The elements text size under current version of above link********** : 3
Total links are 4
Link is:*********** https://www.downloads.netgear.com/files/GDC/RAXE450/RAXE450-V1.0.12.96.zip
Link is:*********** https://kb.netgear.com/000065501
Link is:*********** https://play.google.com/store/apps/details?id=com.netgear.netgearup&hl=en
Link is:*********** https://itunes.apple.com/us/app/netgear-up/id1124666597?mt=8
The link is*********** :https://stagesupport.netgear.com/support/product/raxe500/
The elements text size under current version of above link********** : 3
Total links are 4
Link is:*********** https://www.downloads.netgear.com/files/GDC/RAXE500/RAXE500-V1.2.13.100_2.0.54.zip
Link is:*********** https://kb.netgear.com/000065905
Link is:*********** https://play.google.com/store/apps/details?id=com.netgear.netgearup&hl=en
Link is:*********** https://itunes.apple.com/us/app/netgear-up/id1124666597?mt=8
The link is*********** :https://stagesupport.netgear.com/support/product/lax20/
The elements text size under current version of above link********** : 3
Total links are 4
Link is:*********** https://www.downloads.netgear.com/files/GDC/LAX20/LAX20-V1.1.6.34_2.0.52.zip
Link is:*********** https://kb.netgear.com/000064655
Link is:*********** https://play.google.com/store/apps/details?id=com.netgear.netgearup&hl=en
Link is:*********** https://itunes.apple.com/us/app/netgear-up/id1124666597?mt=8
The link is*********** :https://stagesupport.netgear.com/support/product/r6700ax/
The elements text size under current version of above link********** : 3
Total links are 4
Link is:*********** https://www.downloads.netgear.com/files/GDC/R6700AX/R6700AX-V1.0.18.164.zip
Link is:*********** https://kb.netgear.com/000066596
Link is:*********** https://play.google.com/store/apps/details?id=com.netgear.netgearup&hl=en
Link is:*********** https://itunes.apple.com/us/app/netgear-up/id1124666597?mt=8
The link is*********** :https://stagesupport.netgear.com/support/product/r6700axs/
The elements text size under current version of above link********** : 3
Total links are 4
Link is:*********** https://www.downloads.netgear.com/files/GDC/R6700AX/R6700AX-V1.0.15.146.zip
Link is:*********** https://kb.netgear.com/000065879
Link is:*********** https://play.google.com/store/apps/details?id=com.netgear.netgearup&hl=en
Link is:*********** https://itunes.apple.com/us/app/netgear-up/id1124666597?mt=8
The link is*********** :https://stagesupport.netgear.com/support/product/r6700axv3/
The elements text size under current version of above link********** : 3
Total links are 4
Link is:*********** https://www.downloads.netgear.com/files/GDC/R6700AXv3/R6700AXv3_V1.0.9.44_1.zip
Link is:*********** https://kb.netgear.com/000066613
Link is:*********** https://play.google.com/store/apps/details?id=com.netgear.netgearup&hl=en
Link is:*********** https://itunes.apple.com/us/app/netgear-up/id1124666597?mt=8
The link is*********** :https://stagesupport.netgear.com/support/product/rax10/
The elements text size under current version of above link********** : 3
Total links are 4
Link is:*********** https://www.downloads.netgear.com/files/GDC/RAX10/RAX10-V1.0.18.164.zip
Link is:*********** https://kb.netgear.com/000066595
Link is:*********** https://play.google.com/store/apps/details?id=com.netgear.netgearup&hl=en
Link is:*********** https://itunes.apple.com/us/app/netgear-up/id1124666597?mt=8
The link is*********** :https://stagesupport.netgear.com/support/product/rax10v2/
The elements text size under current version of above link********** : 2
Total links are 2
Link is:*********** https://play.google.com/store/apps/details?id=com.netgear.netgearup&hl=en
Link is:*********** https://itunes.apple.com/us/app/netgear-up/id1124666597?mt=8
The link is*********** :https://stagesupport.netgear.com/support/product/rax120/
The elements text size under current version of above link********** : 4
Total links are 5
Link is:*********** https://www.downloads.netgear.com/files/GDC/RAX120/RAX120v2v1-V1.2.9.52.zip
Link is:*********** https://kb.netgear.com/000065822
Link is:*********** https://play.google.com/store/apps/details?id=com.netgear.netgearup&hl=en
Link is:*********** https://itunes.apple.com/us/app/netgear-up/id1124666597?mt=8
Link is:*********** https://www.downloads.netgear.com/files/GDC/DGN2200V3/ReadyShareConnect.exe
The link is*********** :https://stagesupport.netgear.com/support/product/rax120v2/
The elements text size under current version of above link********** : 4
Total links are 5
Link is:*********** https://www.downloads.netgear.com/files/GDC/RAX120/RAX120v2v1-V1.2.9.52.zip
Link is:*********** https://kb.netgear.com/000065822
Link is:*********** https://play.google.com/store/apps/details?id=com.netgear.netgearup&hl=en
Link is:*********** https://itunes.apple.com/us/app/netgear-up/id1124666597?mt=8
Link is:*********** https://www.downloads.netgear.com/files/GDC/DGN2200V3/ReadyShareConnect.exe
The link is*********** :https://stagesupport.netgear.com/support/product/rax15/
The elements text size under current version of above link********** : 3
Total links are 4
Link is:*********** https://www.downloads.netgear.com/files/GDC/RAX15/RAX15-V1.0.11.112.zip
Link is:*********** https://kb.netgear.com/000064906
Link is:*********** https://play.google.com/store/apps/details?id=com.netgear.netgearup&hl=en
Link is:*********** https://itunes.apple.com/us/app/netgear-up/id1124666597?mt=8
The link is*********** :https://stagesupport.netgear.com/support/product/rax20/
The elements text size under current version of above link********** : 4
Total links are 6
Link is:*********** https://www.downloads.netgear.com/files/GDC/RAX20/RAX20-V1.0.11.112.zip
Link is:*********** https://kb.netgear.com/000064923
Link is:*********** https://www.downloads.netgear.com/files/GDC/RAX20/RAX20-V1.0.9.108_2.0.71.zip
Link is:*********** https://kb.netgear.com/000064662
Link is:*********** https://play.google.com/store/apps/details?id=com.netgear.netgearup&hl=en
Link is:*********** https://itunes.apple.com/us/app/netgear-up/id1124666597?mt=8
The link is*********** :https://stagesupport.netgear.com/support/product/rax200/
The elements text size under current version of above link********** : 4
Total links are 5
Link is:*********** https://www.downloads.netgear.com/files/GDC/RAX200/RAX200-V1.0.10.140.zip
Link is:*********** https://kb.netgear.com/000065069
Link is:*********** https://play.google.com/store/apps/details?id=com.netgear.netgearup&hl=en
Link is:*********** https://itunes.apple.com/us/app/netgear-up/id1124666597?mt=8
Link is:*********** https://www.downloads.netgear.com/files/GDC/DGN2200V3/ReadyShareConnect.exe
The link is*********** :https://stagesupport.netgear.com/support/product/rax28/
The elements text size under current version of above link********** : 3
Total links are 4
Link is:*********** https://www.downloads.netgear.com/files/GDC/RAX28/RAX28-V1.0.13.102.zip
Link is:*********** https://kb.netgear.com/000066035
Link is:*********** https://play.google.com/store/apps/details?id=com.netgear.netgearup&hl=en
Link is:*********** https://itunes.apple.com/us/app/netgear-up/id1124666597?mt=8
The link is*********** :https://stagesupport.netgear.com/support/product/rax29/
The elements text size under current version of above link********** : 3
Total links are 4
Link is:*********** https://www.downloads.netgear.com/files/GDC/RAX29/RAX29-V1.0.13.102.zip
Link is:*********** https://kb.netgear.com/000066034
Link is:*********** https://play.google.com/store/apps/details?id=com.netgear.netgearup&hl=en
Link is:*********** https://itunes.apple.com/us/app/netgear-up/id1124666597?mt=8
The link is*********** :https://stagesupport.netgear.com/support/product/rax30/
The elements text size under current version of above link********** : 3
Total links are 4
Link is:*********** https://www.downloads.netgear.com/files/GDC/RAX30/RAX30-V1.0.13.102.zip
Link is:*********** https://kb.netgear.com/000066033
Link is:*********** https://play.google.com/store/apps/details?id=com.netgear.netgearup&hl=en
Link is:*********** https://itunes.apple.com/us/app/netgear-up/id1124666597?mt=8
The link is*********** :https://stagesupport.netgear.com/support/product/rax35/
The elements text size under current version of above link********** : 3
Total links are 4
Link is:*********** https://www.downloads.netgear.com/files/GDC/RAX35/RAX35-V1.0.6.106_1.0.1.zip
Link is:*********** https://kb.netgear.com/000066103
Link is:*********** https://play.google.com/store/apps/details?id=com.netgear.netgearup&hl=en
Link is:*********** https://itunes.apple.com/us/app/netgear-up/id1124666597?mt=8
The link is*********** :https://stagesupport.netgear.com/support/product/rax35v2/
The elements text size under current version of above link********** : 4
Total links are 6
Link is:*********** https://www.downloads.netgear.com/files/GDC/RAX35v2/RAX35v2-V1.0.15.128_hotfix.zip
Link is:*********** https://kb.netgear.com/000065683
Link is:*********** https://www.downloads.netgear.com/files/GDC/RAX35v2/RAX35v2-V1.0.12.120.zip
Link is:*********** https://kb.netgear.com/000065470
Link is:*********** https://play.google.com/store/apps/details?id=com.netgear.netgearup&hl=en
Link is:*********** https://itunes.apple.com/us/app/netgear-up/id1124666597?mt=8
The link is*********** :https://stagesupport.netgear.com/support/product/rax36/
The elements text size under current version of above link********** : 3
Total links are 4
Link is:*********** https://www.downloads.netgear.com/files/GDC/RAX36/RAX36-V1.0.4.46.zip
Link is:*********** https://kb.netgear.com/000066400
Link is:*********** https://play.google.com/store/apps/details?id=com.netgear.netgearup&hl=en
Link is:*********** https://itunes.apple.com/us/app/netgear-up/id1124666597?mt=8
The link is*********** :https://stagesupport.netgear.com/support/product/rax36s/
The elements text size under current version of above link********** : 3
Total links are 4
Link is:*********** https://www.downloads.netgear.com/files/GDC/RAX36S/RAX36S_V1.0.4.46.zip
Link is:*********** https://kb.netgear.com/000066447
Link is:*********** https://play.google.com/store/apps/details?id=com.netgear.netgearup&hl=en
Link is:*********** https://itunes.apple.com/us/app/netgear-up/id1124666597?mt=8
The link is*********** :https://stagesupport.netgear.com/support/product/rax38/
The elements text size under current version of above link********** : 4
Total links are 5
Link is:*********** https://www.downloads.netgear.com/files/GDC/RAX38/RAX38-V1.0.6.106_1.0.1.zip
Link is:*********** https://kb.netgear.com/000066104
Link is:*********** https://play.google.com/store/apps/details?id=com.netgear.netgearup&hl=en
Link is:*********** https://itunes.apple.com/us/app/netgear-up/id1124666597?mt=8
Link is:*********** https://www.downloads.netgear.com/files/GDC/DGN2200V3/ReadyShareConnect.exe
The link is*********** :https://stagesupport.netgear.com/support/product/rax38v2/
The elements text size under current version of above link********** : 4
Total links are 5
Link is:*********** https://www.downloads.netgear.com/files/GDC/RAX38v2/RAX38v2-V1.0.16.132.zip
Link is:*********** https://kb.netgear.com/000065931
Link is:*********** https://play.google.com/store/apps/details?id=com.netgear.netgearup&hl=en
Link is:*********** https://itunes.apple.com/us/app/netgear-up/id1124666597?mt=8
Link is:*********** https://www.downloads.netgear.com/files/GDC/DGN2200V3/ReadyShareConnect.exe
The link is*********** :https://stagesupport.netgear.com/support/product/rax40/
The elements text size under current version of above link********** : 4
Total links are 5
Link is:*********** https://www.downloads.netgear.com/files/GDC/RAX40/RAX40-V1.0.6.106_1.0.1.zip
Link is:*********** https://kb.netgear.com/000066105
Link is:*********** https://play.google.com/store/apps/details?id=com.netgear.netgearup&hl=en
Link is:*********** https://itunes.apple.com/us/app/netgear-up/id1124666597?mt=8
Link is:*********** https://www.downloads.netgear.com/files/GDC/DGN2200V3/ReadyShareConnect.exe
The link is*********** :https://stagesupport.netgear.com/support/product/rax40v2/
The elements text size under current version of above link********** : 6
Total links are 9
Link is:*********** https://www.downloads.netgear.com/files/GDC/RAX40v2/RAX40v2-V1.0.15.128_hotfix.zip
Link is:*********** https://kb.netgear.com/000065685
Link is:*********** https://www.downloads.netgear.com/files/GDC/RAX40v2/RAX40v2-V1.0.12.120.zip
Link is:*********** https://kb.netgear.com/000065469
Link is:*********** https://www.downloads.netgear.com/files/GDC/RAX40v2/RAX40v2-V1.0.9.108_2.0.74.zip
Link is:*********** https://kb.netgear.com/000064667
Link is:*********** https://play.google.com/store/apps/details?id=com.netgear.netgearup&hl=en
Link is:*********** https://itunes.apple.com/us/app/netgear-up/id1124666597?mt=8
Link is:*********** https://www.downloads.netgear.com/files/GDC/DGN2200V3/ReadyShareConnect.exe
The link is*********** :https://stagesupport.netgear.com/support/product/rax41/
The elements text size under current version of above link********** : 3
Total links are 4
Link is:*********** https://www.downloads.netgear.com/files/GDC/RAX41/RAX41-V1.0.16.132.zip
Link is:*********** https://kb.netgear.com/000065934
Link is:*********** https://play.google.com/store/apps/details?id=com.netgear.netgearup&hl=en
Link is:*********** https://itunes.apple.com/us/app/netgear-up/id1124666597?mt=8
The link is*********** :https://stagesupport.netgear.com/support/product/rax41v2/
The elements text size under current version of above link********** : 3
Total links are 4
Link is:*********** https://www.downloads.netgear.com/files/GDC/RAX41/RAX41v2-V1.1.3.18.zip
Link is:*********** https://kb.netgear.com/000065445
Link is:*********** https://play.google.com/store/apps/details?id=com.netgear.netgearup&hl=en
Link is:*********** https://itunes.apple.com/us/app/netgear-up/id1124666597?mt=8
The link is*********** :https://stagesupport.netgear.com/support/product/rax42/
The elements text size under current version of above link********** : 3
Total links are 4
Link is:*********** https://www.downloads.netgear.com/files/GDC/RAX42/RAX42-V1.0.16.132.zip
Link is:*********** https://kb.netgear.com/000065935
Link is:*********** https://play.google.com/store/apps/details?id=com.netgear.netgearup&hl=en
Link is:*********** https://itunes.apple.com/us/app/netgear-up/id1124666597?mt=8
The link is*********** :https://stagesupport.netgear.com/support/product/rax42v2/
The elements text size under current version of above link********** : 3
Total links are 4
Link is:*********** https://www.downloads.netgear.com/files/GDC/RAX42/RAX42v2-V1.1.3.18.zip
Link is:*********** https://kb.netgear.com/000065446
Link is:*********** https://play.google.com/store/apps/details?id=com.netgear.netgearup&hl=en
Link is:*********** https://itunes.apple.com/us/app/netgear-up/id1124666597?mt=8
The link is*********** :https://stagesupport.netgear.com/support/product/rax43/
The elements text size under current version of above link********** : 3
Total links are 4
Link is:*********** https://www.downloads.netgear.com/files/GDC/RAX43/RAX43-V1.0.16.132.zip
Link is:*********** https://kb.netgear.com/000065936
Link is:*********** https://play.google.com/store/apps/details?id=com.netgear.netgearup&hl=en
Link is:*********** https://itunes.apple.com/us/app/netgear-up/id1124666597?mt=8
The link is*********** :https://stagesupport.netgear.com/support/product/rax43v2/
The elements text size under current version of above link********** : 3
Total links are 4
Link is:*********** https://www.downloads.netgear.com/files/GDC/RAX43/RAX43v2-V1.1.3.18.zip
Link is:*********** https://kb.netgear.com/000065447
Link is:*********** https://play.google.com/store/apps/details?id=com.netgear.netgearup&hl=en
Link is:*********** https://itunes.apple.com/us/app/netgear-up/id1124666597?mt=8
The link is*********** :https://stagesupport.netgear.com/support/product/rax45/
The elements text size under current version of above link********** : 4
Total links are 5
Link is:*********** https://www.downloads.netgear.com/files/GDC/RAX45/RAX45-V1.0.16.132.zip
Link is:*********** https://kb.netgear.com/000065930
Link is:*********** https://play.google.com/store/apps/details?id=com.netgear.netgearup&hl=en
Link is:*********** https://itunes.apple.com/us/app/netgear-up/id1124666597?mt=8
Link is:*********** https://www.downloads.netgear.com/files/GDC/DGN2200V3/ReadyShareConnect.exe
The link is*********** :https://stagesupport.netgear.com/support/product/rax48/
The elements text size under current version of above link********** : 4
Total links are 6
Link is:*********** https://www.downloads.netgear.com/files/GDC/RAX48/RAX48-V1.0.15.128_hotfix.zip
Link is:*********** https://kb.netgear.com/000065680
Link is:*********** https://www.downloads.netgear.com/files/GDC/RAX48/RAX48-V1.0.12.120.zip
Link is:*********** https://kb.netgear.com/000064912
Link is:*********** https://play.google.com/store/apps/details?id=com.netgear.netgearup&hl=en
Link is:*********** https://itunes.apple.com/us/app/netgear-up/id1124666597?mt=8
The link is*********** :https://stagesupport.netgear.com/support/product/rax49s/
The elements text size under current version of above link********** : 3
Total links are 4
Link is:*********** https://www.downloads.netgear.com/files/GDC/RAX49S/RAX49-V1.1.3.18.zip
Link is:*********** https://kb.netgear.com/000065240
Link is:*********** https://play.google.com/store/apps/details?id=com.netgear.netgearup&hl=en
Link is:*********** https://itunes.apple.com/us/app/netgear-up/id1124666597?mt=8
The link is*********** :https://stagesupport.netgear.com/support/product/rax5/
The elements text size under current version of above link********** : 3
Total links are 4
Link is:*********** https://www.downloads.netgear.com/files/GDC/RAX5/RAX5_V1.0.9.44_1.zip
Link is:*********** https://kb.netgear.com/000066575
Link is:*********** https://play.google.com/store/apps/details?id=com.netgear.netgearup&hl=en
Link is:*********** https://itunes.apple.com/us/app/netgear-up/id1124666597?mt=8
The link is*********** :https://stagesupport.netgear.com/support/product/rax50/
The elements text size under current version of above link********** : 3
Total links are 4
Link is:*********** https://www.downloads.netgear.com/files/GDC/RAX50/RAX50-V1.0.16.132.zip
Link is:*********** http://kb.netgear.com/000066266
Link is:*********** https://play.google.com/store/apps/details?id=com.netgear.netgearup&hl=en
Link is:*********** https://itunes.apple.com/us/app/netgear-up/id1124666597?mt=8
The link is*********** :https://stagesupport.netgear.com/support/product/rax50s/
The elements text size under current version of above link********** : 3
Total links are 4
Link is:*********** https://www.downloads.netgear.com/files/GDC/RAX50/RAX50-V1.0.16.132.zip
Link is:*********** http://kb.netgear.com/000066266
Link is:*********** https://play.google.com/store/apps/details?id=com.netgear.netgearup&hl=en
Link is:*********** https://itunes.apple.com/us/app/netgear-up/id1124666597?mt=8
The link is*********** :https://stagesupport.netgear.com/support/product/rax50v2/
The elements text size under current version of above link********** : 3
Total links are 4
Link is:*********** https://www.downloads.netgear.com/files/GDC/RAX50/RAX50v2-V1.1.4.28.zip
Link is:*********** http://kb.netgear.com/000065883
Link is:*********** https://play.google.com/store/apps/details?id=com.netgear.netgearup&hl=en
Link is:*********** https://itunes.apple.com/us/app/netgear-up/id1124666597?mt=8
The link is*********** :https://stagesupport.netgear.com/support/product/rax54s/
The elements text size under current version of above link********** : 3
Total links are 4
Link is:*********** https://www.downloads.netgear.com/files/GDC/RAX54S/RAX54S-V1.0.16.132.zip
Link is:*********** https://kb.netgear.com/000065938
Link is:*********** https://play.google.com/store/apps/details?id=com.netgear.netgearup&hl=en
Link is:*********** https://itunes.apple.com/us/app/netgear-up/id1124666597?mt=8
The link is*********** :https://stagesupport.netgear.com/support/product/rax54sv2/
The elements text size under current version of above link********** : 3
Total links are 4
Link is:*********** https://www.downloads.netgear.com/files/GDC/RAX54S/RAX54Sv2-V1.1.4.28.zip
Link is:*********** https://kb.netgear.com/000066006
Link is:*********** https://play.google.com/store/apps/details?id=com.netgear.netgearup&hl=en
Link is:*********** https://itunes.apple.com/us/app/netgear-up/id1124666597?mt=8
The link is*********** :https://stagesupport.netgear.com/support/product/rax60/
The elements text size under current version of above link********** : 2
Total links are 2
Link is:*********** https://play.google.com/store/apps/details?id=com.netgear.netgearup&hl=en
Link is:*********** https://itunes.apple.com/us/app/netgear-up/id1124666597?mt=8
The link is*********** :https://stagesupport.netgear.com/support/product/rax70/
The elements text size under current version of above link********** : 3
Total links are 4
Link is:*********** https://www.downloads.netgear.com/files/GDC/RAX70/RAX70-V1.0.15.146.zip
Link is:*********** https://kb.netgear.com/000065869
Link is:*********** https://play.google.com/store/apps/details?id=com.netgear.netgearup&hl=en
Link is:*********** https://itunes.apple.com/us/app/netgear-up/id1124666597?mt=8
The link is*********** :https://stagesupport.netgear.com/support/product/rax75/
The elements text size under current version of above link********** : 4
Total links are 5
Link is:*********** https://www.downloads.netgear.com/files/GDC/RAX75/RAX75-V1.0.10.140.zip
Link is:*********** https://kb.netgear.com/000065067
Link is:*********** https://play.google.com/store/apps/details?id=com.netgear.netgearup&hl=en
Link is:*********** https://itunes.apple.com/us/app/netgear-up/id1124666597?mt=8
Link is:*********** https://www.downloads.netgear.com/files/GDC/DGN2200V3/ReadyShareConnect.exe
The link is*********** :https://stagesupport.netgear.com/support/product/rax78/
The elements text size under current version of above link********** : 3
Total links are 4
Link is:*********** https://www.downloads.netgear.com/files/GDC/RAX78/RAX78-V1.0.15.146.zip
Link is:*********** https://kb.netgear.com/000065870
Link is:*********** https://itunes.apple.com/us/app/netgear-up/id1124666597?mt=8
Link is:*********** https://play.google.com/store/apps/details?id=com.netgear.netgearup&hl=en
The link is*********** :https://stagesupport.netgear.com/support/product/rax80/
The elements text size under current version of above link********** : 4
Total links are 5
Link is:*********** https://www.downloads.netgear.com/files/GDC/RAX80/RAX80-V1.0.10.140.zip
Link is:*********** https://kb.netgear.com/000065068
Link is:*********** https://play.google.com/store/apps/details?id=com.netgear.netgearup&hl=en
Link is:*********** https://itunes.apple.com/us/app/netgear-up/id1124666597?mt=8
Link is:*********** https://www.downloads.netgear.com/files/GDC/DGN2200V3/ReadyShareConnect.exe
The link is*********** :https://stagesupport.netgear.com/support/product/rax9/
The elements text size under current version of above link********** : 3
Total links are 4
Link is:*********** https://www.downloads.netgear.com/files/GDC/RAX5/RAX5_V1.0.9.44_1.zip
Link is:*********** https://kb.netgear.com/000066575
Link is:*********** https://play.google.com/store/apps/details?id=com.netgear.netgearup&hl=en
Link is:*********** https://itunes.apple.com/us/app/netgear-up/id1124666597?mt=8
The link is*********** :https://stagesupport.netgear.com/support/product/xr1000/
The elements text size under current version of above link********** : 3
Total links are 4
Link is:*********** https://www.downloads.netgear.com/files/GDC/XR1000/XR1000-V1.0.0.74.zip
Link is:*********** https://kb.netgear.com/000066233
Link is:*********** https://play.google.com/store/apps/details?id=com.netgear.netgearup&hl=en
Link is:*********** https://itunes.apple.com/us/app/netgear-up/id1124666597?mt=8
The link is*********** :https://stagesupport.netgear.com/support/product/xr1000-1rnnas-entouch/
The elements text size under current version of above link********** : 3
Total links are 4
Link is:*********** https://www.downloads.netgear.com/files/GDC/XR1000-1RNNAS/XR1000-V1.0.64.18_5.0.19.zip
Link is:*********** https://kb.netgear.com/000065320
Link is:*********** https://play.google.com/store/apps/details?id=com.netgear.netgearup&hl=en
Link is:*********** https://itunes.apple.com/us/app/netgear-up/id1124666597?mt=8
The link is*********** :https://stagesupport.netgear.com/support/product/xr1000-1rnnas-grande/
The elements text size under current version of above link********** : 3
Total links are 4
Link is:*********** https://www.downloads.netgear.com/files/GDC/XR1000-1RNNAS/XR1000-V1.0.64.18_5.0.19.zip
Link is:*********** https://kb.netgear.com/000065320
Link is:*********** https://play.google.com/store/apps/details?id=com.netgear.netgearup&hl=en
Link is:*********** https://itunes.apple.com/us/app/netgear-up/id1124666597?mt=8
The link is*********** :https://stagesupport.netgear.com/support/product/xr1000-1rnnas-rcn/
The elements text size under current version of above link********** : 3
Total links are 4
Link is:*********** https://www.downloads.netgear.com/files/GDC/XR1000-1RNNAS/XR1000-V1.0.64.18_5.0.19.zip
Link is:*********** https://kb.netgear.com/000065320
Link is:*********** https://play.google.com/store/apps/details?id=com.netgear.netgearup&hl=en
Link is:*********** https://itunes.apple.com/us/app/netgear-up/id1124666597?mt=8
The link is*********** :https://stagesupport.netgear.com/support/product/xr1000-1rnnas-wave/
The elements text size under current version of above link********** : 3
Total links are 4
Link is:*********** https://www.downloads.netgear.com/files/GDC/XR1000-1RNNAS/XR1000-V1.0.64.18_5.0.19.zip
Link is:*********** https://kb.netgear.com/000065320
Link is:*********** https://play.google.com/store/apps/details?id=com.netgear.netgearup&hl=en
Link is:*********** https://itunes.apple.com/us/app/netgear-up/id1124666597?mt=8
The link is*********** :https://stagesupport.netgear.com/support/product/xr300/
The elements text size under current version of above link********** : 6
Total links are 8
Link is:*********** https://www.downloads.netgear.com/files/GDC/XR300/XR300-V1.0.3.78_10.3.58.zip
Link is:*********** https://kb.netgear.com/000065078
Link is:*********** https://play.google.com/store/apps/details?id=com.netgear.netgearup&hl=en
Link is:*********** https://itunes.apple.com/us/app/netgear-up/id1124666597?mt=8
Link is:*********** https://www.downloads.netgear.com/files/GDC/DGN2200V3/ReadyShareConnect.exe
Link is:*********** https://www.downloads.netgear.com/files/GDC/R6300/ReadySharePrinter_setup_v1.36.zip
Link is:*********** https://www.downloads.netgear.com/files/GDC/R6300/ReadySHARE%20USB%20Printer%20MAC_V3.1.zip
Link is:*********** http://kb.netgear.com/000061563
The link is*********** :https://stagesupport.netgear.com/support/product/xr450/
The elements text size under current version of above link********** : 6
Total links are 8
Link is:*********** https://www.downloads.netgear.com/files/GDC/XR450/XR450-V2.3.3.136.zip
Link is:*********** https://kb.netgear.com/000066607
Link is:*********** https://play.google.com/store/apps/details?id=com.netgear.netgearup&hl=en
Link is:*********** https://itunes.apple.com/us/app/netgear-up/id1124666597?mt=8
Link is:*********** https://www.downloads.netgear.com/files/GDC/DGN2200V3/ReadyShareConnect.exe
Link is:*********** https://www.downloads.netgear.com/files/GDC/R6300/ReadySharePrinter_setup_v1.36.zip
Link is:*********** https://www.downloads.netgear.com/files/GDC/R6300/ReadySHARE%20USB%20Printer%20MAC_V3.1.zip
Link is:*********** http://kb.netgear.com/000061563
The link is*********** :https://stagesupport.netgear.com/support/product/xr500/
The elements text size under current version of above link********** : 6
Total links are 8
Link is:*********** https://www.downloads.netgear.com/files/GDC/XR500/XR500-V2.3.3.136.zip
Link is:*********** https://kb.netgear.com/000066608
Link is:*********** https://play.google.com/store/apps/details?id=com.netgear.netgearup&hl=en
Link is:*********** https://itunes.apple.com/us/app/netgear-up/id1124666597?mt=8
Link is:*********** https://www.downloads.netgear.com/files/GDC/DGND3300V2/ReadySHARE%20Access.zip
Link is:*********** https://www.downloads.netgear.com/files/GDC/R6300/ReadySharePrinter_setup_v1.36.zip
Link is:*********** https://www.downloads.netgear.com/files/GDC/R6300/ReadySHARE%20USB%20Printer%20MAC_V3.1.zip
Link is:*********** http://kb.netgear.com/000061563
The link is*********** :https://stagesupport.netgear.com/support/product/xr700/
The elements text size under current version of above link********** : 6
Total links are 8
Link is:*********** https://www.downloads.netgear.com/files/GDC/XR700/XR700-V1.0.1.50.zip
Link is:*********** https://kb.netgear.com/000065096
Link is:*********** https://play.google.com/store/apps/details?id=com.netgear.netgearup&hl=en
Link is:*********** https://itunes.apple.com/us/app/netgear-up/id1124666597?mt=8
Link is:*********** https://www.downloads.netgear.com/files/GDC/DGN2200V3/ReadyShareConnect.exe
Link is:*********** https://www.downloads.netgear.com/files/GDC/R6300/ReadySharePrinter_setup_v1.36.zip
Link is:*********** https://www.downloads.netgear.com/files/GDC/R6300/ReadySHARE%20USB%20Printer%20MAC_V3.1.zip
Link is:*********** http://kb.netgear.com/000061563
The link is*********** :https://stagesupport.netgear.com/support/product/xrm570/
The elements text size under current version of above link********** : 5
Total links are 7
Link is:*********** https://www.downloads.netgear.com/files/GDC/XR500/XR500-V2.3.3.136.zip
Link is:*********** https://kb.netgear.com/000066608
Link is:*********** https://www.downloads.netgear.com/files/GDC/EX7700/EX7700-V1.0.0.226.zip
Link is:*********** https://kb.netgear.com/000064648
Link is:*********** https://play.google.com/store/apps/details?id=com.netgear.netgearup&hl=en
Link is:*********** https://itunes.apple.com/us/app/netgear-up/id1124666597?mt=8
Link is:*********** https://www.downloads.netgear.com/files/GDC/DGN2200V3/ReadyShareConnect.exe
The link is*********** :https://stagesupport.netgear.com/support/product/ac2100/
The elements text size under current version of above link********** : 4
Total links are 5
Link is:*********** https://www.downloads.netgear.com/files/GDC/AC2100/AC2100_V1.2.0.92.zip
Link is:*********** https://kb.netgear.com/000064944
Link is:*********** https://play.google.com/store/apps/details?id=com.netgear.netgearup&hl=en
Link is:*********** https://itunes.apple.com/us/app/netgear-up/id1124666597?mt=8
Link is:*********** https://www.downloads.netgear.com/files/GDC/DGN2200V3/ReadyShareConnect.exe
The link is*********** :https://stagesupport.netgear.com/support/product/ac2400/
The elements text size under current version of above link********** : 4
Total links are 5
Link is:*********** https://www.downloads.netgear.com/files/GDC/AC2400/AC2400_V1.2.0.92.zip
Link is:*********** https://kb.netgear.com/000064945
Link is:*********** https://play.google.com/store/apps/details?id=com.netgear.netgearup&hl=en
Link is:*********** https://itunes.apple.com/us/app/netgear-up/id1124666597?mt=8
Link is:*********** https://www.downloads.netgear.com/files/GDC/DGN2200V3/ReadyShareConnect.exe
The link is*********** :https://stagesupport.netgear.com/support/product/ac2600/
The elements text size under current version of above link********** : 4
Total links are 5
Link is:*********** https://www.downloads.netgear.com/files/GDC/AC2600/AC2600_V1.2.0.92.zip
Link is:*********** https://kb.netgear.com/000064946
Link is:*********** https://play.google.com/store/apps/details?id=com.netgear.netgearup&hl=en
Link is:*********** https://itunes.apple.com/us/app/netgear-up/id1124666597?mt=8
Link is:*********** https://www.downloads.netgear.com/files/GDC/DGN2200V3/ReadyShareConnect.exe
The link is*********** :https://stagesupport.netgear.com/support/product/r6700/
The elements text size under current version of above link********** : 6
Total links are 11
Link is:*********** https://www.downloads.netgear.com/files/GDC/R6700/R6700-V1.0.2.26_10.0.61.zip
Link is:*********** https://kb.netgear.com/000064026
Link is:*********** https://updates1.netgear.com/netgeargenie/mac/update/NETGEARGenieInstaller.dmg
Link is:*********** http://kb.netgear.com/000037853
Link is:*********** https://updates1.netgear.com/netgeargenie/update/NETGEARGenie-install.exe
Link is:*********** http://kb.netgear.com/000037853
Link is:*********** https://www.downloads.netgear.com/files/GDC/R6300/ReadySharePrinter_setup_v1.36.zip
Link is:*********** https://www.downloads.netgear.com/files/GDC/R6300/ReadySHARE%20USB%20Printer%20MAC_V3.1.zip
Link is:*********** http://kb.netgear.com/000061563
Link is:*********** https://www.downloads.netgear.com/files/GDC/RD5200/ReadySHAREVault-install-v2.0.10.100.zip
Link is:*********** http://kb.netgear.com/app/answers/detail/a_id/25411
The link is*********** :https://stagesupport.netgear.com/support/product/r6700v2/
The elements text size under current version of above link********** : 6
Total links are 9
Link is:*********** https://www.downloads.netgear.com/files/GDC/R6700v2/R6700v2_V1.2.0.92.zip
Link is:*********** https://kb.netgear.com/000064939
Link is:*********** https://play.google.com/store/apps/details?id=com.netgear.netgearup&hl=en
Link is:*********** https://itunes.apple.com/us/app/netgear-up/id1124666597?mt=8
Link is:*********** https://www.downloads.netgear.com/files/GDC/R6300/ReadySharePrinter_setup_v1.36.zip
Link is:*********** https://www.downloads.netgear.com/files/GDC/R6300/ReadySHARE%20USB%20Printer%20MAC_V3.1.zip
Link is:*********** http://kb.netgear.com/000061563
Link is:*********** https://www.downloads.netgear.com/files/GDC/RD5200/ReadySHAREVault-install-v2.0.10.100.zip
Link is:*********** http://kb.netgear.com/app/answers/detail/a_id/25411
The link is*********** :https://stagesupport.netgear.com/support/product/r6700v3/
The elements text size under current version of above link********** : 5
Total links are 7
Link is:*********** https://www.downloads.netgear.com/files/GDC/R6700v3/R6700v3-V1.0.5.128_10.0.104.zip
Link is:*********** https://kb.netgear.com/000066378
Link is:*********** https://play.google.com/store/apps/details?id=com.netgear.netgearup&hl=en
Link is:*********** https://itunes.apple.com/us/app/netgear-up/id1124666597?mt=8
Link is:*********** https://www.downloads.netgear.com/files/GDC/R6300/ReadySharePrinter_setup_v1.36.zip
Link is:*********** https://www.downloads.netgear.com/files/GDC/R6300/ReadySHARE%20USB%20Printer%20MAC_V3.1.zip
Link is:*********** http://kb.netgear.com/000061563
The link is*********** :https://stagesupport.netgear.com/support/product/r6900/
The elements text size under current version of above link********** : 5
Total links are 7
Link is:*********** https://www.downloads.netgear.com/files/GDC/R6900/R6900-V1.0.2.26_10.0.45.zip
Link is:*********** https://kb.netgear.com/000064034
Link is:*********** https://play.google.com/store/apps/details?id=com.netgear.netgearup&hl=en
Link is:*********** https://itunes.apple.com/us/app/netgear-up/id1124666597?mt=8
Link is:*********** https://www.downloads.netgear.com/files/GDC/R6300/ReadySharePrinter_setup_v1.36.zip
Link is:*********** https://www.downloads.netgear.com/files/GDC/R6300/ReadySHARE%20USB%20Printer%20MAC_V3.1.zip
Link is:*********** http://kb.netgear.com/000061563
The link is*********** :https://stagesupport.netgear.com/support/product/r6900p/
The elements text size under current version of above link********** : 5
Total links are 7
Link is:*********** https://www.downloads.netgear.com/files/GDC/R6900P/R6900P-V1.3.3.154_10.1.86.zip
Link is:*********** https://kb.netgear.com/000065226
Link is:*********** https://play.google.com/store/apps/details?id=com.netgear.netgearup&hl=en
Link is:*********** https://itunes.apple.com/us/app/netgear-up/id1124666597?mt=8
Link is:*********** https://www.downloads.netgear.com/files/GDC/R6300/ReadySharePrinter_setup_v1.36.zip
Link is:*********** https://www.downloads.netgear.com/files/GDC/R6300/ReadySHARE%20USB%20Printer%20MAC_V3.1.zip
Link is:*********** http://kb.netgear.com/000061563
The link is*********** :https://stagesupport.netgear.com/support/product/r6900v2/
The elements text size under current version of above link********** : 5
Total links are 7
Link is:*********** https://www.downloads.netgear.com/files/GDC/R6900v2/R6900v2-V1.2.1.92.zip
Link is:*********** https://kb.netgear.com/000066522
Link is:*********** https://play.google.com/store/apps/details?id=com.netgear.netgearup&hl=en
Link is:*********** https://itunes.apple.com/us/app/netgear-up/id1124666597?mt=8
Link is:*********** https://www.downloads.netgear.com/files/GDC/R6300/ReadySharePrinter_setup_v1.36.zip
Link is:*********** https://www.downloads.netgear.com/files/GDC/R6300/ReadySHARE%20USB%20Printer%20MAC_V3.1.zip
Link is:*********** http://kb.netgear.com/000061563
The link is*********** :https://stagesupport.netgear.com/support/product/r7000/
The elements text size under current version of above link********** : 5
Total links are 7
Link is:*********** https://www.downloads.netgear.com/files/GDC/R7000/R7000-V1.0.12.216.zip
Link is:*********** https://kb.netgear.com/000066363
Link is:*********** https://play.google.com/store/apps/details?id=com.netgear.netgearup&hl=en
Link is:*********** https://itunes.apple.com/us/app/netgear-up/id1124666597?mt=8
Link is:*********** https://www.downloads.netgear.com/files/GDC/R6300/ReadySharePrinter_setup_v1.36.zip
Link is:*********** https://www.downloads.netgear.com/files/GDC/R6300/ReadySHARE%20USB%20Printer%20MAC_V3.1.zip
Link is:*********** http://kb.netgear.com/000061563
The link is*********** :https://stagesupport.netgear.com/support/product/r7000p/
The elements text size under current version of above link********** : 5
Total links are 7
Link is:*********** https://www.downloads.netgear.com/files/GDC/R7000P/R7000P-V1.3.3.154_10.1.86.zip
Link is:*********** https://kb.netgear.com/000065225
Link is:*********** https://play.google.com/store/apps/details?id=com.netgear.netgearup&hl=en
Link is:*********** https://itunes.apple.com/us/app/netgear-up/id1124666597?mt=8
Link is:*********** https://www.downloads.netgear.com/files/GDC/R6300/ReadySharePrinter_setup_v1.36.zip
Link is:*********** https://www.downloads.netgear.com/files/GDC/R6300/ReadySHARE%20USB%20Printer%20MAC_V3.1.zip
Link is:*********** http://kb.netgear.com/000061563
The link is*********** :https://stagesupport.netgear.com/support/product/r7200/
The elements text size under current version of above link********** : 4
Total links are 5
Link is:*********** https://www.downloads.netgear.com/files/GDC/R7200/R7200-V1.2.0.92.zip
Link is:*********** https://kb.netgear.com/000064949
Link is:*********** https://play.google.com/store/apps/details?id=com.netgear.netgearup&hl=en
Link is:*********** https://itunes.apple.com/us/app/netgear-up/id1124666597?mt=8
Link is:*********** https://www.downloads.netgear.com/files/GDC/DGN2200V3/ReadyShareConnect.exe
The link is*********** :https://stagesupport.netgear.com/support/product/r7300dst/
The elements text size under current version of above link********** : 6
Total links are 11
Link is:*********** https://www.downloads.netgear.com/files/GDC/R7300DST/R7300-V1.0.0.74_1.0.29.zip
Link is:*********** http://kb.netgear.com/000061547
Link is:*********** https://updates1.netgear.com/netgeargenie/mac/update/NETGEARGenieInstaller.dmg
Link is:*********** http://kb.netgear.com/000037853
Link is:*********** https://updates1.netgear.com/netgeargenie/update/NETGEARGenie-install.exe
Link is:*********** http://kb.netgear.com/000037853
Link is:*********** https://www.downloads.netgear.com/files/GDC/R6300/ReadySharePrinter_setup_v1.36.zip
Link is:*********** https://www.downloads.netgear.com/files/GDC/R6300/ReadySHARE%20USB%20Printer%20MAC_V3.1.zip
Link is:*********** http://kb.netgear.com/000061563
Link is:*********** https://www.downloads.netgear.com/files/GDC/RD5200/ReadySHAREVault-install-v2.0.10.100.zip
Link is:*********** http://kb.netgear.com/app/answers/detail/a_id/25411
The link is*********** :https://stagesupport.netgear.com/support/product/r7350/
The elements text size under current version of above link********** : 3
Total links are 4
Link is:*********** https://www.downloads.netgear.com/files/GDC/R7350/R7350_V1.2.0.92.zip
Link is:*********** https://kb.netgear.com/000064948
Link is:*********** https://play.google.com/store/apps/details?id=com.netgear.netgearup&hl=en
Link is:*********** https://itunes.apple.com/us/app/netgear-up/id1124666597?mt=8
The link is*********** :https://stagesupport.netgear.com/support/product/r7400/
The elements text size under current version of above link********** : 4
Total links are 5
Link is:*********** https://www.downloads.netgear.com/files/GDC/R7400/R7400_V1.2.0.92.zip
Link is:*********** https://kb.netgear.com/000064947
Link is:*********** https://play.google.com/store/apps/details?id=com.netgear.netgearup&hl=en
Link is:*********** https://itunes.apple.com/us/app/netgear-up/id1124666597?mt=8
Link is:*********** https://www.downloads.netgear.com/files/GDC/DGN2200V3/ReadyShareConnect.exe
The link is*********** :https://stagesupport.netgear.com/support/product/r7450/
The elements text size under current version of above link********** : 4
Total links are 5
Link is:*********** https://www.downloads.netgear.com/files/GDC/R7450/R7450_V1.2.1.92.zip
Link is:*********** https://kb.netgear.com/000066523
Link is:*********** https://play.google.com/store/apps/details?id=com.netgear.netgearup&hl=en
Link is:*********** https://itunes.apple.com/us/app/netgear-up/id1124666597?mt=8
Link is:*********** https://www.downloads.netgear.com/files/GDC/DGN2200V3/ReadyShareConnect.exe
The link is*********** :https://stagesupport.netgear.com/support/product/r7500/
The elements text size under current version of above link********** : 6
Total links are 11
Link is:*********** https://www.downloads.netgear.com/files/GDC/R7500/R7500-V1.0.0.130.zip
Link is:*********** http://kb.netgear.com/000060345
Link is:*********** https://updates1.netgear.com/netgeargenie/mac/update/NETGEARGenieInstaller.dmg
Link is:*********** http://kb.netgear.com/000037853
Link is:*********** https://updates1.netgear.com/netgeargenie/update/NETGEARGenie-install.exe
Link is:*********** http://kb.netgear.com/000037853
Link is:*********** https://www.downloads.netgear.com/files/GDC/R6300/ReadySharePrinter_setup_v1.36.zip
Link is:*********** https://www.downloads.netgear.com/files/GDC/R6300/ReadySHARE%20USB%20Printer%20MAC_V3.1.zip
Link is:*********** http://kb.netgear.com/000061563
Link is:*********** https://www.downloads.netgear.com/files/GDC/RD5200/ReadySHAREVault-install-v2.0.10.100.zip
Link is:*********** http://kb.netgear.com/app/answers/detail/a_id/25411
The link is*********** :https://stagesupport.netgear.com/support/product/r7500v2/
The elements text size under current version of above link********** : 7
Total links are 13
Link is:*********** https://www.downloads.netgear.com/files/GDC/R7500v2/R7500v2-V1.0.3.50.zip
Link is:*********** https://kb.netgear.com/000065216
Link is:*********** https://www.downloads.netgear.com/files/GDC/R7500v2/R7500v2-V1.0.3.48.zip
Link is:*********** http://kb.netgear.com/000062242
Link is:*********** https://updates1.netgear.com/netgeargenie/mac/update/NETGEARGenieInstaller.dmg
Link is:*********** http://kb.netgear.com/000037853
Link is:*********** https://updates1.netgear.com/netgeargenie/update/NETGEARGenie-install.exe
Link is:*********** http://kb.netgear.com/000037853
Link is:*********** https://www.downloads.netgear.com/files/GDC/R6300/ReadySharePrinter_setup_v1.36.zip
Link is:*********** https://www.downloads.netgear.com/files/GDC/R6300/ReadySHARE%20USB%20Printer%20MAC_V3.1.zip
Link is:*********** http://kb.netgear.com/000061563
Link is:*********** https://www.downloads.netgear.com/files/GDC/RD5200/ReadySHAREVault-install-v2.0.10.100.zip
Link is:*********** http://kb.netgear.com/app/answers/detail/a_id/25411
The link is*********** :https://stagesupport.netgear.com/support/product/r7800/
The elements text size under current version of above link********** : 5
Total links are 7
Link is:*********** https://www.downloads.netgear.com/files/GDC/R7800/R7800-V1.0.3.92.zip
Link is:*********** https://kb.netgear.com/000066357
Link is:*********** https://play.google.com/store/apps/details?id=com.netgear.netgearup&hl=en
Link is:*********** https://itunes.apple.com/us/app/netgear-up/id1124666597?mt=8
Link is:*********** https://www.downloads.netgear.com/files/GDC/R6300/ReadySharePrinter_setup_v1.36.zip
Link is:*********** https://www.downloads.netgear.com/files/GDC/R6300/ReadySHARE%20USB%20Printer%20MAC_V3.1.zip
Link is:*********** http://kb.netgear.com/000061563
The link is*********** :https://stagesupport.netgear.com/support/product/r7850/
The elements text size under current version of above link********** : 7
Total links are 10
Link is:*********** https://www.downloads.netgear.com/files/GDC/R7850/R7850-V1.0.5.84_10.1.84.zip
Link is:*********** https://kb.netgear.com/000064739
Link is:*********** https://play.google.com/store/apps/details?id=com.netgear.netgearup&hl=en
Link is:*********** https://itunes.apple.com/us/app/netgear-up/id1124666597?mt=8
Link is:*********** https://www.downloads.netgear.com/files/GDC/DGN2200V3/ReadyShareConnect.exe
Link is:*********** https://www.downloads.netgear.com/files/GDC/R6300/ReadySharePrinter_setup_v1.36.zip
Link is:*********** https://www.downloads.netgear.com/files/GDC/R6300/ReadySHARE%20USB%20Printer%20MAC_V3.1.zip
Link is:*********** http://kb.netgear.com/000061563
Link is:*********** https://www.downloads.netgear.com/files/GDC/RD5200/ReadySHAREVault-install-v2.0.10.100.zip
Link is:*********** http://kb.netgear.com/app/answers/detail/a_id/25411
The link is*********** :https://stagesupport.netgear.com/support/product/r7900/
The elements text size under current version of above link********** : 6
Total links are 9
Link is:*********** https://www.downloads.netgear.com/files/GDC/R7900/R7900-V1.0.4.46_10.0.53.zip
Link is:*********** https://kb.netgear.com/000064031
Link is:*********** https://play.google.com/store/apps/details?id=com.netgear.netgearup&hl=en
Link is:*********** https://itunes.apple.com/us/app/netgear-up/id1124666597?mt=8
Link is:*********** https://www.downloads.netgear.com/files/GDC/R6300/ReadySharePrinter_setup_v1.36.zip
Link is:*********** https://www.downloads.netgear.com/files/GDC/R6300/ReadySHARE%20USB%20Printer%20MAC_V3.1.zip
Link is:*********** http://kb.netgear.com/000061563
Link is:*********** https://www.downloads.netgear.com/files/GDC/RD5200/ReadySHAREVault-install-v2.0.10.100.zip
Link is:*********** http://kb.netgear.com/app/answers/detail/a_id/25411
The link is*********** :https://stagesupport.netgear.com/support/product/r7900p/
The elements text size under current version of above link********** : 6
Total links are 9
Link is:*********** https://www.downloads.netgear.com/files/GDC/R7900P/R7900P-V1.4.4.94_1.3.56.zip
Link is:*********** https://kb.netgear.com/000065208
Link is:*********** https://play.google.com/store/apps/details?id=com.netgear.netgearup&hl=en
Link is:*********** https://itunes.apple.com/us/app/netgear-up/id1124666597?mt=8
Link is:*********** https://www.downloads.netgear.com/files/GDC/R6300/ReadySharePrinter_setup_v1.36.zip
Link is:*********** https://www.downloads.netgear.com/files/GDC/R6300/ReadySHARE%20USB%20Printer%20MAC_V3.1.zip
Link is:*********** http://kb.netgear.com/000061563
Link is:*********** https://www.downloads.netgear.com/files/GDC/RD5200/ReadySHAREVault-install-v2.0.10.100.zip
Link is:*********** http://kb.netgear.com/app/answers/detail/a_id/25411
The link is*********** :https://stagesupport.netgear.com/support/product/r7960p/
The elements text size under current version of above link********** : 4
Total links are 5
Link is:*********** https://www.downloads.netgear.com/files/GDC/R7960P/R7960P-V1.4.4.94_1.3.56.zip
Link is:*********** https://kb.netgear.com/000065209
Link is:*********** https://play.google.com/store/apps/details?id=com.netgear.netgearup&hl=en
Link is:*********** https://itunes.apple.com/us/app/netgear-up/id1124666597?mt=8
Link is:*********** https://www.downloads.netgear.com/files/GDC/DGN2200V3/ReadyShareConnect.exe
The link is*********** :https://stagesupport.netgear.com/support/product/r8000/
The elements text size under current version of above link********** : 5
Total links are 7
Link is:*********** https://www.downloads.netgear.com/files/GDC/R8000/R8000-V1.0.5.88.zip
Link is:*********** https://kb.netgear.com/000066377
Link is:*********** https://play.google.com/store/apps/details?id=com.netgear.netgearup&hl=en
Link is:*********** https://itunes.apple.com/us/app/netgear-up/id1124666597?mt=8
Link is:*********** https://www.downloads.netgear.com/files/GDC/R6300/ReadySharePrinter_setup_v1.36.zip
Link is:*********** https://www.downloads.netgear.com/files/GDC/R6300/ReadySHARE%20USB%20Printer%20MAC_V3.1.zip
Link is:*********** http://kb.netgear.com/000061563
The link is*********** :https://stagesupport.netgear.com/support/product/r8000p/
The elements text size under current version of above link********** : 5
Total links are 7
Link is:*********** https://www.downloads.netgear.com/files/GDC/R8000P/R8000P-V1.4.4.94_1.3.56.zip
Link is:*********** https://kb.netgear.com/000065210
Link is:*********** https://play.google.com/store/apps/details?id=com.netgear.netgearup&hl=en
Link is:*********** https://itunes.apple.com/us/app/netgear-up/id1124666597?mt=8
Link is:*********** https://www.downloads.netgear.com/files/GDC/R6300/ReadySharePrinter_setup_v1.36.zip
Link is:*********** https://www.downloads.netgear.com/files/GDC/R6300/ReadySHARE%20USB%20Printer%20MAC_V3.1.zip
Link is:*********** http://kb.netgear.com/000061563
The link is*********** :https://stagesupport.netgear.com/support/product/r8300/
The elements text size under current version of above link********** : 6
Total links are 8
Link is:*********** https://www.downloads.netgear.com/files/GDC/R8300/R8300-V1.0.2.158_1.0.105.zip
Link is:*********** https://kb.netgear.com/000064693
Link is:*********** https://play.google.com/store/apps/details?id=com.netgear.netgearup&hl=en
Link is:*********** https://itunes.apple.com/us/app/netgear-up/id1124666597?mt=8
Link is:*********** https://www.downloads.netgear.com/files/GDC/R6300/ReadySharePrinter_setup_v1.36.zip
Link is:*********** https://www.downloads.netgear.com/files/GDC/R6300/ReadySHARE%20USB%20Printer%20MAC_V3.1.zip
Link is:*********** http://kb.netgear.com/000061563
Link is:*********** https://www.downloads.netgear.com/files/GDC/RD5200/ReadySHAREVault-install-v2.0.10.100.zip
The link is*********** :https://stagesupport.netgear.com/support/product/r8500/
The elements text size under current version of above link********** : 6
Total links are 8
Link is:*********** https://www.downloads.netgear.com/files/GDC/R8500/R8500-V1.0.2.160_1.0.107.zip
Link is:*********** https://kb.netgear.com/000065097
Link is:*********** https://play.google.com/store/apps/details?id=com.netgear.netgearup&hl=en
Link is:*********** https://itunes.apple.com/us/app/netgear-up/id1124666597?mt=8
Link is:*********** https://www.downloads.netgear.com/files/GDC/R6300/ReadySharePrinter_setup_v1.36.zip
Link is:*********** https://www.downloads.netgear.com/files/GDC/R6300/ReadySHARE%20USB%20Printer%20MAC_V3.1.zip
Link is:*********** http://kb.netgear.com/000061563
Link is:*********** https://www.downloads.netgear.com/files/GDC/RD5200/ReadySHAREVault-install-v2.0.10.100.zip
The link is*********** :https://stagesupport.netgear.com/support/product/r8900/
The elements text size under current version of above link********** : 5
Total links are 7
Link is:*********** https://www.downloads.netgear.com/files/GDC/R8900/R8900-V1.0.5.42.zip
Link is:*********** https://kb.netgear.com/000065083
Link is:*********** https://play.google.com/store/apps/details?id=com.netgear.netgearup&hl=en
Link is:*********** https://itunes.apple.com/us/app/netgear-up/id1124666597?mt=8
Link is:*********** https://www.downloads.netgear.com/files/GDC/R6300/ReadySharePrinter_setup_v1.36.zip
Link is:*********** https://www.downloads.netgear.com/files/GDC/R6300/ReadySHARE%20USB%20Printer%20MAC_V3.1.zip
Link is:*********** http://kb.netgear.com/000061563
The link is*********** :https://stagesupport.netgear.com/support/product/r9000/
The elements text size under current version of above link********** : 6
Total links are 9
Link is:*********** https://www.downloads.netgear.com/files/GDC/R9000/R9000-V1.0.5.42.zip
Link is:*********** https://kb.netgear.com/000065082
Link is:*********** https://play.google.com/store/apps/details?id=com.netgear.netgearup&hl=en
Link is:*********** https://itunes.apple.com/us/app/netgear-up/id1124666597?mt=8
Link is:*********** https://www.downloads.netgear.com/files/GDC/R6300/ReadySharePrinter_setup_v1.36.zip
Link is:*********** https://www.downloads.netgear.com/files/GDC/R6300/ReadySHARE%20USB%20Printer%20MAC_V3.1.zip
Link is:*********** http://kb.netgear.com/000061563
Link is:*********** https://www.downloads.netgear.com/files/GDC/RD5200/ReadySHAREVault-install-v2.0.10.100.zip
Link is:*********** http://kb.netgear.com/app/answers/detail/a_id/25411
The link is*********** :https://stagesupport.netgear.com/support/product/rs400/
The elements text size under current version of above link********** : 4
Total links are 5
Link is:*********** https://www.downloads.netgear.com/files/GDC/RS400/RS400-V1.5.1.88_10.0.58.zip
Link is:*********** https://kb.netgear.com/000065098
Link is:*********** https://play.google.com/store/apps/details?id=com.netgear.netgearup&hl=en
Link is:*********** https://itunes.apple.com/us/app/netgear-up/id1124666597?mt=8
Link is:*********** https://www.downloads.netgear.com/files/GDC/DGN2200V3/ReadyShareConnect.exe
The link is*********** :https://stagesupport.netgear.com/support/product/nighthawkapp/
The elements text size under current version of above link********** : 2
Total links are 2
Link is:*********** https://play.google.com/store/apps/details?id=com.netgear.netgearup&hl=en
Link is:*********** https://itunes.apple.com/us/app/netgear-up/id1124666597?mt=8
The link is*********** :https://stagesupport.netgear.com/support/product/ac2100/
The elements text size under current version of above link********** : 4
Total links are 5
Link is:*********** https://www.downloads.netgear.com/files/GDC/AC2100/AC2100_V1.2.0.92.zip
Link is:*********** https://kb.netgear.com/000064944
Link is:*********** https://play.google.com/store/apps/details?id=com.netgear.netgearup&hl=en
Link is:*********** https://itunes.apple.com/us/app/netgear-up/id1124666597?mt=8
Link is:*********** https://www.downloads.netgear.com/files/GDC/DGN2200V3/ReadyShareConnect.exe
The link is*********** :https://stagesupport.netgear.com/support/product/ac2400/
The elements text size under current version of above link********** : 4
Total links are 5
Link is:*********** https://www.downloads.netgear.com/files/GDC/AC2400/AC2400_V1.2.0.92.zip
Link is:*********** https://kb.netgear.com/000064945
Link is:*********** https://play.google.com/store/apps/details?id=com.netgear.netgearup&hl=en
Link is:*********** https://itunes.apple.com/us/app/netgear-up/id1124666597?mt=8
Link is:*********** https://www.downloads.netgear.com/files/GDC/DGN2200V3/ReadyShareConnect.exe
The link is*********** :https://stagesupport.netgear.com/support/product/ac2600/
The elements text size under current version of above link********** : 4
Total links are 5
Link is:*********** https://www.downloads.netgear.com/files/GDC/AC2600/AC2600_V1.2.0.92.zip
Link is:*********** https://kb.netgear.com/000064946
Link is:*********** https://play.google.com/store/apps/details?id=com.netgear.netgearup&hl=en
Link is:*********** https://itunes.apple.com/us/app/netgear-up/id1124666597?mt=8
Link is:*********** https://www.downloads.netgear.com/files/GDC/DGN2200V3/ReadyShareConnect.exe
The link is*********** :https://stagesupport.netgear.com/support/product/r6700/
The elements text size under current version of above link********** : 6
Total links are 11
Link is:*********** https://www.downloads.netgear.com/files/GDC/R6700/R6700-V1.0.2.26_10.0.61.zip
Link is:*********** https://kb.netgear.com/000064026
Link is:*********** https://updates1.netgear.com/netgeargenie/mac/update/NETGEARGenieInstaller.dmg
Link is:*********** http://kb.netgear.com/000037853
Link is:*********** https://updates1.netgear.com/netgeargenie/update/NETGEARGenie-install.exe
Link is:*********** http://kb.netgear.com/000037853
Link is:*********** https://www.downloads.netgear.com/files/GDC/R6300/ReadySharePrinter_setup_v1.36.zip
Link is:*********** https://www.downloads.netgear.com/files/GDC/R6300/ReadySHARE%20USB%20Printer%20MAC_V3.1.zip
Link is:*********** http://kb.netgear.com/000061563
Link is:*********** https://www.downloads.netgear.com/files/GDC/RD5200/ReadySHAREVault-install-v2.0.10.100.zip
Link is:*********** http://kb.netgear.com/app/answers/detail/a_id/25411
The link is*********** :https://stagesupport.netgear.com/support/product/r6700v2/
The elements text size under current version of above link********** : 6
Total links are 9
Link is:*********** https://www.downloads.netgear.com/files/GDC/R6700v2/R6700v2_V1.2.0.92.zip
Link is:*********** https://kb.netgear.com/000064939
Link is:*********** https://play.google.com/store/apps/details?id=com.netgear.netgearup&hl=en
Link is:*********** https://itunes.apple.com/us/app/netgear-up/id1124666597?mt=8
Link is:*********** https://www.downloads.netgear.com/files/GDC/R6300/ReadySharePrinter_setup_v1.36.zip
Link is:*********** https://www.downloads.netgear.com/files/GDC/R6300/ReadySHARE%20USB%20Printer%20MAC_V3.1.zip
Link is:*********** http://kb.netgear.com/000061563
Link is:*********** https://www.downloads.netgear.com/files/GDC/RD5200/ReadySHAREVault-install-v2.0.10.100.zip
Link is:*********** http://kb.netgear.com/app/answers/detail/a_id/25411
The link is*********** :https://stagesupport.netgear.com/support/product/r6700v3/
The elements text size under current version of above link********** : 5
Total links are 7
Link is:*********** https://www.downloads.netgear.com/files/GDC/R6700v3/R6700v3-V1.0.5.128_10.0.104.zip
Link is:*********** https://kb.netgear.com/000066378
Link is:*********** https://play.google.com/store/apps/details?id=com.netgear.netgearup&hl=en
Link is:*********** https://itunes.apple.com/us/app/netgear-up/id1124666597?mt=8
Link is:*********** https://www.downloads.netgear.com/files/GDC/R6300/ReadySharePrinter_setup_v1.36.zip
Link is:*********** https://www.downloads.netgear.com/files/GDC/R6300/ReadySHARE%20USB%20Printer%20MAC_V3.1.zip
Link is:*********** http://kb.netgear.com/000061563
The link is*********** :https://stagesupport.netgear.com/support/product/r6900/
The elements text size under current version of above link********** : 5
Total links are 7
Link is:*********** https://www.downloads.netgear.com/files/GDC/R6900/R6900-V1.0.2.26_10.0.45.zip
Link is:*********** https://kb.netgear.com/000064034
Link is:*********** https://play.google.com/store/apps/details?id=com.netgear.netgearup&hl=en
Link is:*********** https://itunes.apple.com/us/app/netgear-up/id1124666597?mt=8
Link is:*********** https://www.downloads.netgear.com/files/GDC/R6300/ReadySharePrinter_setup_v1.36.zip
Link is:*********** https://www.downloads.netgear.com/files/GDC/R6300/ReadySHARE%20USB%20Printer%20MAC_V3.1.zip
Link is:*********** http://kb.netgear.com/000061563
The link is*********** :https://stagesupport.netgear.com/support/product/r6900p/
The elements text size under current version of above link********** : 5
Total links are 7
Link is:*********** https://www.downloads.netgear.com/files/GDC/R6900P/R6900P-V1.3.3.154_10.1.86.zip
Link is:*********** https://kb.netgear.com/000065226
Link is:*********** https://play.google.com/store/apps/details?id=com.netgear.netgearup&hl=en
Link is:*********** https://itunes.apple.com/us/app/netgear-up/id1124666597?mt=8
Link is:*********** https://www.downloads.netgear.com/files/GDC/R6300/ReadySharePrinter_setup_v1.36.zip
Link is:*********** https://www.downloads.netgear.com/files/GDC/R6300/ReadySHARE%20USB%20Printer%20MAC_V3.1.zip
Link is:*********** http://kb.netgear.com/000061563
The link is*********** :https://stagesupport.netgear.com/support/product/r6900v2/
The elements text size under current version of above link********** : 5
Total links are 7
Link is:*********** https://www.downloads.netgear.com/files/GDC/R6900v2/R6900v2-V1.2.1.92.zip
Link is:*********** https://kb.netgear.com/000066522
Link is:*********** https://play.google.com/store/apps/details?id=com.netgear.netgearup&hl=en
Link is:*********** https://itunes.apple.com/us/app/netgear-up/id1124666597?mt=8
Link is:*********** https://www.downloads.netgear.com/files/GDC/R6300/ReadySharePrinter_setup_v1.36.zip
Link is:*********** https://www.downloads.netgear.com/files/GDC/R6300/ReadySHARE%20USB%20Printer%20MAC_V3.1.zip
Link is:*********** http://kb.netgear.com/000061563
The link is*********** :https://stagesupport.netgear.com/support/product/r7000/
The elements text size under current version of above link********** : 5
Total links are 7
Link is:*********** https://www.downloads.netgear.com/files/GDC/R7000/R7000-V1.0.12.216.zip
Link is:*********** https://kb.netgear.com/000066363
Link is:*********** https://play.google.com/store/apps/details?id=com.netgear.netgearup&hl=en
Link is:*********** https://itunes.apple.com/us/app/netgear-up/id1124666597?mt=8
Link is:*********** https://www.downloads.netgear.com/files/GDC/R6300/ReadySharePrinter_setup_v1.36.zip
Link is:*********** https://www.downloads.netgear.com/files/GDC/R6300/ReadySHARE%20USB%20Printer%20MAC_V3.1.zip
Link is:*********** http://kb.netgear.com/000061563
The link is*********** :https://stagesupport.netgear.com/support/product/r7000p/
The elements text size under current version of above link********** : 5
Total links are 7
Link is:*********** https://www.downloads.netgear.com/files/GDC/R7000P/R7000P-V1.3.3.154_10.1.86.zip
Link is:*********** https://kb.netgear.com/000065225
Link is:*********** https://play.google.com/store/apps/details?id=com.netgear.netgearup&hl=en
Link is:*********** https://itunes.apple.com/us/app/netgear-up/id1124666597?mt=8
Link is:*********** https://www.downloads.netgear.com/files/GDC/R6300/ReadySharePrinter_setup_v1.36.zip
Link is:*********** https://www.downloads.netgear.com/files/GDC/R6300/ReadySHARE%20USB%20Printer%20MAC_V3.1.zip
Link is:*********** http://kb.netgear.com/000061563
The link is*********** :https://stagesupport.netgear.com/support/product/r7200/
The elements text size under current version of above link********** : 4
Total links are 5
Link is:*********** https://www.downloads.netgear.com/files/GDC/R7200/R7200-V1.2.0.92.zip
Link is:*********** https://kb.netgear.com/000064949
Link is:*********** https://play.google.com/store/apps/details?id=com.netgear.netgearup&hl=en
Link is:*********** https://itunes.apple.com/us/app/netgear-up/id1124666597?mt=8
Link is:*********** https://www.downloads.netgear.com/files/GDC/DGN2200V3/ReadyShareConnect.exe
The link is*********** :https://stagesupport.netgear.com/support/product/r7300dst/
The elements text size under current version of above link********** : 6
Total links are 11
Link is:*********** https://www.downloads.netgear.com/files/GDC/R7300DST/R7300-V1.0.0.74_1.0.29.zip
Link is:*********** http://kb.netgear.com/000061547
Link is:*********** https://updates1.netgear.com/netgeargenie/mac/update/NETGEARGenieInstaller.dmg
Link is:*********** http://kb.netgear.com/000037853
Link is:*********** https://updates1.netgear.com/netgeargenie/update/NETGEARGenie-install.exe
Link is:*********** http://kb.netgear.com/000037853
Link is:*********** https://www.downloads.netgear.com/files/GDC/R6300/ReadySharePrinter_setup_v1.36.zip
Link is:*********** https://www.downloads.netgear.com/files/GDC/R6300/ReadySHARE%20USB%20Printer%20MAC_V3.1.zip
Link is:*********** http://kb.netgear.com/000061563
Link is:*********** https://www.downloads.netgear.com/files/GDC/RD5200/ReadySHAREVault-install-v2.0.10.100.zip
Link is:*********** http://kb.netgear.com/app/answers/detail/a_id/25411
The link is*********** :https://stagesupport.netgear.com/support/product/r7350/
The elements text size under current version of above link********** : 3
Total links are 4
Link is:*********** https://www.downloads.netgear.com/files/GDC/R7350/R7350_V1.2.0.92.zip
Link is:*********** https://kb.netgear.com/000064948
Link is:*********** https://play.google.com/store/apps/details?id=com.netgear.netgearup&hl=en
Link is:*********** https://itunes.apple.com/us/app/netgear-up/id1124666597?mt=8
The link is*********** :https://stagesupport.netgear.com/support/product/r7400/
The elements text size under current version of above link********** : 4
Total links are 5
Link is:*********** https://www.downloads.netgear.com/files/GDC/R7400/R7400_V1.2.0.92.zip
Link is:*********** https://kb.netgear.com/000064947
Link is:*********** https://play.google.com/store/apps/details?id=com.netgear.netgearup&hl=en
Link is:*********** https://itunes.apple.com/us/app/netgear-up/id1124666597?mt=8
Link is:*********** https://www.downloads.netgear.com/files/GDC/DGN2200V3/ReadyShareConnect.exe
The link is*********** :https://stagesupport.netgear.com/support/product/r7450/
The elements text size under current version of above link********** : 4
Total links are 5
Link is:*********** https://www.downloads.netgear.com/files/GDC/R7450/R7450_V1.2.1.92.zip
Link is:*********** https://kb.netgear.com/000066523
Link is:*********** https://play.google.com/store/apps/details?id=com.netgear.netgearup&hl=en
Link is:*********** https://itunes.apple.com/us/app/netgear-up/id1124666597?mt=8
Link is:*********** https://www.downloads.netgear.com/files/GDC/DGN2200V3/ReadyShareConnect.exe
The link is*********** :https://stagesupport.netgear.com/support/product/r7500/
The elements text size under current version of above link********** : 6
Total links are 11
Link is:*********** https://www.downloads.netgear.com/files/GDC/R7500/R7500-V1.0.0.130.zip
Link is:*********** http://kb.netgear.com/000060345
Link is:*********** https://updates1.netgear.com/netgeargenie/mac/update/NETGEARGenieInstaller.dmg
Link is:*********** http://kb.netgear.com/000037853
Link is:*********** https://updates1.netgear.com/netgeargenie/update/NETGEARGenie-install.exe
Link is:*********** http://kb.netgear.com/000037853
Link is:*********** https://www.downloads.netgear.com/files/GDC/R6300/ReadySharePrinter_setup_v1.36.zip
Link is:*********** https://www.downloads.netgear.com/files/GDC/R6300/ReadySHARE%20USB%20Printer%20MAC_V3.1.zip
Link is:*********** http://kb.netgear.com/000061563
Link is:*********** https://www.downloads.netgear.com/files/GDC/RD5200/ReadySHAREVault-install-v2.0.10.100.zip
Link is:*********** http://kb.netgear.com/app/answers/detail/a_id/25411
The link is*********** :https://stagesupport.netgear.com/support/product/r7500v2/
The elements text size under current version of above link********** : 7
Total links are 13
Link is:*********** https://www.downloads.netgear.com/files/GDC/R7500v2/R7500v2-V1.0.3.50.zip
Link is:*********** https://kb.netgear.com/000065216
Link is:*********** https://www.downloads.netgear.com/files/GDC/R7500v2/R7500v2-V1.0.3.48.zip
Link is:*********** http://kb.netgear.com/000062242
Link is:*********** https://updates1.netgear.com/netgeargenie/mac/update/NETGEARGenieInstaller.dmg
Link is:*********** http://kb.netgear.com/000037853
Link is:*********** https://updates1.netgear.com/netgeargenie/update/NETGEARGenie-install.exe
Link is:*********** http://kb.netgear.com/000037853
Link is:*********** https://www.downloads.netgear.com/files/GDC/R6300/ReadySharePrinter_setup_v1.36.zip
Link is:*********** https://www.downloads.netgear.com/files/GDC/R6300/ReadySHARE%20USB%20Printer%20MAC_V3.1.zip
Link is:*********** http://kb.netgear.com/000061563
Link is:*********** https://www.downloads.netgear.com/files/GDC/RD5200/ReadySHAREVault-install-v2.0.10.100.zip
Link is:*********** http://kb.netgear.com/app/answers/detail/a_id/25411
The link is*********** :https://stagesupport.netgear.com/support/product/r7800/
The elements text size under current version of above link********** : 5
Total links are 7
Link is:*********** https://www.downloads.netgear.com/files/GDC/R7800/R7800-V1.0.3.92.zip
Link is:*********** https://kb.netgear.com/000066357
Link is:*********** https://play.google.com/store/apps/details?id=com.netgear.netgearup&hl=en
Link is:*********** https://itunes.apple.com/us/app/netgear-up/id1124666597?mt=8
Link is:*********** https://www.downloads.netgear.com/files/GDC/R6300/ReadySharePrinter_setup_v1.36.zip
Link is:*********** https://www.downloads.netgear.com/files/GDC/R6300/ReadySHARE%20USB%20Printer%20MAC_V3.1.zip
Link is:*********** http://kb.netgear.com/000061563
The link is*********** :https://stagesupport.netgear.com/support/product/r7850/
The elements text size under current version of above link********** : 7
Total links are 10
Link is:*********** https://www.downloads.netgear.com/files/GDC/R7850/R7850-V1.0.5.84_10.1.84.zip
Link is:*********** https://kb.netgear.com/000064739
Link is:*********** https://play.google.com/store/apps/details?id=com.netgear.netgearup&hl=en
Link is:*********** https://itunes.apple.com/us/app/netgear-up/id1124666597?mt=8
Link is:*********** https://www.downloads.netgear.com/files/GDC/DGN2200V3/ReadyShareConnect.exe
Link is:*********** https://www.downloads.netgear.com/files/GDC/R6300/ReadySharePrinter_setup_v1.36.zip
Link is:*********** https://www.downloads.netgear.com/files/GDC/R6300/ReadySHARE%20USB%20Printer%20MAC_V3.1.zip
Link is:*********** http://kb.netgear.com/000061563
Link is:*********** https://www.downloads.netgear.com/files/GDC/RD5200/ReadySHAREVault-install-v2.0.10.100.zip
Link is:*********** http://kb.netgear.com/app/answers/detail/a_id/25411
The link is*********** :https://stagesupport.netgear.com/support/product/r7900/
The elements text size under current version of above link********** : 6
Total links are 9
Link is:*********** https://www.downloads.netgear.com/files/GDC/R7900/R7900-V1.0.4.46_10.0.53.zip
Link is:*********** https://kb.netgear.com/000064031
Link is:*********** https://play.google.com/store/apps/details?id=com.netgear.netgearup&hl=en
Link is:*********** https://itunes.apple.com/us/app/netgear-up/id1124666597?mt=8
Link is:*********** https://www.downloads.netgear.com/files/GDC/R6300/ReadySharePrinter_setup_v1.36.zip
Link is:*********** https://www.downloads.netgear.com/files/GDC/R6300/ReadySHARE%20USB%20Printer%20MAC_V3.1.zip
Link is:*********** http://kb.netgear.com/000061563
Link is:*********** https://www.downloads.netgear.com/files/GDC/RD5200/ReadySHAREVault-install-v2.0.10.100.zip
Link is:*********** http://kb.netgear.com/app/answers/detail/a_id/25411
The link is*********** :https://stagesupport.netgear.com/support/product/r7900p/
The elements text size under current version of above link********** : 6
Total links are 9
Link is:*********** https://www.downloads.netgear.com/files/GDC/R7900P/R7900P-V1.4.4.94_1.3.56.zip
Link is:*********** https://kb.netgear.com/000065208
Link is:*********** https://play.google.com/store/apps/details?id=com.netgear.netgearup&hl=en
Link is:*********** https://itunes.apple.com/us/app/netgear-up/id1124666597?mt=8
Link is:*********** https://www.downloads.netgear.com/files/GDC/R6300/ReadySharePrinter_setup_v1.36.zip
Link is:*********** https://www.downloads.netgear.com/files/GDC/R6300/ReadySHARE%20USB%20Printer%20MAC_V3.1.zip
Link is:*********** http://kb.netgear.com/000061563
Link is:*********** https://www.downloads.netgear.com/files/GDC/RD5200/ReadySHAREVault-install-v2.0.10.100.zip
Link is:*********** http://kb.netgear.com/app/answers/detail/a_id/25411
The link is*********** :https://stagesupport.netgear.com/support/product/r7960p/
The elements text size under current version of above link********** : 4
Total links are 5
Link is:*********** https://www.downloads.netgear.com/files/GDC/R7960P/R7960P-V1.4.4.94_1.3.56.zip
Link is:*********** https://kb.netgear.com/000065209
Link is:*********** https://play.google.com/store/apps/details?id=com.netgear.netgearup&hl=en
Link is:*********** https://itunes.apple.com/us/app/netgear-up/id1124666597?mt=8
Link is:*********** https://www.downloads.netgear.com/files/GDC/DGN2200V3/ReadyShareConnect.exe
The link is*********** :https://stagesupport.netgear.com/support/product/r8000/
The elements text size under current version of above link********** : 5
Total links are 7
Link is:*********** https://www.downloads.netgear.com/files/GDC/R8000/R8000-V1.0.5.88.zip
Link is:*********** https://kb.netgear.com/000066377
Link is:*********** https://play.google.com/store/apps/details?id=com.netgear.netgearup&hl=en
Link is:*********** https://itunes.apple.com/us/app/netgear-up/id1124666597?mt=8
Link is:*********** https://www.downloads.netgear.com/files/GDC/R6300/ReadySharePrinter_setup_v1.36.zip
Link is:*********** https://www.downloads.netgear.com/files/GDC/R6300/ReadySHARE%20USB%20Printer%20MAC_V3.1.zip
Link is:*********** http://kb.netgear.com/000061563
The link is*********** :https://stagesupport.netgear.com/support/product/r8000p/
The elements text size under current version of above link********** : 5
Total links are 7
Link is:*********** https://www.downloads.netgear.com/files/GDC/R8000P/R8000P-V1.4.4.94_1.3.56.zip
Link is:*********** https://kb.netgear.com/000065210
Link is:*********** https://play.google.com/store/apps/details?id=com.netgear.netgearup&hl=en
Link is:*********** https://itunes.apple.com/us/app/netgear-up/id1124666597?mt=8
Link is:*********** https://www.downloads.netgear.com/files/GDC/R6300/ReadySharePrinter_setup_v1.36.zip
Link is:*********** https://www.downloads.netgear.com/files/GDC/R6300/ReadySHARE%20USB%20Printer%20MAC_V3.1.zip
Link is:*********** http://kb.netgear.com/000061563
The link is*********** :https://stagesupport.netgear.com/support/product/r8300/
The elements text size under current version of above link********** : 6
Total links are 8
Link is:*********** https://www.downloads.netgear.com/files/GDC/R8300/R8300-V1.0.2.158_1.0.105.zip
Link is:*********** https://kb.netgear.com/000064693
Link is:*********** https://play.google.com/store/apps/details?id=com.netgear.netgearup&hl=en
Link is:*********** https://itunes.apple.com/us/app/netgear-up/id1124666597?mt=8
Link is:*********** https://www.downloads.netgear.com/files/GDC/R6300/ReadySharePrinter_setup_v1.36.zip
Link is:*********** https://www.downloads.netgear.com/files/GDC/R6300/ReadySHARE%20USB%20Printer%20MAC_V3.1.zip
Link is:*********** http://kb.netgear.com/000061563
Link is:*********** https://www.downloads.netgear.com/files/GDC/RD5200/ReadySHAREVault-install-v2.0.10.100.zip
The link is*********** :https://stagesupport.netgear.com/support/product/r8500/
The elements text size under current version of above link********** : 6
Total links are 8
Link is:*********** https://www.downloads.netgear.com/files/GDC/R8500/R8500-V1.0.2.160_1.0.107.zip
Link is:*********** https://kb.netgear.com/000065097
Link is:*********** https://play.google.com/store/apps/details?id=com.netgear.netgearup&hl=en
Link is:*********** https://itunes.apple.com/us/app/netgear-up/id1124666597?mt=8
Link is:*********** https://www.downloads.netgear.com/files/GDC/R6300/ReadySharePrinter_setup_v1.36.zip
Link is:*********** https://www.downloads.netgear.com/files/GDC/R6300/ReadySHARE%20USB%20Printer%20MAC_V3.1.zip
Link is:*********** http://kb.netgear.com/000061563
Link is:*********** https://www.downloads.netgear.com/files/GDC/RD5200/ReadySHAREVault-install-v2.0.10.100.zip
The link is*********** :https://stagesupport.netgear.com/support/product/r8900/
The elements text size under current version of above link********** : 5
Total links are 7
Link is:*********** https://www.downloads.netgear.com/files/GDC/R8900/R8900-V1.0.5.42.zip
Link is:*********** https://kb.netgear.com/000065083
Link is:*********** https://play.google.com/store/apps/details?id=com.netgear.netgearup&hl=en
Link is:*********** https://itunes.apple.com/us/app/netgear-up/id1124666597?mt=8
Link is:*********** https://www.downloads.netgear.com/files/GDC/R6300/ReadySharePrinter_setup_v1.36.zip
Link is:*********** https://www.downloads.netgear.com/files/GDC/R6300/ReadySHARE%20USB%20Printer%20MAC_V3.1.zip
Link is:*********** http://kb.netgear.com/000061563
The link is*********** :https://stagesupport.netgear.com/support/product/r9000/
The elements text size under current version of above link********** : 6
Total links are 9
Link is:*********** https://www.downloads.netgear.com/files/GDC/R9000/R9000-V1.0.5.42.zip
Link is:*********** https://kb.netgear.com/000065082
Link is:*********** https://play.google.com/store/apps/details?id=com.netgear.netgearup&hl=en
Link is:*********** https://itunes.apple.com/us/app/netgear-up/id1124666597?mt=8
Link is:*********** https://www.downloads.netgear.com/files/GDC/R6300/ReadySharePrinter_setup_v1.36.zip
Link is:*********** https://www.downloads.netgear.com/files/GDC/R6300/ReadySHARE%20USB%20Printer%20MAC_V3.1.zip
Link is:*********** http://kb.netgear.com/000061563
Link is:*********** https://www.downloads.netgear.com/files/GDC/RD5200/ReadySHAREVault-install-v2.0.10.100.zip
Link is:*********** http://kb.netgear.com/app/answers/detail/a_id/25411
The link is*********** :https://stagesupport.netgear.com/support/product/rs400/
The elements text size under current version of above link********** : 4
Total links are 5
Link is:*********** https://www.downloads.netgear.com/files/GDC/RS400/RS400-V1.5.1.88_10.0.58.zip
Link is:*********** https://kb.netgear.com/000065098
Link is:*********** https://play.google.com/store/apps/details?id=com.netgear.netgearup&hl=en
Link is:*********** https://itunes.apple.com/us/app/netgear-up/id1124666597?mt=8
Link is:*********** https://www.downloads.netgear.com/files/GDC/DGN2200V3/ReadyShareConnect.exe
The link is*********** :https://stagesupport.netgear.com/support/product/ac1450/
The elements text size under current version of above link********** : 6
Total links are 10
Link is:*********** https://www.downloads.netgear.com/files/GDC/AC1450/AC1450-V1.0.0.36_10.0.17.zip
Link is:*********** http://kb.netgear.com/000038546
Link is:*********** https://updates1.netgear.com/netgeargenie/mac/update/NETGEARGenieInstaller.dmg
Link is:*********** http://kb.netgear.com/000037853
Link is:*********** https://updates1.netgear.com/netgeargenie/update/NETGEARGenie-install.exe
Link is:*********** http://kb.netgear.com/000037853
Link is:*********** https://www.downloads.netgear.com/files/GDC/R6300/ReadySharePrinter_setup_v1.36.zip
Link is:*********** https://www.downloads.netgear.com/files/GDC/R6300/ReadySHARE%20USB%20Printer%20MAC_V3.1.zip
Link is:*********** http://kb.netgear.com/000061563
Link is:*********** https://www.downloads.netgear.com/files/GDC/RD5200/ReadySHAREVault-install-v2.0.10.100.zip
The link is*********** :https://stagesupport.netgear.com/support/product/jr6150/
The elements text size under current version of above link********** : 5
Total links are 9
Link is:*********** https://www.downloads.netgear.com/files/GDC/JR6150/JR6150_R6050-V1.0.1.26_1.0.1.zip
Link is:*********** http://kb.netgear.com/000061532
Link is:*********** https://updates1.netgear.com/netgeargenie/mac/update/NETGEARGenieInstaller.dmg
Link is:*********** http://kb.netgear.com/000037853
Link is:*********** https://updates1.netgear.com/netgeargenie/update/NETGEARGenie-install.exe
Link is:*********** http://kb.netgear.com/000037853
Link is:*********** https://www.downloads.netgear.com/files/GDC/R6300/ReadySharePrinter_setup_v1.36.zip
Link is:*********** https://www.downloads.netgear.com/files/GDC/R6300/ReadySHARE%20USB%20Printer%20MAC_V3.1.zip
Link is:*********** http://kb.netgear.com/000061563
The link is*********** :https://stagesupport.netgear.com/support/product/r6020/
The elements text size under current version of above link********** : 3
Total links are 4
Link is:*********** https://www.downloads.netgear.com/files/GDC/R6020/R6020_V1.0.0.54.zip
Link is:*********** https://kb.netgear.com/000064985
Link is:*********** https://play.google.com/store/apps/details?id=com.netgear.netgearup&hl=en
Link is:*********** https://itunes.apple.com/us/app/netgear-up/id1124666597?mt=8
The link is*********** :https://stagesupport.netgear.com/support/product/r6050/
The elements text size under current version of above link********** : 5
Total links are 9
Link is:*********** https://www.downloads.netgear.com/files/GDC/JR6150/JR6150_R6050-V1.0.1.26_1.0.1.zip
Link is:*********** http://kb.netgear.com/000061532
Link is:*********** https://updates1.netgear.com/netgeargenie/mac/update/NETGEARGenieInstaller.dmg
Link is:*********** http://kb.netgear.com/000037853
Link is:*********** https://updates1.netgear.com/netgeargenie/update/NETGEARGenie-install.exe
Link is:*********** http://kb.netgear.com/000037853
Link is:*********** https://www.downloads.netgear.com/files/GDC/R6300/ReadySharePrinter_setup_v1.36.zip
Link is:*********** https://www.downloads.netgear.com/files/GDC/R6300/ReadySHARE%20USB%20Printer%20MAC_V3.1.zip
Link is:*********** http://kb.netgear.com/000061563
The link is*********** :https://stagesupport.netgear.com/support/product/r6080/
The elements text size under current version of above link********** : 4
Total links are 5
Link is:*********** https://www.downloads.netgear.com/files/GDC/R6080/R6080_V1.0.0.54.zip
Link is:*********** https://kb.netgear.com/000064986
Link is:*********** https://play.google.com/store/apps/details?id=com.netgear.netgearup&hl=en
Link is:*********** https://itunes.apple.com/us/app/netgear-up/id1124666597?mt=8
Link is:*********** https://www.downloads.netgear.com/files/GDC/DGN2200V3/ReadyShareConnect.exe
The link is*********** :https://stagesupport.netgear.com/support/product/r6100/
The elements text size under current version of above link********** : 5
Total links are 9
Link is:*********** https://www.downloads.netgear.com/files/GDC/R6100/R6100-V1.0.1.28.zip
Link is:*********** http://kb.netgear.com/000060344
Link is:*********** https://updates1.netgear.com/netgeargenie/mac/update/NETGEARGenieInstaller.dmg
Link is:*********** http://kb.netgear.com/000037853
Link is:*********** https://updates1.netgear.com/netgeargenie/update/NETGEARGenie-install.exe
Link is:*********** http://kb.netgear.com/000037853
Link is:*********** https://www.downloads.netgear.com/files/GDC/R6300/ReadySharePrinter_setup_v1.36.zip
Link is:*********** https://www.downloads.netgear.com/files/GDC/R6300/ReadySHARE%20USB%20Printer%20MAC_V3.1.zip
Link is:*********** http://kb.netgear.com/000061563
The link is*********** :https://stagesupport.netgear.com/support/product/r6120/
The elements text size under current version of above link********** : 3
Total links are 4
Link is:*********** https://www.downloads.netgear.com/files/GDC/R6120/R6120_V1.0.0.84.zip
Link is:*********** https://kb.netgear.com/000064987
Link is:*********** https://play.google.com/store/apps/details?id=com.netgear.netgearup&hl=en
Link is:*********** https://itunes.apple.com/us/app/netgear-up/id1124666597?mt=8
The link is*********** :https://stagesupport.netgear.com/support/product/r6200/
The elements text size under current version of above link********** : 5
Total links are 9
Link is:*********** https://www.downloads.netgear.com/files/GDC/R6200/R6200-V1.0.1.58_1.0.44.zip
Link is:*********** http://kb.netgear.com/000036953
Link is:*********** https://updates1.netgear.com/netgeargenie/mac/update/NETGEARGenieInstaller.dmg
Link is:*********** http://kb.netgear.com/000037853
Link is:*********** https://updates1.netgear.com/netgeargenie/update/NETGEARGenie-install.exe
Link is:*********** http://kb.netgear.com/000037853
Link is:*********** https://www.downloads.netgear.com/files/GDC/R6300/ReadySharePrinter_setup_v1.36.zip
Link is:*********** https://www.downloads.netgear.com/files/GDC/R6300/ReadySHARE%20USB%20Printer%20MAC_V3.1.zip
Link is:*********** http://kb.netgear.com/000061563
The link is*********** :https://stagesupport.netgear.com/support/product/r6200v2/
The elements text size under current version of above link********** : 6
Total links are 10
Link is:*********** https://www.downloads.netgear.com/files/GDC/R6200V2/R6200v2-V1.0.3.12_10.1.11.zip
Link is:*********** http://kb.netgear.com/000036756
Link is:*********** https://updates1.netgear.com/netgeargenie/mac/update/NETGEARGenieInstaller.dmg
Link is:*********** http://kb.netgear.com/000037853
Link is:*********** https://updates1.netgear.com/netgeargenie/update/NETGEARGenie-install.exe
Link is:*********** http://kb.netgear.com/000037853
Link is:*********** https://www.downloads.netgear.com/files/GDC/R6300/ReadySharePrinter_setup_v1.36.zip
Link is:*********** https://www.downloads.netgear.com/files/GDC/R6300/ReadySHARE%20USB%20Printer%20MAC_V3.1.zip
Link is:*********** http://kb.netgear.com/000061563
Link is:*********** https://www.downloads.netgear.com/files/GDC/RD5200/ReadySHAREVault-install-v2.0.10.100.zip
The link is*********** :https://stagesupport.netgear.com/support/product/r6220/
The elements text size under current version of above link********** : 4
Total links are 5
Link is:*********** https://www.downloads.netgear.com/files/GDC/R6220/R6220-V1.1.0.114.zip
Link is:*********** https://kb.netgear.com/000064936
Link is:*********** https://play.google.com/store/apps/details?id=com.netgear.netgearup&hl=en
Link is:*********** https://itunes.apple.com/us/app/netgear-up/id1124666597?mt=8
Link is:*********** https://www.downloads.netgear.com/files/GDC/DGN2200V3/ReadyShareConnect.exe
The link is*********** :https://stagesupport.netgear.com/support/product/r6230/
The elements text size under current version of above link********** : 5
Total links are 7
Link is:*********** https://www.downloads.netgear.com/files/GDC/R6230/R6230-V1.1.0.114.zip
Link is:*********** https://kb.netgear.com/000064937
Link is:*********** https://play.google.com/store/apps/details?id=com.netgear.netgearup&hl=en
Link is:*********** https://itunes.apple.com/us/app/netgear-up/id1124666597?mt=8
Link is:*********** https://www.downloads.netgear.com/files/GDC/R6300/ReadySharePrinter_setup_v1.36.zip
Link is:*********** https://www.downloads.netgear.com/files/GDC/R6300/ReadySHARE%20USB%20Printer%20MAC_V3.1.zip
Link is:*********** http://kb.netgear.com/000061563
The link is*********** :https://stagesupport.netgear.com/support/product/r6250/
The elements text size under current version of above link********** : 5
Total links are 9
Link is:*********** https://www.downloads.netgear.com/files/GDC/R6250/R6250-V1.0.4.48_10.1.30.zip
Link is:*********** https://kb.netgear.com/000062698
Link is:*********** https://updates1.netgear.com/netgeargenie/mac/update/NETGEARGenieInstaller.dmg
Link is:*********** http://kb.netgear.com/000037853
Link is:*********** https://updates1.netgear.com/netgeargenie/update/NETGEARGenie-install.exe
Link is:*********** http://kb.netgear.com/000037853
Link is:*********** https://www.downloads.netgear.com/files/GDC/R6300/ReadySharePrinter_setup_v1.36.zip
Link is:*********** https://www.downloads.netgear.com/files/GDC/R6300/ReadySHARE%20USB%20Printer%20MAC_V3.1.zip
Link is:*********** http://kb.netgear.com/000061563
The link is*********** :https://stagesupport.netgear.com/support/product/r6250v2/
The elements text size under current version of above link********** : 5
Total links are 9
Link is:*********** https://www.downloads.netgear.com/files/GDC/R6250/R6250-V1.0.4.48_10.1.30.zip
Link is:*********** https://kb.netgear.com/000062698
Link is:*********** https://updates1.netgear.com/netgeargenie/mac/update/NETGEARGenieInstaller.dmg
Link is:*********** http://kb.netgear.com/000037853
Link is:*********** https://updates1.netgear.com/netgeargenie/update/NETGEARGenie-install.exe
Link is:*********** http://kb.netgear.com/000037853
Link is:*********** https://www.downloads.netgear.com/files/GDC/R6300/ReadySharePrinter_setup_v1.36.zip
Link is:*********** https://www.downloads.netgear.com/files/GDC/R6300/ReadySHARE%20USB%20Printer%20MAC_V3.1.zip
Link is:*********** http://kb.netgear.com/000061563
The link is*********** :https://stagesupport.netgear.com/support/product/r6260/
The elements text size under current version of above link********** : 4
Total links are 5
Link is:*********** https://www.downloads.netgear.com/files/GDC/R6260/R6260-V1.1.1.88.zip
Link is:*********** https://kb.netgear.com/000066525
Link is:*********** https://play.google.com/store/apps/details?id=com.netgear.netgearup&hl=en
Link is:*********** https://itunes.apple.com/us/app/netgear-up/id1124666597?mt=8
Link is:*********** https://www.downloads.netgear.com/files/GDC/DGN2200V3/ReadyShareConnect.exe
The link is*********** :https://stagesupport.netgear.com/support/product/r6300v1/
The elements text size under current version of above link********** : 5
Total links are 9
Link is:*********** https://www.downloads.netgear.com/files/GDC/R6300/R6300-V1.0.2.80_1.0.59.zip
Link is:*********** http://kb.netgear.com/000038684
Link is:*********** https://updates1.netgear.com/netgeargenie/mac/update/NETGEARGenieInstaller.dmg
Link is:*********** http://kb.netgear.com/000037853
Link is:*********** https://updates1.netgear.com/netgeargenie/update/NETGEARGenie-install.exe
Link is:*********** http://kb.netgear.com/000037853
Link is:*********** https://www.downloads.netgear.com/files/GDC/R6300/ReadySharePrinter_setup_v1.36.zip
Link is:*********** https://www.downloads.netgear.com/files/GDC/R6300/ReadySHARE%20USB%20Printer%20MAC_V3.1.zip
Link is:*********** http://kb.netgear.com/000061563
The link is*********** :https://stagesupport.netgear.com/support/product/r6300v2/
The elements text size under current version of above link********** : 6
Total links are 10
Link is:*********** https://www.downloads.netgear.com/files/GDC/R6300V2/R6300v2-V1.0.4.52_10.0.93.zip
Link is:*********** https://kb.netgear.com/000062891
Link is:*********** https://updates1.netgear.com/netgeargenie/mac/update/NETGEARGenieInstaller.dmg
Link is:*********** http://kb.netgear.com/000037853
Link is:*********** https://updates1.netgear.com/netgeargenie/update/NETGEARGenie-install.exe
Link is:*********** http://kb.netgear.com/000037853
Link is:*********** https://www.downloads.netgear.com/files/GDC/R6300/ReadySharePrinter_setup_v1.36.zip
Link is:*********** https://www.downloads.netgear.com/files/GDC/R6300/ReadySHARE%20USB%20Printer%20MAC_V3.1.zip
Link is:*********** http://kb.netgear.com/000061563
Link is:*********** https://www.downloads.netgear.com/files/GDC/RD5200/ReadySHAREVault-install-v2.0.10.100.zip
The link is*********** :https://stagesupport.netgear.com/support/product/r6330/
The elements text size under current version of above link********** : 4
Total links are 5
Link is:*********** https://www.downloads.netgear.com/files/GDC/R6330/R6330_V1.1.0.88.zip
Link is:*********** https://kb.netgear.com/000064952
Link is:*********** https://play.google.com/store/apps/details?id=com.netgear.netgearup&hl=en
Link is:*********** https://itunes.apple.com/us/app/netgear-up/id1124666597?mt=8
Link is:*********** https://www.downloads.netgear.com/files/GDC/DGN2200V3/ReadyShareConnect.exe
The link is*********** :https://stagesupport.netgear.com/support/product/r6350/
The elements text size under current version of above link********** : 4
Total links are 5
Link is:*********** https://www.downloads.netgear.com/files/GDC/R6350/R6350-V1.1.1.88.zip
Link is:*********** https://kb.netgear.com/000066526
Link is:*********** https://play.google.com/store/apps/details?id=com.netgear.netgearup&hl=en
Link is:*********** https://itunes.apple.com/us/app/netgear-up/id1124666597?mt=8
Link is:*********** https://www.downloads.netgear.com/files/GDC/DGN2200V3/ReadyShareConnect.exe
The link is*********** :https://stagesupport.netgear.com/support/product/r6400/
The elements text size under current version of above link********** : 6
Total links are 9
Link is:*********** https://www.downloads.netgear.com/files/GDC/R6400/R6400-V1.0.1.78_1.0.50.zip
Link is:*********** https://kb.netgear.com/000064695
Link is:*********** https://play.google.com/store/apps/details?id=com.netgear.netgearup&hl=en
Link is:*********** https://itunes.apple.com/us/app/netgear-up/id1124666597?mt=8
Link is:*********** https://www.downloads.netgear.com/files/GDC/R6300/ReadySharePrinter_setup_v1.36.zip
Link is:*********** https://www.downloads.netgear.com/files/GDC/R6300/ReadySHARE%20USB%20Printer%20MAC_V3.1.zip
Link is:*********** http://kb.netgear.com/000061563
Link is:*********** https://www.downloads.netgear.com/files/GDC/RD5200/ReadySHAREVault-install-v2.0.10.100.zip
Link is:*********** http://kb.netgear.com/app/answers/detail/a_id/25411
The link is*********** :https://stagesupport.netgear.com/support/product/r6400v2/
The elements text size under current version of above link********** : 5
Total links are 7
Link is:*********** https://www.downloads.netgear.com/files/GDC/R6400v2/R6400v2-V1.0.5.128_10.0.104.zip
Link is:*********** https://kb.netgear.com/000066379
Link is:*********** https://play.google.com/store/apps/details?id=com.netgear.netgearup&hl=en
Link is:*********** https://itunes.apple.com/us/app/netgear-up/id1124666597?mt=8
Link is:*********** https://www.downloads.netgear.com/files/GDC/R6300/ReadySharePrinter_setup_v1.36.zip
Link is:*********** https://www.downloads.netgear.com/files/GDC/R6300/ReadySHARE%20USB%20Printer%20MAC_V3.1.zip
Link is:*********** http://kb.netgear.com/000061563
The link is*********** :https://stagesupport.netgear.com/support/product/r6800/
The elements text size under current version of above link********** : 6
Total links are 9
Link is:*********** https://www.downloads.netgear.com/files/GDC/R6800/R6800_V1.2.0.92.zip
Link is:*********** https://kb.netgear.com/000064950
Link is:*********** https://play.google.com/store/apps/details?id=com.netgear.netgearup&hl=en
Link is:*********** https://itunes.apple.com/us/app/netgear-up/id1124666597?mt=8
Link is:*********** https://www.downloads.netgear.com/files/GDC/R6300/ReadySharePrinter_setup_v1.36.zip
Link is:*********** https://www.downloads.netgear.com/files/GDC/R6300/ReadySHARE%20USB%20Printer%20MAC_V3.1.zip
Link is:*********** http://kb.netgear.com/000061563
Link is:*********** https://www.downloads.netgear.com/files/GDC/RD5200/ReadySHAREVault-install-v2.0.10.100.zip
Link is:*********** http://kb.netgear.com/app/answers/detail/a_id/25411
The link is*********** :https://stagesupport.netgear.com/support/product/r6850/
The elements text size under current version of above link********** : 4
Total links are 5
Link is:*********** https://www.downloads.netgear.com/files/GDC/R6850/R6850_V1.1.0.88.zip
Link is:*********** https://kb.netgear.com/000064954
Link is:*********** https://play.google.com/store/apps/details?id=com.netgear.netgearup&hl=en
Link is:*********** https://itunes.apple.com/us/app/netgear-up/id1124666597?mt=8
Link is:*********** https://www.downloads.netgear.com/files/GDC/DGN2200V3/ReadyShareConnect.exe
The link is*********** :https://stagesupport.netgear.com/support/product/readyshare_usb_printer/
The elements text size under current version of above link********** : 2
Total links are 3
Link is:*********** https://www.downloads.netgear.com/files/GDC/R6300/ReadySharePrinter_setup_v1.36.zip
Link is:*********** https://www.downloads.netgear.com/files/GDC/R6300/ReadySHARE%20USB%20Printer%20MAC_V3.1.zip
Link is:*********** http://kb.netgear.com/000061563
The link is*********** :https://stagesupport.netgear.com/support/product/readyshare_vault/
The elements text size under current version of above link********** : 1
Total links are 1
Link is:*********** https://updates1.netgear.com/readysharevault/ReadySHAREVault-install.exe
The link is*********** :https://stagesupport.netgear.com/support/product/centria%20wndr4700-4720/
The elements text size under current version of above link********** : 6
Total links are 10
Link is:*********** https://www.downloads.netgear.com/files/GDC/WNDR4700/WNDR4700-V1.0.0.56.zip
Link is:*********** http://kb.netgear.com/000049008
Link is:*********** https://updates1.netgear.com/netgeargenie/mac/update/NETGEARGenieInstaller.dmg
Link is:*********** http://kb.netgear.com/000037853
Link is:*********** https://updates1.netgear.com/netgeargenie/update/NETGEARGenie-install.exe
Link is:*********** http://kb.netgear.com/000037853
Link is:*********** https://www.downloads.netgear.com/files/GDC/R6300/ReadySharePrinter_setup_v1.36.zip
Link is:*********** https://www.downloads.netgear.com/files/GDC/R6300/ReadySHARE%20USB%20Printer%20MAC_V3.1.zip
Link is:*********** http://kb.netgear.com/000061563
Link is:*********** https://www.downloads.netgear.com/files/GDC/RD5200/ReadySHAREVault-install-v2.0.10.100.zip
The link is*********** :https://stagesupport.netgear.com/support/product/hr314/
The elements text size under current version of above link********** : 1
Total links are 1
Link is:*********** https://www.downloads.netgear.com/files/GDC/HR314/HR314%20Firmware%20version%201.4.2.zip
The link is*********** :https://stagesupport.netgear.com/support/product/jnr1010/
The elements text size under current version of above link********** : 1
Total links are 2
Link is:*********** https://www.downloads.netgear.com/files/GDC/JNR1010/JNR1010-v1.0.0.32.zip
Link is:*********** http://kb.netgear.com/app/answers/detail/a_id/30177
The link is*********** :https://stagesupport.netgear.com/support/product/jnr1010v2/
The elements text size under current version of above link********** : 1
Total links are 2
Link is:*********** https://www.downloads.netgear.com/files/GDC/JNR1010V2/N300-V1.1.0.54_1.0.1.zip
Link is:*********** http://kb.netgear.com/000059663
The link is*********** :https://stagesupport.netgear.com/support/product/jnr3000/
The elements text size under current version of above link********** : 3
Total links are 6
Link is:*********** https://www.downloads.netgear.com/files/GDC/JNR3000/JNR3000_V1.1.0.29_1.0.1.zip
Link is:*********** http://kb.netgear.com/app/answers/detail/a_id/25197
Link is:*********** https://updates1.netgear.com/netgeargenie/mac/update/NETGEARGenieInstaller.dmg
Link is:*********** http://kb.netgear.com/000037853
Link is:*********** https://updates1.netgear.com/netgeargenie/update/NETGEARGenie-install.exe
Link is:*********** http://kb.netgear.com/000037853
The link is*********** :https://stagesupport.netgear.com/support/product/jnr3210/
The elements text size under current version of above link********** : 3
Total links are 6
Link is:*********** https://www.downloads.netgear.com/files/GDC/JNR3210/JNR3210_V1.1.0.30_1.0.2.zip
Link is:*********** http://kb.netgear.com/app/answers/detail/a_id/26759
Link is:*********** https://updates1.netgear.com/netgeargenie/mac/update/NETGEARGenieInstaller.dmg
Link is:*********** http://kb.netgear.com/000037853
Link is:*********** https://updates1.netgear.com/netgeargenie/update/NETGEARGenie-install.exe
Link is:*********** http://kb.netgear.com/000037853
The link is*********** :https://stagesupport.netgear.com/support/product/jwnr2000v1/
The elements text size under current version of above link********** : 6
Total links are 6
Link is:*********** https://www.downloads.netgear.com/files/GDC/JWNR2000v1/JWNR2000%20Firmware%20Version%201.0.0.7%20(China).zip
Link is:*********** https://www.downloads.netgear.com/files/GDC/JWNR2000v1/JWNR2000%20Firmware%20Version%201.0.0.7%20(for%20users%20outside%20North%20America%20only).zip
Link is:*********** https://www.downloads.netgear.com/files/GDC/JWNR2000v1/JWNR2000%20Firmware%20Version%201.0.0.7%20(India).zip
Link is:*********** https://www.downloads.netgear.com/files/GDC/JWNR2000v1/JWNR2000%20Firmware%20Version%201.0.0.7%20(Korea).zip
Link is:*********** https://www.downloads.netgear.com/files/GDC/JWNR2000v1/JWNR2000%20Firmware%20Version%201.0.0.7%20(Latin%20America).zip
Link is:*********** https://www.downloads.netgear.com/files/GDC/JWNR2000v1/JWNR2000%20Firmware%20Version%201.0.0.7%20(Russia).zip
The link is*********** :https://stagesupport.netgear.com/support/product/jwnr2000v2/
The elements text size under current version of above link********** : 1
Total links are 2
Link is:*********** https://www.downloads.netgear.com/files/GDC/JWNR2000V2/JWNR2000v2_WNR1500-V1.0.0.11_1.0.1.zip
Link is:*********** http://kb.netgear.com/app/answers/detail/a_id/25063
The link is*********** :https://stagesupport.netgear.com/support/product/jwnr2000v3/
The elements text size under current version of above link********** : 1
Total links are 1
Link is:*********** https://www.downloads.netgear.com/files/GDC/JWNR2010V3/JWNR2000v3_JWNR2010v3_JWNR2000Tv3-v1.0.0.32.zip
The link is*********** :https://stagesupport.netgear.com/support/product/jwnr2000v5/
The elements text size under current version of above link********** : 3
Total links are 6
Link is:*********** https://www.downloads.netgear.com/files/GDC/JNR1010V2/N300-V1.1.0.54_1.0.1.zip
Link is:*********** http://kb.netgear.com/000059663
Link is:*********** https://updates1.netgear.com/netgeargenie/mac/update/NETGEARGenieInstaller.dmg
Link is:*********** http://kb.netgear.com/000037853
Link is:*********** https://updates1.netgear.com/netgeargenie/update/NETGEARGenie-install.exe
Link is:*********** http://kb.netgear.com/000037853
The link is*********** :https://stagesupport.netgear.com/support/product/jwnr2010v3/
The elements text size under current version of above link********** : 1
Total links are 1
Link is:*********** https://www.downloads.netgear.com/files/GDC/JWNR2010V3/JWNR2000v3_JWNR2010v3_JWNR2000Tv3-v1.0.0.32.zip
The link is*********** :https://stagesupport.netgear.com/support/product/jwnr2010v5/
The elements text size under current version of above link********** : 3
Total links are 6
Link is:*********** https://www.downloads.netgear.com/files/GDC/JNR1010V2/N300-V1.1.0.54_1.0.1.zip
Link is:*********** http://kb.netgear.com/000059663
Link is:*********** https://updates1.netgear.com/netgeargenie/mac/update/NETGEARGenieInstaller.dmg
Link is:*********** http://kb.netgear.com/000037853
Link is:*********** https://updates1.netgear.com/netgeargenie/update/NETGEARGenie-install.exe
Link is:*********** http://kb.netgear.com/000037853
The link is*********** :https://stagesupport.netgear.com/support/product/kwgr614/
The elements text size under current version of above link********** : 1
Total links are 1
Link is:*********** https://www.downloads.netgear.com/files/GDC/KWGR614/KWGR614%20Firmware%20Version%201.0.0_09.25%20(North%20America).zip
The link is*********** :https://stagesupport.netgear.com/support/product/mr314/
The elements text size under current version of above link********** : 1
Total links are 1
Link is:*********** https://www.downloads.netgear.com/files/GDC/MR314/MR314%20Firmware%20Version%203.29.zip
The link is*********** :https://stagesupport.netgear.com/support/product/mr814v1/
The elements text size under current version of above link********** : 1
Total links are 1
Link is:*********** https://www.downloads.netgear.com/files/GDC/MR814v1/MR814v1%20Firmware%20Version%204.14%20Release%20Candidate%204.zip
The link is*********** :https://stagesupport.netgear.com/support/product/mr814v2/
The elements text size under current version of above link********** : 1
Total links are 1
Link is:*********** https://www.downloads.netgear.com/files/GDC/MR814v2/MR814v2%20Firmware%20Version%205.3.zip
The link is*********** :https://stagesupport.netgear.com/support/product/mr814v3/
The elements text size under current version of above link********** : 1
Total links are 1
Link is:*********** https://www.downloads.netgear.com/files/GDC/MR814v3/MR814v3%20Firmware%20Version%205.4_06.zip
The link is*********** :https://stagesupport.netgear.com/support/product/pr2000/
The elements text size under current version of above link********** : 4
Total links are 7
Link is:*********** https://www.downloads.netgear.com/files/GDC/PR2000/PR2000-V1.0.0.30_1.0.1.zip
Link is:*********** http://kb.netgear.com/000061076
Link is:*********** https://updates1.netgear.com/netgeargenie/mac/update/NETGEARGenieInstaller.dmg
Link is:*********** http://kb.netgear.com/000037853
Link is:*********** https://updates1.netgear.com/netgeargenie/update/NETGEARGenie-install.exe
Link is:*********** http://kb.netgear.com/000037853
Link is:*********** https://www.downloads.netgear.com/files/GDC/DGN2200V3/ReadyShareConnect.exe
The link is*********** :https://stagesupport.netgear.com/support/product/r4500/
The elements text size under current version of above link********** : 5
Total links are 8
Link is:*********** https://www.downloads.netgear.com/files/GDC/R4500/R4500_V1.0.0.4_1.0.3.zip
Link is:*********** https://updates1.netgear.com/netgeargenie/mac/update/NETGEARGenieInstaller.dmg
Link is:*********** http://kb.netgear.com/000037853
Link is:*********** https://updates1.netgear.com/netgeargenie/update/NETGEARGenie-install.exe
Link is:*********** http://kb.netgear.com/000037853
Link is:*********** https://www.downloads.netgear.com/files/GDC/R6300/ReadySharePrinter_setup_v1.36.zip
Link is:*********** https://www.downloads.netgear.com/files/GDC/R6300/ReadySHARE%20USB%20Printer%20MAC_V3.1.zip
Link is:*********** http://kb.netgear.com/000061563
The link is*********** :https://stagesupport.netgear.com/support/product/wgm124/
The elements text size under current version of above link********** : 1
Total links are 1
Link is:*********** https://www.downloads.netgear.com/files/GDC/WGM124/WGM124%20Software%20Version%201.0%20Release%2011.zip
The link is*********** :https://stagesupport.netgear.com/support/product/wgr101/
The elements text size under current version of above link********** : 1
Total links are 1
Link is:*********** https://www.downloads.netgear.com/files/GDC/WGR101/WGR101%20Firmware%20Version%201009.zip
The link is*********** :https://stagesupport.netgear.com/support/product/wgr612/
The elements text size under current version of above link********** : 2
Total links are 2
Link is:*********** https://www.downloads.netgear.com/files/GDC/WGR612/WGR612%20Firmware%20Version%201.0.1.2%20(North%20America).zip
Link is:*********** https://www.downloads.netgear.com/files/GDC/WGR612/WGR612%20Firmware%20Version%201.0.1.2%20(Latin%20America).zip
The link is*********** :https://stagesupport.netgear.com/support/product/wgr614v1/
The elements text size under current version of above link********** : 1
Total links are 1
Link is:*********** https://www.downloads.netgear.com/files/GDC/WGR614V1/WGR614v1%20Firmware%20Version%201400.zip
The link is*********** :https://stagesupport.netgear.com/support/product/wgr614v10/
The elements text size under current version of above link********** : 2
Total links are 4
Link is:*********** https://www.downloads.netgear.com/files/GDC/WGR614V10/WGR614v10-V1.0.2.66_60.0.90NA.zip
Link is:*********** http://kb.netgear.com/000046080
Link is:*********** https://www.downloads.netgear.com/files/GDC/WGR614V10/WGR614v10-V1.0.2.66_60.0.90.zip
Link is:*********** http://kb.netgear.com/000046080
The link is*********** :https://stagesupport.netgear.com/support/product/wgr614v2/
The elements text size under current version of above link********** : 1
Total links are 1
Link is:*********** https://www.downloads.netgear.com/files/GDC/WGR614V3/WGR614v2%20and%20WGR614v3%20Firmware%20Version%202.16.zip
The link is*********** :https://stagesupport.netgear.com/support/product/wgr614v3/
The elements text size under current version of above link********** : 1
Total links are 1
Link is:*********** https://www.downloads.netgear.com/files/GDC/WGR614V3/WGR614v2%20and%20WGR614v3%20Firmware%20Version%202.16.zip
The link is*********** :https://stagesupport.netgear.com/support/product/wgr614v4/
The elements text size under current version of above link********** : 1
Total links are 1
Link is:*********** https://www.downloads.netgear.com/files/GDC/WGR614V4/WGR614v4%20Firmware%20Version%205.0_07.zip
The link is*********** :https://stagesupport.netgear.com/support/product/wgr614v5/
The elements text size under current version of above link********** : 1
Total links are 1
Link is:*********** https://www.downloads.netgear.com/files/GDC/WGR614V5/WGR614v5%20Firmware%20Version%201.09.zip
The link is*********** :https://stagesupport.netgear.com/support/product/wgr614v6/
The elements text size under current version of above link********** : 2
Total links are 2
Link is:*********** https://www.downloads.netgear.com/files/GDC/WGR614V6/WGR614v6%20Firmware%20Version%202.0.19_1.0.19%20(NA).zip
Link is:*********** https://www.downloads.netgear.com/files/GDC/WGR614V6/WGR614v6%20Firmware%20Version%202.0.19_1.0.19%20(WW).zip
The link is*********** :https://stagesupport.netgear.com/support/product/wgr614v7/
The elements text size under current version of above link********** : 2
Total links are 2
Link is:*********** https://www.downloads.netgear.com/files/GDC/WGR614V7/WGR614V7-V2.0.30_2.0.30NA.zip
Link is:*********** https://www.downloads.netgear.com/files/GDC/WGR614V7/WGR614V7-V2.0.30_2.0.30.zip
The link is*********** :https://stagesupport.netgear.com/support/product/wgr614v8/
The elements text size under current version of above link********** : 2
Total links are 2
Link is:*********** https://www.downloads.netgear.com/files/GDC/WGR614V8/WGR614v8%20Firmware%20Version%201.2.10_21.0.52%20(North%20America).zip
Link is:*********** https://www.downloads.netgear.com/files/GDC/WGR614V8/WGR614v8%20Firmware%20Version%201.2.10_21.0.52%20(All%20regions%20except%20North%20America).zip
The link is*********** :https://stagesupport.netgear.com/support/product/wgr614v9/
The elements text size under current version of above link********** : 2
Total links are 4
Link is:*********** https://www.downloads.netgear.com/files/GDC/WGR614V9/WGR614v9_V1.2.32_43.0.46NA.zip
Link is:*********** http://kb.netgear.com/app/answers/detail/a_id/23780
Link is:*********** https://www.downloads.netgear.com/files/GDC/WGR614V9/WGR614v9_V1.2.32_43.0.46.zip
Link is:*********** http://kb.netgear.com/app/answers/detail/a_id/23780
The link is*********** :https://stagesupport.netgear.com/support/product/wgt624sc/
The elements text size under current version of above link********** : 1
Total links are 1
Link is:*********** https://www.downloads.netgear.com/files/GDC/WGT624V3/WGT624v3%20or%20WGT624SC%20Beta%20Firmware%20Version%202.0.13.zip
The link is*********** :https://stagesupport.netgear.com/support/product/wgt624v1/
The elements text size under current version of above link********** : 1
Total links are 1
Link is:*********** https://www.downloads.netgear.com/files/GDC/WGT624V2/WGT624v1%20and%20WGT624v2%20Firmware%20Version%204.2.11.zip
The link is*********** :https://stagesupport.netgear.com/support/product/wgt624v2/
The elements text size under current version of above link********** : 1
Total links are 1
Link is:*********** https://www.downloads.netgear.com/files/GDC/WGT624V2/WGT624v1%20and%20WGT624v2%20Firmware%20Version%204.2.11.zip
The link is*********** :https://stagesupport.netgear.com/support/product/wgt624v3/
The elements text size under current version of above link********** : 1
Total links are 1
Link is:*********** https://www.downloads.netgear.com/files/GDC/WGT624V3/wgt624v3_2_0_26_1_0_1_na_only.zip
The link is*********** :https://stagesupport.netgear.com/support/product/wgt624v4/
The elements text size under current version of above link********** : 3
Total links are 3
Link is:*********** https://www.downloads.netgear.com/files/GDC/WGT624V4/WGT624v4%20-%20Firmware%20Version%202.0.13_2.0.15.zip
Link is:*********** https://www.downloads.netgear.com/files/GDC/WGT624V4/WGT624v4%20-%20Firmware%20Version%202.0.13%20(All%20regions%20except%20North%20America).zip
Link is:*********** https://www.downloads.netgear.com/files/GDC/WGT624V4/WGT624v4%20-%20Firmware%20Version%202.0.13%20(North%20America).zip
The link is*********** :https://stagesupport.netgear.com/support/product/wgt634u/
The elements text size under current version of above link********** : 1
Total links are 1
Link is:*********** https://www.downloads.netgear.com/files/GDC/WGT634U/WGT634U%20Firmware%20Version%201.4.1.13.zip
The link is*********** :https://stagesupport.netgear.com/support/product/wgu624/
The elements text size under current version of above link********** : 1
Total links are 1
Link is:*********** https://www.downloads.netgear.com/files/GDC/WGU624/WGU624%20Firmware%20Version%202.0.1.1.zip
The link is*********** :https://stagesupport.netgear.com/support/product/wndr3300v1/
The elements text size under current version of above link********** : 2
Total links are 2
Link is:*********** https://www.downloads.netgear.com/files/GDC/WNDR3300V1/WNDR3300-V1.0.45_1.0.45NA.zip
Link is:*********** https://www.downloads.netgear.com/files/GDC/WNDR3300V1/WNDR3300-V1.0.45_1.0.45.zip
The link is*********** :https://stagesupport.netgear.com/support/product/wndr3300v2/
The elements text size under current version of above link********** : 1
Total links are 1
Link is:*********** https://www.downloads.netgear.com/files/GDC/WNDR3300v2/WNDR3300v2%20Initial%20Firmware%20Version%201.0.0.26.zip
The link is*********** :https://stagesupport.netgear.com/support/product/wndr3400v1/
The elements text size under current version of above link********** : 2
Total links are 3
Link is:*********** https://www.downloads.netgear.com/files/GDC/WNDR3400V1/WNDR3400-V1.0.0.52_20.0.60.zip
Link is:*********** http://kb.netgear.com/app/answers/detail/a_id/23770
Link is:*********** https://www.downloads.netgear.com/files/GDC/WNDR3400V1/ReadySHARE_Access.zip
The link is*********** :https://stagesupport.netgear.com/support/product/wndr3400v2/
The elements text size under current version of above link********** : 4
Total links are 7
Link is:*********** https://www.downloads.netgear.com/files/GDC/WNDR3400V2/WNDR3400v2-V1.0.0.54_1.0.82.zip
Link is:*********** http://kb.netgear.com/000036757
Link is:*********** https://updates1.netgear.com/netgeargenie/mac/update/NETGEARGenieInstaller.dmg
Link is:*********** http://kb.netgear.com/000037853
Link is:*********** https://updates1.netgear.com/netgeargenie/update/NETGEARGenie-install.exe
Link is:*********** http://kb.netgear.com/000037853
Link is:*********** https://www.downloads.netgear.com/files/GDC/WNDR3400V1/ReadySHARE_Access.zip
The link is*********** :https://stagesupport.netgear.com/support/product/wndr3400v3/
The elements text size under current version of above link********** : 4
Total links are 7
Link is:*********** https://www.downloads.netgear.com/files/GDC/WNDR3400V3/WNDR3400v3-V1.0.1.44_1.0.71.zip
Link is:*********** https://kb.netgear.com/000064665
Link is:*********** https://updates1.netgear.com/netgeargenie/mac/update/NETGEARGenieInstaller.dmg
Link is:*********** http://kb.netgear.com/000037853
Link is:*********** https://updates1.netgear.com/netgeargenie/update/NETGEARGenie-install.exe
Link is:*********** http://kb.netgear.com/000037853
Link is:*********** https://www.downloads.netgear.com/files/GDC/WNDR3400V1/ReadySHARE_Access.zip
The link is*********** :https://stagesupport.netgear.com/support/product/wndr3700v1/
The elements text size under current version of above link********** : 3
Total links are 3
Link is:*********** https://www.downloads.netgear.com/files/GDC/WNDR3700V1/WNDR3700-V1.0.16.98NA.zip
Link is:*********** https://www.downloads.netgear.com/files/GDC/WNDR3700V1/WNDR3700-V1.0.16.98.zip
Link is:*********** https://www.downloads.netgear.com/files/GDC/WNDR3700V1/wndr3700_ReadyShareConnect.zip
The link is*********** :https://stagesupport.netgear.com/support/product/wndr3700v2/
The elements text size under current version of above link********** : 1
Total links are 2
Link is:*********** https://www.downloads.netgear.com/files/GDC/WNDR3700V2/WNDR3700v2_WNDR37AVv2-V1.0.1.14.zip
Link is:*********** http://kb.netgear.com/app/answers/detail/a_id/24482
The link is*********** :https://stagesupport.netgear.com/support/product/wndr3700v3/
The elements text size under current version of above link********** : 2
Total links are 3
Link is:*********** https://www.downloads.netgear.com/files/GDC/WNDR3700V3/WNDR3700v3-V1.0.0.42_1.0.33.zip
Link is:*********** http://kb.netgear.com/000049034
Link is:*********** https://www.downloads.netgear.com/files/GDC/WNDR3700v3/WNDR3700v3_ReadySHARE%20Access.zip
The link is*********** :https://stagesupport.netgear.com/support/product/wndr3700v4/
The elements text size under current version of above link********** : 4
Total links are 7
Link is:*********** https://www.downloads.netgear.com/files/GDC/WNDR3700V4/WNDR3700v4-V1.0.2.102.zip
Link is:*********** http://kb.netgear.com/000059642
Link is:*********** https://updates1.netgear.com/netgeargenie/mac/update/NETGEARGenieInstaller.dmg
Link is:*********** http://kb.netgear.com/000037853
Link is:*********** https://updates1.netgear.com/netgeargenie/update/NETGEARGenie-install.exe
Link is:*********** http://kb.netgear.com/000037853
Link is:*********** https://www.downloads.netgear.com/files/GDC/WNDR3400V1/ReadySHARE_Access.zip
The link is*********** :https://stagesupport.netgear.com/support/product/wndr3700v5/
The elements text size under current version of above link********** : 6
Total links are 11
Link is:*********** https://www.downloads.netgear.com/files/GDC/WNDR3700V5/WNDR3700v5_V1.1.0.54_1.0.1.zip
Link is:*********** http://kb.netgear.com/000053905
Link is:*********** https://updates1.netgear.com/netgeargenie/mac/update/NETGEARGenieInstaller.dmg
Link is:*********** http://kb.netgear.com/000037853
Link is:*********** https://updates1.netgear.com/netgeargenie/update/NETGEARGenie-install.exe
Link is:*********** http://kb.netgear.com/000037853
Link is:*********** https://www.downloads.netgear.com/files/GDC/R6300/ReadySharePrinter_setup_v1.36.zip
Link is:*********** https://www.downloads.netgear.com/files/GDC/R6300/ReadySHARE%20USB%20Printer%20MAC_V3.1.zip
Link is:*********** http://kb.netgear.com/000061563
Link is:*********** https://www.downloads.netgear.com/files/GDC/RD5200/ReadySHAREVault-install-v2.0.10.100.zip
Link is:*********** http://kb.netgear.com/app/answers/detail/a_id/25411
The link is*********** :https://stagesupport.netgear.com/support/product/wndr37avv1/
The elements text size under current version of above link********** : 3
Total links are 3
Link is:*********** https://www.downloads.netgear.com/files/GDC/WNDR37AVv1/WNDR3700_WNDR37AV%20Firmware%20Version%201.0.16.98NA.zip
Link is:*********** https://www.downloads.netgear.com/files/GDC/WNDR37AVv1/WNDR3700-WNDR37AV%20Firmware%20Version%201.0.16.98%20-%20BETA%20(All%20regions%20except%20North%20America).zip
Link is:*********** https://www.downloads.netgear.com/files/GDC/WNDR3700V1/wndr3700_ReadyShareConnect.zip
The link is*********** :https://stagesupport.netgear.com/support/product/wndr37avv2/
The elements text size under current version of above link********** : 1
Total links are 2
Link is:*********** https://www.downloads.netgear.com/files/GDC/WNDR3700V2/WNDR3700v2_WNDR37AVv2-V1.0.1.14.zip
Link is:*********** http://kb.netgear.com/app/answers/detail/a_id/24482
The link is*********** :https://stagesupport.netgear.com/support/product/wndr3800/
The elements text size under current version of above link********** : 6
Total links are 10
Link is:*********** https://www.downloads.netgear.com/files/GDC/WNDR3800/WNDR3800-V1.0.0.52.zip
Link is:*********** http://kb.netgear.com/000049002
Link is:*********** https://updates1.netgear.com/netgeargenie/mac/update/NETGEARGenieInstaller.dmg
Link is:*********** http://kb.netgear.com/000037853
Link is:*********** https://updates1.netgear.com/netgeargenie/update/NETGEARGenie-install.exe
Link is:*********** http://kb.netgear.com/000037853
Link is:*********** https://www.downloads.netgear.com/files/GDC/WNDR3800/ReadyShareConnect.exe
Link is:*********** https://www.downloads.netgear.com/files/GDC/R6300/ReadySharePrinter_setup_v1.36.zip
Link is:*********** https://www.downloads.netgear.com/files/GDC/R6300/ReadySHARE%20USB%20Printer%20MAC_V3.1.zip
Link is:*********** http://kb.netgear.com/000061563
The link is*********** :https://stagesupport.netgear.com/support/product/wndr4000/
The elements text size under current version of above link********** : 3
Total links are 6
Link is:*********** https://www.downloads.netgear.com/files/GDC/WNDR4000/WNDR4000-V1.0.2.10_9.1.89.zip
Link is:*********** http://kb.netgear.com/000053832
Link is:*********** https://updates1.netgear.com/netgeargenie/mac/update/NETGEARGenieInstaller.dmg
Link is:*********** http://kb.netgear.com/000037853
Link is:*********** https://updates1.netgear.com/netgeargenie/update/NETGEARGenie-install.exe
Link is:*********** http://kb.netgear.com/000037853
The link is*********** :https://stagesupport.netgear.com/support/product/wndr4300/
The elements text size under current version of above link********** : 5
Total links are 9
Link is:*********** https://www.downloads.netgear.com/files/GDC/WNDR4300/WNDR4300-V1.0.2.104.zip
Link is:*********** http://kb.netgear.com/000059638
Link is:*********** https://updates1.netgear.com/netgeargenie/mac/update/NETGEARGenieInstaller.dmg
Link is:*********** http://kb.netgear.com/000037853
Link is:*********** https://updates1.netgear.com/netgeargenie/update/NETGEARGenie-install.exe
Link is:*********** http://kb.netgear.com/000037853
Link is:*********** https://www.downloads.netgear.com/files/GDC/R6300/ReadySharePrinter_setup_v1.36.zip
Link is:*********** https://www.downloads.netgear.com/files/GDC/R6300/ReadySHARE%20USB%20Printer%20MAC_V3.1.zip
Link is:*********** http://kb.netgear.com/000061563
The link is*********** :https://stagesupport.netgear.com/support/product/wndr4300v2/
The elements text size under current version of above link********** : 7
Total links are 12
Link is:*********** https://www.downloads.netgear.com/files/GDC/WNDR4300v2/WNDR4300v2-V1.0.0.60_BETA.zip
Link is:*********** http://kb.netgear.com/000061143
Link is:*********** https://www.downloads.netgear.com/files/GDC/WNDR4300v2/WNDR4300v2-V1.0.0.58.zip
Link is:*********** http://kb.netgear.com/000060195
Link is:*********** https://updates1.netgear.com/netgeargenie/mac/update/NETGEARGenieInstaller.dmg
Link is:*********** http://kb.netgear.com/000037853
Link is:*********** https://updates1.netgear.com/netgeargenie/update/NETGEARGenie-install.exe
Link is:*********** http://kb.netgear.com/000037853
Link is:*********** https://www.downloads.netgear.com/files/GDC/DGN2200V3/ReadyShareConnect.exe
Link is:*********** https://www.downloads.netgear.com/files/GDC/R6300/ReadySharePrinter_setup_v1.36.zip
Link is:*********** https://www.downloads.netgear.com/files/GDC/R6300/ReadySHARE%20USB%20Printer%20MAC_V3.1.zip
Link is:*********** http://kb.netgear.com/000061563
The link is*********** :https://stagesupport.netgear.com/support/product/wndr4500/
The elements text size under current version of above link********** : 6
Total links are 10
Link is:*********** https://www.downloads.netgear.com/files/GDC/WNDR4500/WNDR4500-V1.0.1.46_1.0.76.zip
Link is:*********** http://kb.netgear.com/000047406
Link is:*********** https://updates1.netgear.com/netgeargenie/mac/update/NETGEARGenieInstaller.dmg
Link is:*********** http://kb.netgear.com/000037853
Link is:*********** https://updates1.netgear.com/netgeargenie/update/NETGEARGenie-install.exe
Link is:*********** http://kb.netgear.com/000037853
Link is:*********** https://www.downloads.netgear.com/files/GDC/DGN2200V3/ReadyShareConnect.exe
Link is:*********** https://www.downloads.netgear.com/files/GDC/R6300/ReadySharePrinter_setup_v1.36.zip
Link is:*********** https://www.downloads.netgear.com/files/GDC/R6300/ReadySHARE%20USB%20Printer%20MAC_V3.1.zip
Link is:*********** http://kb.netgear.com/000061563
The link is*********** :https://stagesupport.netgear.com/support/product/wndr4500v2/
The elements text size under current version of above link********** : 6
Total links are 10
Link is:*********** https://www.downloads.netgear.com/files/GDC/WNDR4500V2/WNDR4500v2-V1.0.0.72_1.0.45.zip
Link is:*********** http://kb.netgear.com/000059527
Link is:*********** https://updates1.netgear.com/netgeargenie/mac/update/NETGEARGenieInstaller.dmg
Link is:*********** http://kb.netgear.com/000037853
Link is:*********** https://updates1.netgear.com/netgeargenie/update/NETGEARGenie-install.exe
Link is:*********** http://kb.netgear.com/000037853
Link is:*********** https://www.downloads.netgear.com/files/GDC/DGN2200V3/ReadyShareConnect.exe
Link is:*********** https://www.downloads.netgear.com/files/GDC/R6300/ReadySharePrinter_setup_v1.36.zip
Link is:*********** https://www.downloads.netgear.com/files/GDC/R6300/ReadySHARE%20USB%20Printer%20MAC_V3.1.zip
Link is:*********** http://kb.netgear.com/000061563
The link is*********** :https://stagesupport.netgear.com/support/product/wndr4500v3/
The elements text size under current version of above link********** : 7
Total links are 12
Link is:*********** https://www.downloads.netgear.com/files/GDC/WNDR4500v3/WNDR4500v3-V1.0.0.60_BETA.zip
Link is:*********** http://kb.netgear.com/
Link is:*********** https://www.downloads.netgear.com/files/GDC/WNDR4500v3/WNDR4500v3-V1.0.0.58.zip
Link is:*********** http://kb.netgear.com/000060194
Link is:*********** https://updates1.netgear.com/netgeargenie/mac/update/NETGEARGenieInstaller.dmg
Link is:*********** http://kb.netgear.com/000037853
Link is:*********** https://updates1.netgear.com/netgeargenie/update/NETGEARGenie-install.exe
Link is:*********** http://kb.netgear.com/000037853
Link is:*********** https://www.downloads.netgear.com/files/GDC/DGN2200V3/ReadyShareConnect.exe
Link is:*********** https://www.downloads.netgear.com/files/GDC/R6300/ReadySharePrinter_setup_v1.36.zip
Link is:*********** https://www.downloads.netgear.com/files/GDC/R6300/ReadySHARE%20USB%20Printer%20MAC_V3.1.zip
Link is:*********** http://kb.netgear.com/000061563
The link is*********** :https://stagesupport.netgear.com/support/product/wndrmacv1/
The elements text size under current version of above link********** : 4
Total links are 6
Link is:*********** https://www.downloads.netgear.com/files/GDC/WNDRMACv1/WNDRMAC%20Firmware%20Version%201.0.0.22.zip
Link is:*********** https://updates1.netgear.com/netgeargenie/mac/update/NETGEARGenieInstaller.dmg
Link is:*********** http://kb.netgear.com/000037853
Link is:*********** https://updates1.netgear.com/netgeargenie/update/NETGEARGenie-install.exe
Link is:*********** http://kb.netgear.com/000037853
Link is:*********** https://www.downloads.netgear.com/files/GDC/WNDRMACV2/ReadySHARE%20Access.zip
The link is*********** :https://stagesupport.netgear.com/support/product/wndrmacv2/
The elements text size under current version of above link********** : 4
Total links are 6
Link is:*********** https://www.downloads.netgear.com/files/GDC/WNDRMACV2/WNDRMACv2-V1.0.0.20.zip
Link is:*********** https://updates1.netgear.com/netgeargenie/update/NETGEARGenie-install.exe
Link is:*********** http://kb.netgear.com/000037853
Link is:*********** https://updates1.netgear.com/netgeargenie/mac/update/NETGEARGenieInstaller.dmg
Link is:*********** http://kb.netgear.com/000037853
Link is:*********** https://www.downloads.netgear.com/files/GDC/WNDRMACV2/ReadySHARE%20Access.zip
The link is*********** :https://stagesupport.netgear.com/support/product/wnr1000-2vcnas/
The elements text size under current version of above link********** : 1
Total links are 1
Link is:*********** https://www.downloads.netgear.com/files/GDC/WNR1000-2VCNAS/WNR1000-2VCNAS%20Firmware%20Version%201.2.2.56.zip
The link is*********** :https://stagesupport.netgear.com/support/product/wnr1000v1/
The elements text size under current version of above link********** : 2
Total links are 2
Link is:*********** https://www.downloads.netgear.com/files/GDC/WNR1000V1/WNR1000%20Firmware%20Version%201.0.1.15%20(North%20America).zip
Link is:*********** https://www.downloads.netgear.com/files/GDC/WNR1000V1/WNR1000%20Firmware%20Version%201.0.1.15%20(All%20regions%20except%20North%20America).zip
The link is*********** :https://stagesupport.netgear.com/support/product/wnr1000v2/
The elements text size under current version of above link********** : 4
Total links are 8
Link is:*********** https://www.downloads.netgear.com/files/GDC/WNR1000V2/WNR1000v2-V1.1.2.60NA.zip
Link is:*********** http://kb.netgear.com/000048433
Link is:*********** https://www.downloads.netgear.com/files/GDC/WNR1000V2/WNR1000v2-V1.1.2.60.zip
Link is:*********** http://kb.netgear.com/000048434
Link is:*********** https://updates1.netgear.com/netgeargenie/mac/update/NETGEARGenieInstaller.dmg
Link is:*********** http://kb.netgear.com/000037853
Link is:*********** https://updates1.netgear.com/netgeargenie/update/NETGEARGenie-install.exe
Link is:*********** http://kb.netgear.com/000037853
The link is*********** :https://stagesupport.netgear.com/support/product/wnr1000v3/
The elements text size under current version of above link********** : 4
Total links are 8
Link is:*********** https://www.downloads.netgear.com/files/GDC/WNR1000v3/WNR1000v3-V1.0.2.78_60.0.96NA.zip
Link is:*********** http://kb.netgear.com/000062102
Link is:*********** https://www.downloads.netgear.com/files/GDC/WNR1000v3/WNR1000v3-V1.0.2.78_60.0.96.zip
Link is:*********** http://kb.netgear.com/000062102
Link is:*********** https://updates1.netgear.com/netgeargenie/mac/update/NETGEARGenieInstaller.dmg
Link is:*********** http://kb.netgear.com/000037853
Link is:*********** https://updates1.netgear.com/netgeargenie/update/NETGEARGenie-install.exe
Link is:*********** http://kb.netgear.com/000037853
The link is*********** :https://stagesupport.netgear.com/support/product/wnr1000v4/
The elements text size under current version of above link********** : 3
Total links are 6
Link is:*********** https://www.downloads.netgear.com/files/GDC/JNR1010V2/N300-V1.1.0.54_1.0.1.zip
Link is:*********** http://kb.netgear.com/000059663
Link is:*********** https://updates1.netgear.com/netgeargenie/mac/update/NETGEARGenieInstaller.dmg
Link is:*********** http://kb.netgear.com/000037853
Link is:*********** https://updates1.netgear.com/netgeargenie/update/NETGEARGenie-install.exe
Link is:*********** http://kb.netgear.com/000037853
The link is*********** :https://stagesupport.netgear.com/support/product/wnr1500/
The elements text size under current version of above link********** : 3
Total links are 6
Link is:*********** https://www.downloads.netgear.com/files/GDC/JWNR2000V2/JWNR2000v2_WNR1500-V1.0.0.11_1.0.1.zip
Link is:*********** http://kb.netgear.com/app/answers/detail/a_id/25063
Link is:*********** https://updates1.netgear.com/netgeargenie/mac/update/NETGEARGenieInstaller.dmg
Link is:*********** http://kb.netgear.com/000037853
Link is:*********** https://updates1.netgear.com/netgeargenie/update/NETGEARGenie-install.exe
Link is:*********** http://kb.netgear.com/000037853
The link is*********** :https://stagesupport.netgear.com/support/product/wnr2000v1/
The elements text size under current version of above link********** : 2
Total links are 2
Link is:*********** https://www.downloads.netgear.com/files/GDC/WNR2000V1/WNR2000%20Firmware%20Version%201.2.3.7%20(NA).zip
Link is:*********** https://www.downloads.netgear.com/files/GDC/WNR2000V1/WNR2000%20Firmware%20Version%201.2.3.7%20(WW).zip
The link is*********** :https://stagesupport.netgear.com/support/product/wnr2000v2/
The elements text size under current version of above link********** : 2
Total links are 4
Link is:*********** https://www.downloads.netgear.com/files/GDC/WNR2000V2/WNR2000v2-V1.2.0.12_36.0.60NA.zip
Link is:*********** http://kb.netgear.com/000062142
Link is:*********** https://www.downloads.netgear.com/files/GDC/WNR2000V2/WNR2000v2-V1.2.0.12_36.0.60WW.zip
Link is:*********** http://kb.netgear.com/000062142
The link is*********** :https://stagesupport.netgear.com/support/product/wnr2000v3/
The elements text size under current version of above link********** : 3
Total links are 6
Link is:*********** https://www.downloads.netgear.com/files/GDC/WNR2000v3/wnr2000v3-V1.1.2.18.zip
Link is:*********** http://kb.netgear.com/000045843
Link is:*********** https://updates1.netgear.com/netgeargenie/mac/update/NETGEARGenieInstaller.dmg
Link is:*********** http://kb.netgear.com/000037853
Link is:*********** https://updates1.netgear.com/netgeargenie/update/NETGEARGenie-install.exe
Link is:*********** http://kb.netgear.com/000037853
The link is*********** :https://stagesupport.netgear.com/support/product/wnr2000v4/
The elements text size under current version of above link********** : 3
Total links are 6
Link is:*********** https://www.downloads.netgear.com/files/GDC/WNR2000V4/wnr2000v4-V1.0.0.70.zip
Link is:*********** http://kb.netgear.com/000046287
Link is:*********** https://updates1.netgear.com/netgeargenie/mac/update/NETGEARGenieInstaller.dmg
Link is:*********** http://kb.netgear.com/000037853
Link is:*********** https://updates1.netgear.com/netgeargenie/update/NETGEARGenie-install.exe
Link is:*********** http://kb.netgear.com/000037853
The link is*********** :https://stagesupport.netgear.com/support/product/wnr2000v5/
The elements text size under current version of above link********** : 3
Total links are 6
Link is:*********** https://www.downloads.netgear.com/files/GDC/WNR2000V5/WNR2000v5-V1.0.0.80.zip
Link is:*********** https://kb.netgear.com/000065066
Link is:*********** https://updates1.netgear.com/netgeargenie/mac/update/NETGEARGenieInstaller.dmg
Link is:*********** http://kb.netgear.com/000037853
Link is:*********** https://updates1.netgear.com/netgeargenie/update/NETGEARGenie-install.exe
Link is:*********** http://kb.netgear.com/000037853
The link is*********** :https://stagesupport.netgear.com/support/product/wnr2020/
The elements text size under current version of above link********** : 3
Total links are 6
Link is:*********** https://www.downloads.netgear.com/files/GDC/WNR2020/N300-V1.1.0.62_1.0.1.zip
Link is:*********** http://kb.netgear.com/000061445
Link is:*********** https://updates1.netgear.com/netgeargenie/mac/update/NETGEARGenieInstaller.dmg
Link is:*********** http://kb.netgear.com/000037853
Link is:*********** https://updates1.netgear.com/netgeargenie/update/NETGEARGenie-install.exe
Link is:*********** http://kb.netgear.com/000037853
The link is*********** :https://stagesupport.netgear.com/support/product/wnr2020v2/
The elements text size under current version of above link********** : 3
Total links are 6
Link is:*********** https://www.downloads.netgear.com/files/GDC/WNR2020/N300-V1.1.0.62_1.0.1.zip
Link is:*********** http://kb.netgear.com/000061445
Link is:*********** https://updates1.netgear.com/netgeargenie/mac/update/NETGEARGenieInstaller.dmg
Link is:*********** http://kb.netgear.com/000037853
Link is:*********** https://updates1.netgear.com/netgeargenie/update/NETGEARGenie-install.exe
Link is:*********** http://kb.netgear.com/000037853
The link is*********** :https://stagesupport.netgear.com/support/product/wnr2200/
The elements text size under current version of above link********** : 4
Total links are 7
Link is:*********** https://www.downloads.netgear.com/files/GDC/WNR2200/WNR2200-V1.0.1.102.zip
Link is:*********** http://kb.netgear.com/000049009
Link is:*********** https://updates1.netgear.com/netgeargenie/mac/update/NETGEARGenieInstaller.dmg
Link is:*********** http://kb.netgear.com/000037853
Link is:*********** https://updates1.netgear.com/netgeargenie/update/NETGEARGenie-install.exe
Link is:*********** http://kb.netgear.com/000037853
Link is:*********** https://www.downloads.netgear.com/files/GDC/WNR2200/ReadySHARE%20Access.zip
The link is*********** :https://stagesupport.netgear.com/support/product/wnr2500/
The elements text size under current version of above link********** : 3
Total links are 6
Link is:*********** https://www.downloads.netgear.com/files/GDC/WNR2500/WNR2500-V1.0.0.34NA.zip
Link is:*********** http://kb.netgear.com/000044715
Link is:*********** https://updates1.netgear.com/netgeargenie/mac/update/NETGEARGenieInstaller.dmg
Link is:*********** http://kb.netgear.com/000037853
Link is:*********** https://updates1.netgear.com/netgeargenie/update/NETGEARGenie-install.exe
Link is:*********** http://kb.netgear.com/000037853
The link is*********** :https://stagesupport.netgear.com/support/product/wnr3500lv1/
The elements text size under current version of above link********** : 2
Total links are 3
Link is:*********** https://www.downloads.netgear.com/files/GDC/WNR3500LV1/WNR3500L_V1.2.2.48_35.0.55NA.zip
Link is:*********** http://kb.netgear.com/app/answers/detail/a_id/23746
Link is:*********** https://www.downloads.netgear.com/files/GDC/WNR3500Lv1/WNR3500Lv1_ReadySHARE%20Access.zip
The link is*********** :https://stagesupport.netgear.com/support/product/wnr3500lv2/
The elements text size under current version of above link********** : 4
Total links are 7
Link is:*********** https://www.downloads.netgear.com/files/GDC/WNR3500Lv2/WNR3500Lv2-V1.2.0.72_50.0.115.zip
Link is:*********** https://kb.netgear.com/000064663
Link is:*********** https://updates1.netgear.com/netgeargenie/mac/update/NETGEARGenieInstaller.dmg
Link is:*********** http://kb.netgear.com/000037853
Link is:*********** https://updates1.netgear.com/netgeargenie/update/NETGEARGenie-install.exe
Link is:*********** http://kb.netgear.com/000037853
Link is:*********** https://www.downloads.netgear.com/files/GDC/WNR3500LV2/ReadyShare%20Connect%20Utility.zip
The link is*********** :https://stagesupport.netgear.com/support/product/wnr3500v1/
The elements text size under current version of above link********** : 1
Total links are 1
Link is:*********** https://www.downloads.netgear.com/files/GDC/WNR3500v1/WNR3500%20Firmware%20Version%201.0.36%20(North%20America).zip
The link is*********** :https://stagesupport.netgear.com/support/product/wnr3500v2/
The elements text size under current version of above link********** : 2
Total links are 2
Link is:*********** https://www.downloads.netgear.com/files/GDC/WNR3500V2/WNR3500v2%20Firmware%20Version%201.2.2.28%20(North%20America).zip
Link is:*********** https://www.downloads.netgear.com/files/GDC/WNR3500V2/WNR3500v2%20Firmware%20Version%201.2.2.28%20(All%20regions%20except%20North%20America).zip
The link is*********** :https://stagesupport.netgear.com/support/product/wnr612v2/
The elements text size under current version of above link********** : 3
Total links are 3
Link is:*********** https://www.downloads.netgear.com/files/GDC/WNR612v2/wnr612v2-V1.0.0.3_1.0.2.zip
Link is:*********** https://www.downloads.netgear.com/files/GDC/WNR612v2/wnr612v2-V1.0.0.3_1.0.2PR.zip
Link is:*********** https://www.downloads.netgear.com/files/GDC/WNR612v2/wnr612v2-V1.0.0.3_1.0.2RU.zip
The link is*********** :https://stagesupport.netgear.com/support/product/wnr612v3/
The elements text size under current version of above link********** : 3
Total links are 6
Link is:*********** https://www.downloads.netgear.com/files/GDC/WNR612V3/WNR612v3_WNR500_V1.0.0.26.zip
Link is:*********** http://kb.netgear.com/app/answers/detail/a_id/30189
Link is:*********** https://updates1.netgear.com/netgeargenie/mac/update/NETGEARGenieInstaller.dmg
Link is:*********** http://kb.netgear.com/000037853
Link is:*********** https://updates1.netgear.com/netgeargenie/update/NETGEARGenie-install.exe
Link is:*********** http://kb.netgear.com/000037853
The link is*********** :https://stagesupport.netgear.com/support/product/wnr614/
The elements text size under current version of above link********** : 3
Total links are 6
Link is:*********** https://www.downloads.netgear.com/files/GDC/JNR1010V2/N300-V1.1.0.54_1.0.1.zip
Link is:*********** http://kb.netgear.com/000059663
Link is:*********** https://updates1.netgear.com/netgeargenie/mac/update/NETGEARGenieInstaller.dmg
Link is:*********** http://kb.netgear.com/000037853
Link is:*********** https://updates1.netgear.com/netgeargenie/update/NETGEARGenie-install.exe
Link is:*********** http://kb.netgear.com/000037853
The link is*********** :https://stagesupport.netgear.com/support/product/wnr618/
The elements text size under current version of above link********** : 3
Total links are 6
Link is:*********** https://www.downloads.netgear.com/files/GDC/JNR1010V2/N300-V1.1.0.54_1.0.1.zip
Link is:*********** http://kb.netgear.com/000059663
Link is:*********** https://updates1.netgear.com/netgeargenie/mac/update/NETGEARGenieInstaller.dmg
Link is:*********** http://kb.netgear.com/000037853
Link is:*********** https://updates1.netgear.com/netgeargenie/update/NETGEARGenie-install.exe
Link is:*********** http://kb.netgear.com/000037853
The link is*********** :https://stagesupport.netgear.com/support/product/wnr834bv1/
The elements text size under current version of above link********** : 2
Total links are 2
Link is:*********** https://www.downloads.netgear.com/files/GDC/WNR834Bv1/WNR834B%20Firmware%20Version%201.0.4.2%20(North%20America).zip
Link is:*********** https://www.downloads.netgear.com/files/GDC/WNR834Bv1/WNR834B%20Firmware%20Version%201.0.4.2%20(All%20regions%20except%20North%20America).zip
The link is*********** :https://stagesupport.netgear.com/support/product/wnr834bv2/
The elements text size under current version of above link********** : 2
Total links are 2
Link is:*********** https://www.downloads.netgear.com/files/GDC/WNR834BV2/wnr834bv2_2_1_13_na_only.zip
Link is:*********** https://www.downloads.netgear.com/files/GDC/WNR834BV2/wnr834bBv2_2_1_13_2_1_13_ww.zip
The link is*********** :https://stagesupport.netgear.com/support/product/wnr834m/
The elements text size under current version of above link********** : 1
Total links are 1
Link is:*********** https://www.downloads.netgear.com/files/GDC/WNR834M/WNR834M%20Firmware%20Version%201.4.23%20(North%20America).zip
The link is*********** :https://stagesupport.netgear.com/support/product/wnr854t/
The elements text size under current version of above link********** : 2
Total links are 4
Link is:*********** https://www.downloads.netgear.com/files/GDC/WNR854T/WNR854T_V1.5.2NA.zip
Link is:*********** https://kb.netgear.com/000038831
Link is:*********** https://www.downloads.netgear.com/files/GDC/WNR854T/WNR854T_V1.5.2WW.zip
Link is:*********** https://kb.netgear.com/000038831
The link is*********** :https://stagesupport.netgear.com/support/product/wpn824n/
The elements text size under current version of above link********** : 2
Total links are 2
Link is:*********** https://www.downloads.netgear.com/files/GDC/WPN824N/WPN824N-V1.0.0.28.zip
Link is:*********** https://www.downloads.netgear.com/files/GDC/WPN824N/WPN824N-V1.0.0.28NA.zip
The link is*********** :https://stagesupport.netgear.com/support/product/wpn824v1/
The elements text size under current version of above link********** : 1
Total links are 1
Link is:*********** https://www.downloads.netgear.com/files/GDC/WPN824V1/WPN824v1%20Firmware%20Version%20V2.0.15.zip
The link is*********** :https://stagesupport.netgear.com/support/product/wpn824v2/
The elements text size under current version of above link********** : 2
Total links are 2
Link is:*********** https://www.downloads.netgear.com/files/GDC/WPN824V2/WPN824v2%20Firmware%20Version%202.0.26%20(NA).zip
Link is:*********** https://www.downloads.netgear.com/files/GDC/WPN824V2/WPN824v2%20Firmware%20Version%202.0.26%20(WW).zip
The link is*********** :https://stagesupport.netgear.com/support/product/wpn824v3/
The elements text size under current version of above link********** : 2
Total links are 2
Link is:*********** https://www.downloads.netgear.com/files/GDC/WPN824V3/WPN824V3-V1.0.8_1.0.7NA.zip
Link is:*********** https://www.downloads.netgear.com/files/GDC/WPN824V3/WNR1000v3-V1.0.2.26_51.0.59.zip
The link is*********** :https://stagesupport.netgear.com/support/product/wpnt834/
The elements text size under current version of above link********** : 2
Total links are 2
Link is:*********** https://www.downloads.netgear.com/files/GDC/WPNT834/WPNT834%20Firmware%20Version%201.0.51%20(North%20America).zip
Link is:*********** https://www.downloads.netgear.com/files/GDC/WPNT834/WPNT834%20Firmware%20Version%201.0.51%20(All%20regions%20except%20North%20America).zip
]]></system-out>
    <system-err><![CDATA[SLF4J(W): No SLF4J providers were found.
SLF4J(W): Defaulting to no-operation (NOP) logger implementation
SLF4J(W): See https://www.slf4j.org/codes.html#noProviders for further details.
Mar 27, 2025 6:59:35 PM org.openqa.selenium.devtools.CdpVersionFinder findNearestMatch
WARNING: Unable to find an exact match for CDP version 134, returning the closest version; found: 130; Please update to a Selenium version that supports CDP version 134
]]></system-err>
  </testcase>
</testsuite>