<?xml version="1.0" encoding="UTF-8"?>
<!-- Generated by org.testng.reporters.JUnitReportReporter -->
<testsuite hostname="DESKTOP-C5VDROC" failures="0" tests="1" name="com.netgear.test.ExtractProduct" time="3392.021" errors="0" timestamp="2025-03-27T19:56:06 IST" skipped="0">
  <testcase classname="com.netgear.test.ExtractProduct" name="listOfProducts" time="3392.021"/>
  <system-out/>
</testsuite> <!-- com.netgear.test.ExtractProduct -->
