<?xml version="1.0" encoding="UTF-8"?>
<!-- Generated by org.testng.reporters.JUnitReportReporter -->
<testsuite hostname="DESKTOP-C5VDROC" failures="0" tests="1" name="com.netgear.test.ExtractProduct" time="619.174" errors="0" timestamp="2025-03-28T19:25:58 IST" skipped="0">
  <testcase classname="com.netgear.test.ExtractProduct" name="listOfProducts" time="619.174"/>
  <system-out/>
</testsuite> <!-- com.netgear.test.ExtractProduct -->
